{"numFailedTestSuites":2,"numFailedTests":2,"numPassedTestSuites":8,"numPassedTests":67,"numPendingTestSuites":0,"numPendingTests":0,"numRuntimeErrorTestSuites":0,"numTodoTests":0,"numTotalTestSuites":10,"numTotalTests":69,"openHandles":[],"snapshot":{"added":0,"didUpdate":false,"failure":false,"filesAdded":0,"filesRemoved":0,"filesRemovedList":[],"filesUnmatched":0,"filesUpdated":0,"matched":0,"total":0,"unchecked":0,"uncheckedKeysByFile":[],"unmatched":0,"updated":0},"startTime":1766491576023,"success":false,"testResults":[{"assertionResults":[{"ancestorTitles":["ActiveShipments Component"],"duration":1082,"failureDetails":[{"name":"TestingLibraryElementError"}],"failureMessages":["Error: Unable to find an element with the text: TRK001. This could be because the text is broken up by multiple elements. In this case, you can provide a function for your text matcher to make your matcher more flexible.\n\nIgnored nodes: comments, script, style\n\u001b[36m<body\u001b[39m\n  \u001b[33mstyle\u001b[39m=\u001b[32m\"overflow: unset;\"\u001b[39m\n\u001b[36m>\u001b[39m\n  \u001b[36m<div>\u001b[39m\n    \u001b[36m<div\u001b[39m\n      \u001b[33mclass\u001b[39m=\u001b[32m\"min-h-screen bg-gradient-to-br from-slate-50 via-white to-blue-50\"\u001b[39m\n    \u001b[36m>\u001b[39m\n      \u001b[36m<div\u001b[39m\n        \u001b[33mdata-testid\u001b[39m=\u001b[32m\"helmet\"\u001b[39m\n      \u001b[36m>\u001b[39m\n        \u001b[36m<title>\u001b[39m\n          \u001b[0mAktif Yükler - YolNext Nakliyeci\u001b[0m\n        \u001b[36m</title>\u001b[39m\n        \u001b[36m<meta\u001b[39m\n          \u001b[33mcontent\u001b[39m=\u001b[32m\"Aktif yüklerinizi takip edin\"\u001b[39m\n          \u001b[33mname\u001b[39m=\u001b[32m\"description\"\u001b[39m\n        \u001b[36m/>\u001b[39m\n      \u001b[36m</div>\u001b[39m\n      \u001b[36m<div\u001b[39m\n        \u001b[33mclass\u001b[39m=\u001b[32m\"max-w-7xl mx-auto px-3 sm:px-4 py-4 sm:py-6\"\u001b[39m\n      \u001b[36m>\u001b[39m\n        \u001b[36m<div\u001b[39m\n          \u001b[33mclass\u001b[39m=\u001b[32m\"mb-4 sm:mb-6\"\u001b[39m\n        \u001b[36m>\u001b[39m\n          \u001b[36m<div\u001b[39m\n            \u001b[33mdata-testid\u001b[39m=\u001b[32m\"breadcrumb\"\u001b[39m\n          \u001b[36m>\u001b[39m\n            \u001b[0mAktif Yükler\u001b[0m\n          \u001b[36m</div>\u001b[39m\n        \u001b[36m</div>\u001b[39m\n        \u001b[36m<div\u001b[39m\n          \u001b[33mclass\u001b[39m=\u001b[32m\"mb-6\"\u001b[39m\n        \u001b[36m>\u001b[39m\n          \u001b[36m<div\u001b[39m\n            \u001b[33mclass\u001b[39m=\u001b[32m\"w-full \"\u001b[39m\n          \u001b[36m>\u001b[39m\n            \u001b[36m<div\u001b[39m\n              \u001b[33mclass\u001b[39m=\u001b[32m\"flex justify-end\"\u001b[39m\n            \u001b[36m>\u001b[39m\n              \u001b[36m<button\u001b[39m\n                \u001b[33mclass\u001b[39m=\u001b[32m\"text-xs sm:text-sm font-semibold text-slate-600 hover:text-slate-900 underline underline-offset-4\"\u001b[39m\n                \u001b[33mtype\u001b[39m=\u001b[32m\"button\"\u001b[39m\n              \u001b[36m>\u001b[39m\n                \u001b[0mYardım / Tekrar Göster\u001b[0m\n              \u001b[36m</button>\u001b[39m\n            \u001b[36m</div>\u001b[39m\n          \u001b[36m</div>\u001b[39m\n        \u001b[36m</div>\u001b[39m\n        \u001b[36m<div\u001b[39m\n          \u001b[33mclass\u001b[39m=\u001b[32m\"text-center mb-6 sm:mb-8 md:mb-12\"\u001b[39m\n        \u001b[36m>\u001b[39m\n          \u001b[36m<div\u001b[39m\n            \u001b[33mclass\u001b[39m=\u001b[32m\"flex justify-center mb-3 sm:mb-4 md:mb-6\"\u001b[39m\n          \u001b[36m>\u001b[39m\n            \u001b[36m<div\u001b[39m\n              \u001b[33mclass\u001b[39m=\u001b[32m\"w-10 h-10 sm:w-12 sm:h-12 md:w-16 md:h-16 bg-gradient-to-br from-slate-800 to-blue-900 rounded-lg sm:rounded-xl md:rounded-2xl flex items-center justify-center shadow-lg\"\u001b[39m\n            \u001b[36m>\u001b[39m\n              \u001b[36m<svg\u001b[39m\n                \u001b[33mclass\u001b[39m=\u001b[32m\"lucide lucide-package w-5 h-5 sm:w-6 sm:h-6 md:w-8 md:h-8 text-white\"\u001b[39m\n                \u001b[33mfill\u001b[39m=\u001b[32m\"none\"\u001b[39m\n                \u001b[33mheight\u001b[39m=\u001b[32m\"24\"\u001b[39m\n                \u001b[33mstroke\u001b[39m=\u001b[32m\"currentColor\"\u001b[39m\n                \u001b[33mstroke-linecap\u001b[39m=\u001b[32m\"round\"\u001b[39m\n                \u001b[33mstroke-linejoin\u001b[39m=\u001b[32m\"round\"\u001b[39m\n                \u001b[33mstroke-width\u001b[39m=\u001b[32m\"2\"\u001b[39m\n                \u001b[33mviewBox\u001b[39m=\u001b[32m\"0 0 24 24\"\u001b[39m\n                \u001b[33mwidth\u001b[39m=\u001b[32m\"24\"\u001b[39m\n                \u001b[33mxmlns\u001b[39m=\u001b[32m\"http://www.w3.org/2000/svg\"\u001b[39m\n              \u001b[36m>\u001b[39m\n                \u001b[36m<path\u001b[39m\n                  \u001b[33md\u001b[39m=\u001b[32m\"m7.5 4.27 9 5.15\"\u001b[39m\n                \u001b[36m/>\u001b[39m\n                \u001b[36m<path\u001b[39m\n                  \u001b[33md\u001b[39m=\u001b[32m\"M21 8a2 2 0 0 0-1-1.73l-7-4a2 2 0 0 0-2 0l-7 4A2 2 0 0 0 3 8v8a2 2 0 0 0 1 1.73l7 4a2 2 0 0 0 2 0l7-4A2 2 0 0 0 21 16Z\"\u001b[39m\n                \u001b[36m/>\u001b[39m\n                \u001b[36m<path\u001b[39m\n                  \u001b[33md\u001b[39m=\u001b[32m\"m3.3 7 8.7 5 8.7-5\"\u001b[39m\n                \u001b[36m/>\u001b[39m\n                \u001b[36m<path\u001b[39m\n                  \u001b[33md\u001b[39m=\u001b[32m\"M12 22V12\"\u001b[39m\n                \u001b[36m/>\u001b[39m\n              \u001b[36m</svg>\u001b[39m\n            \u001b[36m</div>\u001b[39m\n          \u001b[36m</div>\u001b[39m\n          \u001b[36m<h1\u001b[39m\n            \u001b[33mclass\u001b[39m=\u001b[32m\"text-xl sm:text-2xl md:text-3xl lg:text-4xl xl:text-5xl font-bold text-slate-900 mb-2 sm:mb-3\"\u001b[39m\n          \u001b[36m>\u001b[39m\n            \u001b[0mAktif Yükler\u001b[0m\n          \u001b[36m</h1>\u001b[39m\n          \u001b[36m<p\u001b[39m\n            \u001b[33mclass\u001b[39m=\u001b[32m\"text-xs sm:text-sm md:text-base lg:text-lg text-slate-600 px-2 sm:px-4\"\u001b[39m\n          \u001b[36m>\u001b[39m\n            \u001b[0mTüm gönderilerinizi tek ekranda görüntüleyin ve yönetin\u001b[0m\n          \u001b[36m</p>\u001b[39m\n        \u001b[36m</div>\u001b[39m\n        \u001b[36m<div\u001b[39m\n          \u001b[33mclass\u001b[39m=\u001b[32m\"flex justify-center mb-6 sm:mb-8\"\u001b[39m\n        \u001b[36m>\u001b[39m\n          \u001b[36m<div\u001b[39m\n            \u001b[33mclass\u001b[39m=\u001b[32m\"flex flex-wrap gap-2 sm:gap-3\"\u001b[39m\n          \u001b[36m>\u001b[39m\n            \u001b[36m<button\u001b[39m\n              \u001b[33mclass\u001b[39m=\u001b[32m\"flex items-center gap-1 sm:gap-2 px-3 sm:px-4 py-2 bg-white text-slate-700 rounded-lg hover:bg-slate-50 transition-colors shadow-lg border border-slate-200 text-sm sm:text-base disabled:opacity-60 disabled:cursor-not-allowed\"\u001b[39m\n            \u001b[36m>\u001b[39m\n              \u001b[36m<svg\u001b[39m\n                \u001b[33mclass\u001b[39m=\u001b[32m\"lucide lucide-refresh-cw w-3 h-3 sm:w-4 sm:h-4\"\u001b[39m\n                \u001b[33mfill\u001b[39m=\u001b[32m\"none\"\u001b[39m\n                \u001b[33mheight\u001b[39m=\u001b[32m\"24\"\u001b[39m\n                \u001b[33mstroke\u001b[39m=\u001b[32m\"currentColor\"\u001b[39m\n                \u001b[33mstroke-linecap\u001b[39m=\u001b[32m\"round\"\u001b[39m\n                \u001b[33mstroke-linejoin\u001b[39m=\u001b[32m\"round\"\u001b[39m\n                \u001b[33mstroke-width\u001b[39m=\u001b[32m\"2\"\u001b[39m\n                \u001b[33mviewBox\u001b[39m=\u001b[32m\"0 0 24 24\"\u001b[39m\n                \u001b[33mwidth\u001b[39m=\u001b[32m\"24\"\u001b[39m\n                \u001b[33mxmlns\u001b[39m=\u001b[32m\"http://www.w3.org/2000/svg\"\u001b[39m\n              \u001b[36m>\u001b[39m\n                \u001b[36m<path\u001b[39m\n                  \u001b[33md\u001b[39m=\u001b[32m\"M3 12a9 9 0 0 1 9-9 9.75 9.75 0 0 1 6.74 2.74L21 8\"\u001b[39m\n                \u001b[36m/>\u001b[39m\n                \u001b[36m<path\u001b[39m\n                  \u001b[33md\u001b[39m=\u001b[32m\"M21 3v5h-5\"\u001b[39m\n                \u001b[36m/>\u001b[39m\n                \u001b[36m<path\u001b[39m\n                  \u001b[33md\u001b[39m=\u001b[32m\"M21 12a9 9 0 0 1-9 9 9.75 9.75 0 0 1-6.74-2.74L3 16\"\u001b[39m\n                \u001b[36m/>\u001b[39m\n                \u001b[36m<path\u001b[39m\n                  \u001b[33md\u001b[39m=\u001b[32m\"M8 16H3v5\"\u001b[39m\n                \u001b[36m/>\u001b[39m\n              \u001b[36m</svg>\u001b[39m\n              \u001b[36m<span\u001b[39m\n                \u001b[33mclass\u001b[39m=\u001b[32m\"hidden sm:inline\"\u001b[39m\n              \u001b[36m>\u001b[39m\n                \u001b[0mYenile\u001b[0m\n              \u001b[36m</span>\u001b[39m\n              \u001b[36m<span\u001b[39m\n                \u001b[33mclass\u001b[39m=\u001b[32m\"sm:hidden\"\u001b[39m\n              \u001b[36m>\u001b[39m\n                \u001b[0m↻\u001b[0m\n              \u001b[36m</span>\u001b[39m\n            \u001b[36m</button>\u001b[39m\n          \u001b[36m</div>\u001b[39m\n        \u001b[36m</div>\u001b[39m\n        \u001b[36m<div\u001b[39m\n          \u001b[33mclass\u001b[39m=\u001b[32m\"bg-white rounded-xl p-3 sm:p-4 md:p-6 shadow-lg border border-gray-200 mb-4 sm:mb-6\"\u001b[39m\n        \u001b[36m>\u001b[39m\n          \u001b[36m<div\u001b[39m\n            \u001b[33mclass\u001b[39m=\u001b[32m\"flex flex-col gap-3 sm:gap-4\"\u001b[39m\n          \u001b[36m>\u001b[39m\n            \u001b[36m<div\u001b[39m\n              \u001b[33mclass\u001b[39m=\u001b[32m\"flex-1\"\u001b[39m\n            \u001b[36m>\u001b[39m\n              \u001b[36m<div\u001b[39m\n                \u001b[33mclass\u001b[39m=\u001b[32m\"relative\"\u001b[39m\n              \u001b[36m>\u001b[39m\n                \u001b[36m<svg\u001b[39m\n                  \u001b[33mclass\u001b[39m=\u001b[32m\"lucide lucide-search absolute left-2 sm:left-3 top-1/2 transform -translate-y-1/2 text-gray-400 w-3 h-3 sm:w-4 sm:h-4\"\u001b[39m\n                  \u001b[33mfill\u001b[39m=\u001b[32m\"none\"\u001b[39m...\n    at waitForWrapper (C:\\Projects\\YOLNEXT\\node_modules\\@testing-library\\react\\node_modules\\@testing-library\\dom\\dist\\wait-for.js:166:27)\n    at Object.<anonymous> (C:\\Projects\\YOLNEXT\\src\\pages\\__tests__\\ActiveShipments.test.tsx:122:18)\n    at Promise.then.completed (C:\\Projects\\YOLNEXT\\node_modules\\jest-circus\\build\\utils.js:298:28)\n    at new Promise (<anonymous>)\n    at callAsyncCircusFn (C:\\Projects\\YOLNEXT\\node_modules\\jest-circus\\build\\utils.js:231:10)\n    at _callCircusTest (C:\\Projects\\YOLNEXT\\node_modules\\jest-circus\\build\\run.js:316:40)\n    at _runTest (C:\\Projects\\YOLNEXT\\node_modules\\jest-circus\\build\\run.js:252:3)\n    at _runTestsForDescribeBlock (C:\\Projects\\YOLNEXT\\node_modules\\jest-circus\\build\\run.js:126:9)\n    at _runTestsForDescribeBlock (C:\\Projects\\YOLNEXT\\node_modules\\jest-circus\\build\\run.js:121:9)\n    at run (C:\\Projects\\YOLNEXT\\node_modules\\jest-circus\\build\\run.js:71:3)\n    at runAndTransformResultsToJestFormat (C:\\Projects\\YOLNEXT\\node_modules\\jest-circus\\build\\legacy-code-todo-rewrite\\jestAdapterInit.js:122:21)\n    at jestAdapter (C:\\Projects\\YOLNEXT\\node_modules\\jest-circus\\build\\legacy-code-todo-rewrite\\jestAdapter.js:79:19)\n    at runTestInternal (C:\\Projects\\YOLNEXT\\node_modules\\jest-runner\\build\\runTest.js:367:16)\n    at runTest (C:\\Projects\\YOLNEXT\\node_modules\\jest-runner\\build\\runTest.js:444:34)"],"fullName":"ActiveShipments Component renders shipments list correctly","invocations":1,"location":null,"numPassingAsserts":0,"retryReasons":[],"status":"failed","title":"renders shipments list correctly"},{"ancestorTitles":["ActiveShipments Component"],"duration":4,"failureDetails":[],"failureMessages":[],"fullName":"ActiveShipments Component shows loading state","invocations":1,"location":null,"numPassingAsserts":1,"retryReasons":[],"status":"passed","title":"shows loading state"},{"ancestorTitles":["ActiveShipments Component"],"duration":12,"failureDetails":[],"failureMessages":[],"fullName":"ActiveShipments Component shows empty state when no shipments","invocations":1,"location":null,"numPassingAsserts":1,"retryReasons":[],"status":"passed","title":"shows empty state when no shipments"}],"endTime":1766491579296,"message":"\u001b[1m\u001b[31m  \u001b[1m● \u001b[22m\u001b[1mActiveShipments Component › renders shipments list correctly\u001b[39m\u001b[22m\n\n    Unable to find an element with the text: TRK001. This could be because the text is broken up by multiple elements. In this case, you can provide a function for your text matcher to make your matcher more flexible.\n\n    Ignored nodes: comments, script, style\n    \u001b[36m<body\u001b[39m\n      \u001b[33mstyle\u001b[39m=\u001b[32m\"overflow: unset;\"\u001b[39m\n    \u001b[36m>\u001b[39m\n      \u001b[36m<div>\u001b[39m\n        \u001b[36m<div\u001b[39m\n          \u001b[33mclass\u001b[39m=\u001b[32m\"min-h-screen bg-gradient-to-br from-slate-50 via-white to-blue-50\"\u001b[39m\n        \u001b[36m>\u001b[39m\n          \u001b[36m<div\u001b[39m\n            \u001b[33mdata-testid\u001b[39m=\u001b[32m\"helmet\"\u001b[39m\n          \u001b[36m>\u001b[39m\n            \u001b[36m<title>\u001b[39m\n              \u001b[0mAktif Yükler - YolNext Nakliyeci\u001b[0m\n            \u001b[36m</title>\u001b[39m\n            \u001b[36m<meta\u001b[39m\n              \u001b[33mcontent\u001b[39m=\u001b[32m\"Aktif yüklerinizi takip edin\"\u001b[39m\n              \u001b[33mname\u001b[39m=\u001b[32m\"description\"\u001b[39m\n            \u001b[36m/>\u001b[39m\n          \u001b[36m</div>\u001b[39m\n          \u001b[36m<div\u001b[39m\n            \u001b[33mclass\u001b[39m=\u001b[32m\"max-w-7xl mx-auto px-3 sm:px-4 py-4 sm:py-6\"\u001b[39m\n          \u001b[36m>\u001b[39m\n            \u001b[36m<div\u001b[39m\n              \u001b[33mclass\u001b[39m=\u001b[32m\"mb-4 sm:mb-6\"\u001b[39m\n            \u001b[36m>\u001b[39m\n              \u001b[36m<div\u001b[39m\n                \u001b[33mdata-testid\u001b[39m=\u001b[32m\"breadcrumb\"\u001b[39m\n              \u001b[36m>\u001b[39m\n                \u001b[0mAktif Yükler\u001b[0m\n              \u001b[36m</div>\u001b[39m\n            \u001b[36m</div>\u001b[39m\n            \u001b[36m<div\u001b[39m\n              \u001b[33mclass\u001b[39m=\u001b[32m\"mb-6\"\u001b[39m\n            \u001b[36m>\u001b[39m\n              \u001b[36m<div\u001b[39m\n                \u001b[33mclass\u001b[39m=\u001b[32m\"w-full \"\u001b[39m\n              \u001b[36m>\u001b[39m\n                \u001b[36m<div\u001b[39m\n                  \u001b[33mclass\u001b[39m=\u001b[32m\"flex justify-end\"\u001b[39m\n                \u001b[36m>\u001b[39m\n                  \u001b[36m<button\u001b[39m\n                    \u001b[33mclass\u001b[39m=\u001b[32m\"text-xs sm:text-sm font-semibold text-slate-600 hover:text-slate-900 underline underline-offset-4\"\u001b[39m\n                    \u001b[33mtype\u001b[39m=\u001b[32m\"button\"\u001b[39m\n                  \u001b[36m>\u001b[39m\n                    \u001b[0mYardım / Tekrar Göster\u001b[0m\n                  \u001b[36m</button>\u001b[39m\n                \u001b[36m</div>\u001b[39m\n              \u001b[36m</div>\u001b[39m\n            \u001b[36m</div>\u001b[39m\n            \u001b[36m<div\u001b[39m\n              \u001b[33mclass\u001b[39m=\u001b[32m\"text-center mb-6 sm:mb-8 md:mb-12\"\u001b[39m\n            \u001b[36m>\u001b[39m\n              \u001b[36m<div\u001b[39m\n                \u001b[33mclass\u001b[39m=\u001b[32m\"flex justify-center mb-3 sm:mb-4 md:mb-6\"\u001b[39m\n              \u001b[36m>\u001b[39m\n                \u001b[36m<div\u001b[39m\n                  \u001b[33mclass\u001b[39m=\u001b[32m\"w-10 h-10 sm:w-12 sm:h-12 md:w-16 md:h-16 bg-gradient-to-br from-slate-800 to-blue-900 rounded-lg sm:rounded-xl md:rounded-2xl flex items-center justify-center shadow-lg\"\u001b[39m\n                \u001b[36m>\u001b[39m\n                  \u001b[36m<svg\u001b[39m\n                    \u001b[33mclass\u001b[39m=\u001b[32m\"lucide lucide-package w-5 h-5 sm:w-6 sm:h-6 md:w-8 md:h-8 text-white\"\u001b[39m\n                    \u001b[33mfill\u001b[39m=\u001b[32m\"none\"\u001b[39m\n                    \u001b[33mheight\u001b[39m=\u001b[32m\"24\"\u001b[39m\n                    \u001b[33mstroke\u001b[39m=\u001b[32m\"currentColor\"\u001b[39m\n                    \u001b[33mstroke-linecap\u001b[39m=\u001b[32m\"round\"\u001b[39m\n                    \u001b[33mstroke-linejoin\u001b[39m=\u001b[32m\"round\"\u001b[39m\n                    \u001b[33mstroke-width\u001b[39m=\u001b[32m\"2\"\u001b[39m\n                    \u001b[33mviewBox\u001b[39m=\u001b[32m\"0 0 24 24\"\u001b[39m\n                    \u001b[33mwidth\u001b[39m=\u001b[32m\"24\"\u001b[39m\n                    \u001b[33mxmlns\u001b[39m=\u001b[32m\"http://www.w3.org/2000/svg\"\u001b[39m\n                  \u001b[36m>\u001b[39m\n                    \u001b[36m<path\u001b[39m\n                      \u001b[33md\u001b[39m=\u001b[32m\"m7.5 4.27 9 5.15\"\u001b[39m\n                    \u001b[36m/>\u001b[39m\n                    \u001b[36m<path\u001b[39m\n                      \u001b[33md\u001b[39m=\u001b[32m\"M21 8a2 2 0 0 0-1-1.73l-7-4a2 2 0 0 0-2 0l-7 4A2 2 0 0 0 3 8v8a2 2 0 0 0 1 1.73l7 4a2 2 0 0 0 2 0l7-4A2 2 0 0 0 21 16Z\"\u001b[39m\n                    \u001b[36m/>\u001b[39m\n                    \u001b[36m<path\u001b[39m\n                      \u001b[33md\u001b[39m=\u001b[32m\"m3.3 7 8.7 5 8.7-5\"\u001b[39m\n                    \u001b[36m/>\u001b[39m\n                    \u001b[36m<path\u001b[39m\n                      \u001b[33md\u001b[39m=\u001b[32m\"M12 22V12\"\u001b[39m\n                    \u001b[36m/>\u001b[39m\n                  \u001b[36m</svg>\u001b[39m\n                \u001b[36m</div>\u001b[39m\n              \u001b[36m</div>\u001b[39m\n              \u001b[36m<h1\u001b[39m\n                \u001b[33mclass\u001b[39m=\u001b[32m\"text-xl sm:text-2xl md:text-3xl lg:text-4xl xl:text-5xl font-bold text-slate-900 mb-2 sm:mb-3\"\u001b[39m\n              \u001b[36m>\u001b[39m\n                \u001b[0mAktif Yükler\u001b[0m\n              \u001b[36m</h1>\u001b[39m\n              \u001b[36m<p\u001b[39m\n                \u001b[33mclass\u001b[39m=\u001b[32m\"text-xs sm:text-sm md:text-base lg:text-lg text-slate-600 px-2 sm:px-4\"\u001b[39m\n              \u001b[36m>\u001b[39m\n                \u001b[0mTüm gönderilerinizi tek ekranda görüntüleyin ve yönetin\u001b[0m\n              \u001b[36m</p>\u001b[39m\n            \u001b[36m</div>\u001b[39m\n            \u001b[36m<div\u001b[39m\n              \u001b[33mclass\u001b[39m=\u001b[32m\"flex justify-center mb-6 sm:mb-8\"\u001b[39m\n            \u001b[36m>\u001b[39m\n              \u001b[36m<div\u001b[39m\n                \u001b[33mclass\u001b[39m=\u001b[32m\"flex flex-wrap gap-2 sm:gap-3\"\u001b[39m\n              \u001b[36m>\u001b[39m\n                \u001b[36m<button\u001b[39m\n                  \u001b[33mclass\u001b[39m=\u001b[32m\"flex items-center gap-1 sm:gap-2 px-3 sm:px-4 py-2 bg-white text-slate-700 rounded-lg hover:bg-slate-50 transition-colors shadow-lg border border-slate-200 text-sm sm:text-base disabled:opacity-60 disabled:cursor-not-allowed\"\u001b[39m\n                \u001b[36m>\u001b[39m\n                  \u001b[36m<svg\u001b[39m\n                    \u001b[33mclass\u001b[39m=\u001b[32m\"lucide lucide-refresh-cw w-3 h-3 sm:w-4 sm:h-4\"\u001b[39m\n                    \u001b[33mfill\u001b[39m=\u001b[32m\"none\"\u001b[39m\n                    \u001b[33mheight\u001b[39m=\u001b[32m\"24\"\u001b[39m\n                    \u001b[33mstroke\u001b[39m=\u001b[32m\"currentColor\"\u001b[39m\n                    \u001b[33mstroke-linecap\u001b[39m=\u001b[32m\"round\"\u001b[39m\n                    \u001b[33mstroke-linejoin\u001b[39m=\u001b[32m\"round\"\u001b[39m\n                    \u001b[33mstroke-width\u001b[39m=\u001b[32m\"2\"\u001b[39m\n                    \u001b[33mviewBox\u001b[39m=\u001b[32m\"0 0 24 24\"\u001b[39m\n                    \u001b[33mwidth\u001b[39m=\u001b[32m\"24\"\u001b[39m\n                    \u001b[33mxmlns\u001b[39m=\u001b[32m\"http://www.w3.org/2000/svg\"\u001b[39m\n                  \u001b[36m>\u001b[39m\n                    \u001b[36m<path\u001b[39m\n                      \u001b[33md\u001b[39m=\u001b[32m\"M3 12a9 9 0 0 1 9-9 9.75 9.75 0 0 1 6.74 2.74L21 8\"\u001b[39m\n                    \u001b[36m/>\u001b[39m\n                    \u001b[36m<path\u001b[39m\n                      \u001b[33md\u001b[39m=\u001b[32m\"M21 3v5h-5\"\u001b[39m\n                    \u001b[36m/>\u001b[39m\n                    \u001b[36m<path\u001b[39m\n                      \u001b[33md\u001b[39m=\u001b[32m\"M21 12a9 9 0 0 1-9 9 9.75 9.75 0 0 1-6.74-2.74L3 16\"\u001b[39m\n                    \u001b[36m/>\u001b[39m\n                    \u001b[36m<path\u001b[39m\n                      \u001b[33md\u001b[39m=\u001b[32m\"M8 16H3v5\"\u001b[39m\n                    \u001b[36m/>\u001b[39m\n                  \u001b[36m</svg>\u001b[39m\n                  \u001b[36m<span\u001b[39m\n                    \u001b[33mclass\u001b[39m=\u001b[32m\"hidden sm:inline\"\u001b[39m\n                  \u001b[36m>\u001b[39m\n                    \u001b[0mYenile\u001b[0m\n                  \u001b[36m</span>\u001b[39m\n                  \u001b[36m<span\u001b[39m\n                    \u001b[33mclass\u001b[39m=\u001b[32m\"sm:hidden\"\u001b[39m\n                  \u001b[36m>\u001b[39m\n                    \u001b[0m↻\u001b[0m\n                  \u001b[36m</span>\u001b[39m\n                \u001b[36m</button>\u001b[39m\n              \u001b[36m</div>\u001b[39m\n            \u001b[36m</div>\u001b[39m\n            \u001b[36m<div\u001b[39m\n              \u001b[33mclass\u001b[39m=\u001b[32m\"bg-white rounded-xl p-3 sm:p-4 md:p-6 shadow-lg border border-gray-200 mb-4 sm:mb-6\"\u001b[39m\n            \u001b[36m>\u001b[39m\n              \u001b[36m<div\u001b[39m\n                \u001b[33mclass\u001b[39m=\u001b[32m\"flex flex-col gap-3 sm:gap-4\"\u001b[39m\n              \u001b[36m>\u001b[39m\n                \u001b[36m<div\u001b[39m\n                  \u001b[33mclass\u001b[39m=\u001b[32m\"flex-1\"\u001b[39m\n                \u001b[36m>\u001b[39m\n                  \u001b[36m<div\u001b[39m\n                    \u001b[33mclass\u001b[39m=\u001b[32m\"relative\"\u001b[39m\n                  \u001b[36m>\u001b[39m\n                    \u001b[36m<svg\u001b[39m\n                      \u001b[33mclass\u001b[39m=\u001b[32m\"lucide lucide-search absolute left-2 sm:left-3 top-1/2 transform -translate-y-1/2 text-gray-400 w-3 h-3 sm:w-4 sm:h-4\"\u001b[39m\n                      \u001b[33mfill\u001b[39m=\u001b[32m\"none\"\u001b[39m...\n\u001b[2m\u001b[22m\n\u001b[2m    \u001b[0m \u001b[90m 120 |\u001b[39m     renderWithRouter(\u001b[33m<\u001b[39m\u001b[33mActiveShipments\u001b[39m \u001b[33m/\u001b[39m\u001b[33m>\u001b[39m)\u001b[33m;\u001b[39m\u001b[22m\n\u001b[2m     \u001b[90m 121 |\u001b[39m     \u001b[22m\n\u001b[2m    \u001b[31m\u001b[1m>\u001b[22m\u001b[2m\u001b[39m\u001b[90m 122 |\u001b[39m     \u001b[36mawait\u001b[39m waitFor(() \u001b[33m=>\u001b[39m {\u001b[22m\n\u001b[2m     \u001b[90m     |\u001b[39m                  \u001b[31m\u001b[1m^\u001b[22m\u001b[2m\u001b[39m\u001b[22m\n\u001b[2m     \u001b[90m 123 |\u001b[39m       expect(screen\u001b[33m.\u001b[39mgetByText(\u001b[32m'TRK001'\u001b[39m))\u001b[33m.\u001b[39mtoBeInTheDocument()\u001b[33m;\u001b[39m\u001b[22m\n\u001b[2m     \u001b[90m 124 |\u001b[39m     })\u001b[33m;\u001b[39m\u001b[22m\n\u001b[2m     \u001b[90m 125 |\u001b[39m   })\u001b[33m;\u001b[39m\u001b[0m\u001b[22m\n\u001b[2m\u001b[22m\n\u001b[2m      \u001b[2mat waitForWrapper (\u001b[22m\u001b[2mnode_modules/@testing-library/react/node_modules/@testing-library/dom/dist/wait-for.js\u001b[2m:166:27)\u001b[22m\u001b[2m\u001b[22m\n\u001b[2m      \u001b[2mat Object.<anonymous> (\u001b[22m\u001b[2m\u001b[0m\u001b[36msrc/pages/__tests__/ActiveShipments.test.tsx\u001b[39m\u001b[0m\u001b[2m:122:18)\u001b[22m\u001b[2m\u001b[22m\n","name":"C:\\Projects\\YOLNEXT\\src\\pages\\__tests__\\ActiveShipments.test.tsx","startTime":1766491577184,"status":"failed","summary":""},{"assertionResults":[{"ancestorTitles":["Card Component"],"duration":10,"failureDetails":[],"failureMessages":[],"fullName":"Card Component renders card with children","invocations":1,"location":null,"numPassingAsserts":2,"retryReasons":[],"status":"passed","title":"renders card with children"},{"ancestorTitles":["Card Component"],"duration":3,"failureDetails":[],"failureMessages":[],"fullName":"Card Component applies custom className","invocations":1,"location":null,"numPassingAsserts":1,"retryReasons":[],"status":"passed","title":"applies custom className"},{"ancestorTitles":["Card Component"],"duration":3,"failureDetails":[{"name":"TestingLibraryElementError"}],"failureMessages":["TestingLibraryElementError: Unable to find an element with the text: Test Title. This could be because the text is broken up by multiple elements. In this case, you can provide a function for your text matcher to make your matcher more flexible.\n\nIgnored nodes: comments, script, style\n\u001b[36m<body>\u001b[39m\n  \u001b[36m<div>\u001b[39m\n    \u001b[36m<div\u001b[39m\n      \u001b[33mclass\u001b[39m=\u001b[32m\"rounded-lg border bg-card text-card-foreground shadow-sm\"\u001b[39m\n      \u001b[33mtitle\u001b[39m=\u001b[32m\"Test Title\"\u001b[39m\n    \u001b[36m>\u001b[39m\n      \u001b[0mCard content\u001b[0m\n    \u001b[36m</div>\u001b[39m\n  \u001b[36m</div>\u001b[39m\n\u001b[36m</body>\u001b[39m\n    at Object.getElementError (C:\\Projects\\YOLNEXT\\node_modules\\@testing-library\\react\\node_modules\\@testing-library\\dom\\dist\\config.js:37:19)\n    at C:\\Projects\\YOLNEXT\\node_modules\\@testing-library\\react\\node_modules\\@testing-library\\dom\\dist\\query-helpers.js:76:38\n    at C:\\Projects\\YOLNEXT\\node_modules\\@testing-library\\react\\node_modules\\@testing-library\\dom\\dist\\query-helpers.js:52:17\n    at C:\\Projects\\YOLNEXT\\node_modules\\@testing-library\\react\\node_modules\\@testing-library\\dom\\dist\\query-helpers.js:95:19\n    at Object.<anonymous> (C:\\Projects\\YOLNEXT\\src\\components\\__tests__\\Card.test.tsx:32:19)\n    at Promise.then.completed (C:\\Projects\\YOLNEXT\\node_modules\\jest-circus\\build\\utils.js:298:28)\n    at new Promise (<anonymous>)\n    at callAsyncCircusFn (C:\\Projects\\YOLNEXT\\node_modules\\jest-circus\\build\\utils.js:231:10)\n    at _callCircusTest (C:\\Projects\\YOLNEXT\\node_modules\\jest-circus\\build\\run.js:316:40)\n    at _runTest (C:\\Projects\\YOLNEXT\\node_modules\\jest-circus\\build\\run.js:252:3)\n    at _runTestsForDescribeBlock (C:\\Projects\\YOLNEXT\\node_modules\\jest-circus\\build\\run.js:126:9)\n    at _runTestsForDescribeBlock (C:\\Projects\\YOLNEXT\\node_modules\\jest-circus\\build\\run.js:121:9)\n    at run (C:\\Projects\\YOLNEXT\\node_modules\\jest-circus\\build\\run.js:71:3)\n    at runAndTransformResultsToJestFormat (C:\\Projects\\YOLNEXT\\node_modules\\jest-circus\\build\\legacy-code-todo-rewrite\\jestAdapterInit.js:122:21)\n    at jestAdapter (C:\\Projects\\YOLNEXT\\node_modules\\jest-circus\\build\\legacy-code-todo-rewrite\\jestAdapter.js:79:19)\n    at runTestInternal (C:\\Projects\\YOLNEXT\\node_modules\\jest-runner\\build\\runTest.js:367:16)\n    at runTest (C:\\Projects\\YOLNEXT\\node_modules\\jest-runner\\build\\runTest.js:444:34)"],"fullName":"Card Component renders with title","invocations":1,"location":null,"numPassingAsserts":0,"retryReasons":[],"status":"failed","title":"renders with title"}],"endTime":1766491579536,"message":"\u001b[1m\u001b[31m  \u001b[1m● \u001b[22m\u001b[1mCard Component › renders with title\u001b[39m\u001b[22m\n\n    TestingLibraryElementError: Unable to find an element with the text: Test Title. This could be because the text is broken up by multiple elements. In this case, you can provide a function for your text matcher to make your matcher more flexible.\n\n    Ignored nodes: comments, script, style\n    \u001b[36m<body>\u001b[39m\n      \u001b[36m<div>\u001b[39m\n        \u001b[36m<div\u001b[39m\n          \u001b[33mclass\u001b[39m=\u001b[32m\"rounded-lg border bg-card text-card-foreground shadow-sm\"\u001b[39m\n          \u001b[33mtitle\u001b[39m=\u001b[32m\"Test Title\"\u001b[39m\n        \u001b[36m>\u001b[39m\n          \u001b[0mCard content\u001b[0m\n        \u001b[36m</div>\u001b[39m\n      \u001b[36m</div>\u001b[39m\n    \u001b[36m</body>\u001b[39m\n\u001b[2m\u001b[22m\n\u001b[2m    \u001b[0m \u001b[90m 30 |\u001b[39m   test(\u001b[32m'renders with title'\u001b[39m\u001b[33m,\u001b[39m () \u001b[33m=>\u001b[39m {\u001b[22m\n\u001b[2m     \u001b[90m 31 |\u001b[39m     render(\u001b[33m<\u001b[39m\u001b[33mCard\u001b[39m title\u001b[33m=\u001b[39m\u001b[32m\"Test Title\"\u001b[39m\u001b[33m>\u001b[39m\u001b[33mCard\u001b[39m content\u001b[33m<\u001b[39m\u001b[33m/\u001b[39m\u001b[33mCard\u001b[39m\u001b[33m>\u001b[39m)\u001b[33m;\u001b[39m\u001b[22m\n\u001b[2m    \u001b[31m\u001b[1m>\u001b[22m\u001b[2m\u001b[39m\u001b[90m 32 |\u001b[39m     expect(screen\u001b[33m.\u001b[39mgetByText(\u001b[32m'Test Title'\u001b[39m))\u001b[33m.\u001b[39mtoBeInTheDocument()\u001b[33m;\u001b[39m\u001b[22m\n\u001b[2m     \u001b[90m    |\u001b[39m                   \u001b[31m\u001b[1m^\u001b[22m\u001b[2m\u001b[39m\u001b[22m\n\u001b[2m     \u001b[90m 33 |\u001b[39m     expect(screen\u001b[33m.\u001b[39mgetByText(\u001b[32m'Card content'\u001b[39m))\u001b[33m.\u001b[39mtoBeInTheDocument()\u001b[33m;\u001b[39m\u001b[22m\n\u001b[2m     \u001b[90m 34 |\u001b[39m   })\u001b[33m;\u001b[39m\u001b[22m\n\u001b[2m     \u001b[90m 35 |\u001b[39m })\u001b[33m;\u001b[39m\u001b[0m\u001b[22m\n\u001b[2m\u001b[22m\n\u001b[2m      \u001b[2mat Object.getElementError (\u001b[22m\u001b[2mnode_modules/@testing-library/react/node_modules/@testing-library/dom/dist/config.js\u001b[2m:37:19)\u001b[22m\u001b[2m\u001b[22m\n\u001b[2m      \u001b[2mat \u001b[22m\u001b[2mnode_modules/@testing-library/react/node_modules/@testing-library/dom/dist/query-helpers.js\u001b[2m:76:38\u001b[22m\u001b[2m\u001b[22m\n\u001b[2m      \u001b[2mat \u001b[22m\u001b[2mnode_modules/@testing-library/react/node_modules/@testing-library/dom/dist/query-helpers.js\u001b[2m:52:17\u001b[22m\u001b[2m\u001b[22m\n\u001b[2m      \u001b[2mat \u001b[22m\u001b[2mnode_modules/@testing-library/react/node_modules/@testing-library/dom/dist/query-helpers.js\u001b[2m:95:19\u001b[22m\u001b[2m\u001b[22m\n\u001b[2m      \u001b[2mat Object.<anonymous> (\u001b[22m\u001b[2m\u001b[0m\u001b[36msrc/components/__tests__/Card.test.tsx\u001b[39m\u001b[0m\u001b[2m:32:19)\u001b[22m\u001b[2m\u001b[22m\n","name":"C:\\Projects\\YOLNEXT\\src\\components\\__tests__\\Card.test.tsx","startTime":1766491579327,"status":"failed","summary":""},{"assertionResults":[{"ancestorTitles":["Nakliyeci Dashboard Component"],"duration":67,"failureDetails":[],"failureMessages":[],"fullName":"Nakliyeci Dashboard Component renders dashboard correctly","invocations":1,"location":null,"numPassingAsserts":1,"retryReasons":[],"status":"passed","title":"renders dashboard correctly"},{"ancestorTitles":["Nakliyeci Dashboard Component"],"duration":30,"failureDetails":[],"failureMessages":[],"fullName":"Nakliyeci Dashboard Component displays overview statistics","invocations":1,"location":null,"numPassingAsserts":1,"retryReasons":[],"status":"passed","title":"displays overview statistics"},{"ancestorTitles":["Nakliyeci Dashboard Component"],"duration":31,"failureDetails":[],"failureMessages":[],"fullName":"Nakliyeci Dashboard Component shows recent shipments","invocations":1,"location":null,"numPassingAsserts":1,"retryReasons":[],"status":"passed","title":"shows recent shipments"},{"ancestorTitles":["Nakliyeci Dashboard Component"],"duration":28,"failureDetails":[],"failureMessages":[],"fullName":"Nakliyeci Dashboard Component displays navigation menu items","invocations":1,"location":null,"numPassingAsserts":1,"retryReasons":[],"status":"passed","title":"displays navigation menu items"},{"ancestorTitles":["Nakliyeci Dashboard Component"],"duration":27,"failureDetails":[],"failureMessages":[],"fullName":"Nakliyeci Dashboard Component shows notification bell","invocations":1,"location":null,"numPassingAsserts":1,"retryReasons":[],"status":"passed","title":"shows notification bell"},{"ancestorTitles":["Nakliyeci Dashboard Component"],"duration":30,"failureDetails":[],"failureMessages":[],"fullName":"Nakliyeci Dashboard Component opens notification modal","invocations":1,"location":null,"numPassingAsserts":1,"retryReasons":[],"status":"passed","title":"opens notification modal"},{"ancestorTitles":["Nakliyeci Dashboard Component"],"duration":29,"failureDetails":[],"failureMessages":[],"fullName":"Nakliyeci Dashboard Component displays quick action buttons","invocations":1,"location":null,"numPassingAsserts":1,"retryReasons":[],"status":"passed","title":"displays quick action buttons"},{"ancestorTitles":["Nakliyeci Dashboard Component"],"duration":23,"failureDetails":[],"failureMessages":[],"fullName":"Nakliyeci Dashboard Component has proper accessibility structure","invocations":1,"location":null,"numPassingAsserts":1,"retryReasons":[],"status":"passed","title":"has proper accessibility structure"},{"ancestorTitles":["Nakliyeci Dashboard Component"],"duration":31,"failureDetails":[],"failureMessages":[],"fullName":"Nakliyeci Dashboard Component displays shipment count correctly","invocations":1,"location":null,"numPassingAsserts":1,"retryReasons":[],"status":"passed","title":"displays shipment count correctly"},{"ancestorTitles":["Nakliyeci Dashboard Component"],"duration":24,"failureDetails":[],"failureMessages":[],"fullName":"Nakliyeci Dashboard Component shows revenue information","invocations":1,"location":null,"numPassingAsserts":1,"retryReasons":[],"status":"passed","title":"shows revenue information"},{"ancestorTitles":["Nakliyeci Dashboard Component"],"duration":27,"failureDetails":[],"failureMessages":[],"fullName":"Nakliyeci Dashboard Component displays pending offers count","invocations":1,"location":null,"numPassingAsserts":1,"retryReasons":[],"status":"passed","title":"displays pending offers count"}],"endTime":1766491580116,"message":"","name":"C:\\Projects\\YOLNEXT\\src\\pages\\nakliyeci\\__tests__\\Dashboard.test.tsx","startTime":1766491579551,"status":"passed","summary":""},{"assertionResults":[{"ancestorTitles":["Corporate Dashboard Component"],"duration":41,"failureDetails":[],"failureMessages":[],"fullName":"Corporate Dashboard Component renders dashboard correctly","invocations":1,"location":null,"numPassingAsserts":1,"retryReasons":[],"status":"passed","title":"renders dashboard correctly"},{"ancestorTitles":["Corporate Dashboard Component"],"duration":18,"failureDetails":[],"failureMessages":[],"fullName":"Corporate Dashboard Component displays overview statistics","invocations":1,"location":null,"numPassingAsserts":1,"retryReasons":[],"status":"passed","title":"displays overview statistics"},{"ancestorTitles":["Corporate Dashboard Component"],"duration":23,"failureDetails":[],"failureMessages":[],"fullName":"Corporate Dashboard Component shows recent shipments","invocations":1,"location":null,"numPassingAsserts":1,"retryReasons":[],"status":"passed","title":"shows recent shipments"},{"ancestorTitles":["Corporate Dashboard Component"],"duration":61,"failureDetails":[],"failureMessages":[],"fullName":"Corporate Dashboard Component displays navigation menu items","invocations":1,"location":null,"numPassingAsserts":1,"retryReasons":[],"status":"passed","title":"displays navigation menu items"},{"ancestorTitles":["Corporate Dashboard Component"],"duration":41,"failureDetails":[],"failureMessages":[],"fullName":"Corporate Dashboard Component shows create shipment button","invocations":1,"location":null,"numPassingAsserts":1,"retryReasons":[],"status":"passed","title":"shows create shipment button"},{"ancestorTitles":["Corporate Dashboard Component"],"duration":22,"failureDetails":[],"failureMessages":[],"fullName":"Corporate Dashboard Component displays online status","invocations":1,"location":null,"numPassingAsserts":1,"retryReasons":[],"status":"passed","title":"displays online status"},{"ancestorTitles":["Corporate Dashboard Component"],"duration":17,"failureDetails":[],"failureMessages":[],"fullName":"Corporate Dashboard Component has proper accessibility structure","invocations":1,"location":null,"numPassingAsserts":1,"retryReasons":[],"status":"passed","title":"has proper accessibility structure"},{"ancestorTitles":["Corporate Dashboard Component"],"duration":19,"failureDetails":[],"failureMessages":[],"fullName":"Corporate Dashboard Component displays shipment count correctly","invocations":1,"location":null,"numPassingAsserts":1,"retryReasons":[],"status":"passed","title":"displays shipment count correctly"},{"ancestorTitles":["Corporate Dashboard Component"],"duration":32,"failureDetails":[],"failureMessages":[],"fullName":"Corporate Dashboard Component shows quick action buttons","invocations":1,"location":null,"numPassingAsserts":1,"retryReasons":[],"status":"passed","title":"shows quick action buttons"}],"endTime":1766491580878,"message":"","name":"C:\\Projects\\YOLNEXT\\src\\pages\\corporate\\__tests__\\Dashboard.test.tsx","startTime":1766491580389,"status":"passed","summary":""},{"assertionResults":[{"ancestorTitles":["Admin Dashboard Component"],"duration":17,"failureDetails":[],"failureMessages":[],"fullName":"Admin Dashboard Component renders dashboard correctly","invocations":1,"location":null,"numPassingAsserts":4,"retryReasons":[],"status":"passed","title":"renders dashboard correctly"},{"ancestorTitles":["Admin Dashboard Component"],"duration":13,"failureDetails":[],"failureMessages":[],"fullName":"Admin Dashboard Component displays overview statistics","invocations":1,"location":null,"numPassingAsserts":4,"retryReasons":[],"status":"passed","title":"displays overview statistics"},{"ancestorTitles":["Admin Dashboard Component"],"duration":3,"failureDetails":[],"failureMessages":[],"fullName":"Admin Dashboard Component shows loading state","invocations":1,"location":null,"numPassingAsserts":1,"retryReasons":[],"status":"passed","title":"shows loading state"},{"ancestorTitles":["Admin Dashboard Component"],"duration":23,"failureDetails":[],"failureMessages":[],"fullName":"Admin Dashboard Component handles API errors gracefully","invocations":1,"location":null,"numPassingAsserts":1,"retryReasons":[],"status":"passed","title":"handles API errors gracefully"},{"ancestorTitles":["Admin Dashboard Component"],"duration":7,"failureDetails":[],"failureMessages":[],"fullName":"Admin Dashboard Component displays additional dashboard sections","invocations":1,"location":null,"numPassingAsserts":3,"retryReasons":[],"status":"passed","title":"displays additional dashboard sections"},{"ancestorTitles":["Admin Dashboard Component"],"duration":8,"failureDetails":[],"failureMessages":[],"fullName":"Admin Dashboard Component has proper accessibility structure","invocations":1,"location":null,"numPassingAsserts":1,"retryReasons":[],"status":"passed","title":"has proper accessibility structure"}],"endTime":1766491581198,"message":"","name":"C:\\Projects\\YOLNEXT\\src\\pages\\admin\\__tests__\\Dashboard.test.tsx","startTime":1766491580898,"status":"passed","summary":""},{"assertionResults":[{"ancestorTitles":["Input Component"],"duration":8,"failureDetails":[],"failureMessages":[],"fullName":"Input Component renders input with label","invocations":1,"location":null,"numPassingAsserts":1,"retryReasons":[],"status":"passed","title":"renders input with label"},{"ancestorTitles":["Input Component"],"duration":24,"failureDetails":[],"failureMessages":[],"fullName":"Input Component handles input changes","invocations":1,"location":null,"numPassingAsserts":2,"retryReasons":[],"status":"passed","title":"handles input changes"},{"ancestorTitles":["Input Component"],"duration":2,"failureDetails":[],"failureMessages":[],"fullName":"Input Component shows error message when error prop is provided","invocations":1,"location":null,"numPassingAsserts":1,"retryReasons":[],"status":"passed","title":"shows error message when error prop is provided"},{"ancestorTitles":["Input Component"],"duration":6,"failureDetails":[],"failureMessages":[],"fullName":"Input Component applies disabled state correctly","invocations":1,"location":null,"numPassingAsserts":1,"retryReasons":[],"status":"passed","title":"applies disabled state correctly"},{"ancestorTitles":["Input Component"],"duration":1,"failureDetails":[],"failureMessages":[],"fullName":"Input Component renders with placeholder","invocations":1,"location":null,"numPassingAsserts":1,"retryReasons":[],"status":"passed","title":"renders with placeholder"}],"endTime":1766491581443,"message":"","name":"C:\\Projects\\YOLNEXT\\src\\components\\__tests__\\Input.test.tsx","startTime":1766491581222,"status":"passed","summary":""},{"assertionResults":[{"ancestorTitles":["Button Component"],"duration":11,"failureDetails":[],"failureMessages":[],"fullName":"Button Component renders button with text","invocations":1,"location":null,"numPassingAsserts":1,"retryReasons":[],"status":"passed","title":"renders button with text"},{"ancestorTitles":["Button Component"],"duration":6,"failureDetails":[],"failureMessages":[],"fullName":"Button Component handles click events","invocations":1,"location":null,"numPassingAsserts":1,"retryReasons":[],"status":"passed","title":"handles click events"},{"ancestorTitles":["Button Component"],"duration":3,"failureDetails":[],"failureMessages":[],"fullName":"Button Component applies variant classes correctly","invocations":1,"location":null,"numPassingAsserts":1,"retryReasons":[],"status":"passed","title":"applies variant classes correctly"},{"ancestorTitles":["Button Component"],"duration":4,"failureDetails":[],"failureMessages":[],"fullName":"Button Component applies size classes correctly","invocations":1,"location":null,"numPassingAsserts":1,"retryReasons":[],"status":"passed","title":"applies size classes correctly"},{"ancestorTitles":["Button Component"],"duration":5,"failureDetails":[],"failureMessages":[],"fullName":"Button Component disables button when disabled prop is true","invocations":1,"location":null,"numPassingAsserts":1,"retryReasons":[],"status":"passed","title":"disables button when disabled prop is true"},{"ancestorTitles":["Button Component"],"duration":4,"failureDetails":[],"failureMessages":[],"fullName":"Button Component shows loading state","invocations":1,"location":null,"numPassingAsserts":2,"retryReasons":[],"status":"passed","title":"shows loading state"}],"endTime":1766491581701,"message":"","name":"C:\\Projects\\YOLNEXT\\src\\components\\__tests__\\Button.test.tsx","startTime":1766491581458,"status":"passed","summary":""},{"assertionResults":[{"ancestorTitles":["usePerformance"],"duration":4,"failureDetails":[],"failureMessages":[],"fullName":"usePerformance tracks render count","invocations":1,"location":null,"numPassingAsserts":2,"retryReasons":[],"status":"passed","title":"tracks render count"},{"ancestorTitles":["usePerformance"],"duration":1,"failureDetails":[],"failureMessages":[],"fullName":"usePerformance tracks render timing","invocations":1,"location":null,"numPassingAsserts":2,"retryReasons":[],"status":"passed","title":"tracks render timing"},{"ancestorTitles":["usePerformance"],"duration":1,"failureDetails":[],"failureMessages":[],"fullName":"usePerformance adds cleanup functions","invocations":1,"location":null,"numPassingAsserts":0,"retryReasons":[],"status":"passed","title":"adds cleanup functions"},{"ancestorTitles":["useMemoizedCallback"],"duration":2,"failureDetails":[],"failureMessages":[],"fullName":"useMemoizedCallback memoizes callback with dependencies","invocations":1,"location":null,"numPassingAsserts":2,"retryReasons":[],"status":"passed","title":"memoizes callback with dependencies"},{"ancestorTitles":["useDebouncedCallback"],"duration":6,"failureDetails":[],"failureMessages":[],"fullName":"useDebouncedCallback debounces callback execution","invocations":1,"location":null,"numPassingAsserts":3,"retryReasons":[],"status":"passed","title":"debounces callback execution"}],"endTime":1766491581924,"message":"","name":"C:\\Projects\\YOLNEXT\\src\\hooks\\__tests__\\usePerformance.test.ts","startTime":1766491581719,"status":"passed","summary":""},{"assertionResults":[{"ancestorTitles":["ActiveShipments Component (Simple)"],"duration":11,"failureDetails":[],"failureMessages":[],"fullName":"ActiveShipments Component (Simple) renders without crashing","invocations":1,"location":null,"numPassingAsserts":1,"retryReasons":[],"status":"passed","title":"renders without crashing"},{"ancestorTitles":["ActiveShipments Component (Simple)"],"duration":3,"failureDetails":[],"failureMessages":[],"fullName":"ActiveShipments Component (Simple) displays shipment information","invocations":1,"location":null,"numPassingAsserts":3,"retryReasons":[],"status":"passed","title":"displays shipment information"},{"ancestorTitles":["ActiveShipments Component (Simple)"],"duration":2,"failureDetails":[],"failureMessages":[],"fullName":"ActiveShipments Component (Simple) has proper structure","invocations":1,"location":null,"numPassingAsserts":2,"retryReasons":[],"status":"passed","title":"has proper structure"}],"endTime":1766491582161,"message":"","name":"C:\\Projects\\YOLNEXT\\src\\pages\\__tests__\\ActiveShipments.simple.test.tsx","startTime":1766491581942,"status":"passed","summary":""},{"assertionResults":[{"ancestorTitles":["Format Utils","formatCurrency"],"duration":21,"failureDetails":[],"failureMessages":[],"fullName":"Format Utils formatCurrency formats positive numbers correctly","invocations":1,"location":null,"numPassingAsserts":3,"retryReasons":[],"status":"passed","title":"formats positive numbers correctly"},{"ancestorTitles":["Format Utils","formatCurrency"],"duration":1,"failureDetails":[],"failureMessages":[],"fullName":"Format Utils formatCurrency formats negative numbers correctly","invocations":1,"location":null,"numPassingAsserts":2,"retryReasons":[],"status":"passed","title":"formats negative numbers correctly"},{"ancestorTitles":["Format Utils","formatCurrency"],"duration":1,"failureDetails":[],"failureMessages":[],"fullName":"Format Utils formatCurrency handles decimal numbers correctly","invocations":1,"location":null,"numPassingAsserts":3,"retryReasons":[],"status":"passed","title":"handles decimal numbers correctly"},{"ancestorTitles":["Format Utils","formatCurrency"],"duration":0,"failureDetails":[],"failureMessages":[],"fullName":"Format Utils formatCurrency handles string inputs","invocations":1,"location":null,"numPassingAsserts":2,"retryReasons":[],"status":"passed","title":"handles string inputs"},{"ancestorTitles":["Format Utils","formatCurrency"],"duration":1,"failureDetails":[],"failureMessages":[],"fullName":"Format Utils formatCurrency handles invalid inputs gracefully","invocations":1,"location":null,"numPassingAsserts":5,"retryReasons":[],"status":"passed","title":"handles invalid inputs gracefully"},{"ancestorTitles":["Format Utils","formatCurrency"],"duration":0,"failureDetails":[],"failureMessages":[],"fullName":"Format Utils formatCurrency handles very large numbers","invocations":1,"location":null,"numPassingAsserts":2,"retryReasons":[],"status":"passed","title":"handles very large numbers"},{"ancestorTitles":["Format Utils","formatDate"],"duration":6,"failureDetails":[],"failureMessages":[],"fullName":"Format Utils formatDate formats date strings correctly","invocations":1,"location":null,"numPassingAsserts":1,"retryReasons":[],"status":"passed","title":"formats date strings correctly"},{"ancestorTitles":["Format Utils","formatDate"],"duration":1,"failureDetails":[],"failureMessages":[],"fullName":"Format Utils formatDate formats Date objects correctly","invocations":1,"location":null,"numPassingAsserts":1,"retryReasons":[],"status":"passed","title":"formats Date objects correctly"},{"ancestorTitles":["Format Utils","formatDate"],"duration":1,"failureDetails":[],"failureMessages":[],"fullName":"Format Utils formatDate handles different format modes","invocations":1,"location":null,"numPassingAsserts":3,"retryReasons":[],"status":"passed","title":"handles different format modes"},{"ancestorTitles":["Format Utils","formatDate"],"duration":1,"failureDetails":[],"failureMessages":[],"fullName":"Format Utils formatDate handles invalid dates gracefully","invocations":1,"location":null,"numPassingAsserts":5,"retryReasons":[],"status":"passed","title":"handles invalid dates gracefully"},{"ancestorTitles":["Format Utils","formatDate"],"duration":1,"failureDetails":[],"failureMessages":[],"fullName":"Format Utils formatDate handles edge cases","invocations":1,"location":null,"numPassingAsserts":3,"retryReasons":[],"status":"passed","title":"handles edge cases"},{"ancestorTitles":["Format Utils","formatDate"],"duration":1,"failureDetails":[],"failureMessages":[],"fullName":"Format Utils formatDate handles timezone differences","invocations":1,"location":null,"numPassingAsserts":2,"retryReasons":[],"status":"passed","title":"handles timezone differences"},{"ancestorTitles":["Format Utils","formatDate"],"duration":0,"failureDetails":[],"failureMessages":[],"fullName":"Format Utils formatDate preserves immutability","invocations":1,"location":null,"numPassingAsserts":1,"retryReasons":[],"status":"passed","title":"preserves immutability"},{"ancestorTitles":["Format Utils","formatCurrency edge cases"],"duration":1,"failureDetails":[],"failureMessages":[],"fullName":"Format Utils formatCurrency edge cases handles very small decimal numbers","invocations":1,"location":null,"numPassingAsserts":2,"retryReasons":[],"status":"passed","title":"handles very small decimal numbers"},{"ancestorTitles":["Format Utils","formatCurrency edge cases"],"duration":1,"failureDetails":[],"failureMessages":[],"fullName":"Format Utils formatCurrency edge cases handles rounding correctly","invocations":1,"location":null,"numPassingAsserts":2,"retryReasons":[],"status":"passed","title":"handles rounding correctly"},{"ancestorTitles":["Format Utils","formatCurrency edge cases"],"duration":2,"failureDetails":[],"failureMessages":[],"fullName":"Format Utils formatCurrency edge cases handles scientific notation","invocations":1,"location":null,"numPassingAsserts":2,"retryReasons":[],"status":"passed","title":"handles scientific notation"},{"ancestorTitles":["Format Utils","formatDate edge cases"],"duration":0,"failureDetails":[],"failureMessages":[],"fullName":"Format Utils formatDate edge cases handles ISO 8601 formats","invocations":1,"location":null,"numPassingAsserts":1,"retryReasons":[],"status":"passed","title":"handles ISO 8601 formats"},{"ancestorTitles":["Format Utils","formatDate edge cases"],"duration":2,"failureDetails":[],"failureMessages":[],"fullName":"Format Utils formatDate edge cases handles different date string formats","invocations":1,"location":null,"numPassingAsserts":4,"retryReasons":[],"status":"passed","title":"handles different date string formats"}],"endTime":1766491582319,"message":"","name":"C:\\Projects\\YOLNEXT\\src\\utils\\__tests__\\format.test.ts","startTime":1766491582179,"status":"passed","summary":""}],"wasInterrupted":false}
