{"address":"::","code":"EADDRINUSE","errno":-4091,"level":"error","message":"Uncaught Exception: listen EADDRINUSE: address already in use :::5000","port":5000,"service":"yolnet-backend","stack":"Error: listen EADDRINUSE: address already in use :::5000\n    at Server.setupListenHandle [as _listen2] (node:net:1940:16)\n    at listenInCluster (node:net:1997:12)\n    at Server.listen (node:net:2102:7)\n    at startServer (C:\\Users\\emreg\\OneDrive\\Desktop\\Yolnetgo\\backend\\server.js:118:12)\n    at process.processTicksAndRejections (node:internal/process/task_queues:105:5)","syscall":"listen","timestamp":"2025-10-11 08:33:33"}
{"level":"error","message":"Register error: SQLITE_ERROR: no such column: first_name","name":"SequelizeDatabaseError","original":{"code":"SQLITE_ERROR","errno":1,"sql":"SELECT `id`, `email`, `password`, `first_name` AS `firstName`, `last_name` AS `lastName`, `phone`, `user_type` AS `userType`, `is_active` AS `isActive`, `is_verified` AS `isVerified`, `verification_token` AS `verificationToken`, `reset_password_token` AS `resetPasswordToken`, `reset_password_expires` AS `resetPasswordExpires`, `last_login` AS `lastLogin`, `avatar`, `preferences`, `created_at` AS `createdAt`, `updated_at` AS `updatedAt` FROM `users` AS `User` WHERE `User`.`email` = 'test@example.com';"},"parameters":{},"parent":{"code":"SQLITE_ERROR","errno":1,"sql":"SELECT `id`, `email`, `password`, `first_name` AS `firstName`, `last_name` AS `lastName`, `phone`, `user_type` AS `userType`, `is_active` AS `isActive`, `is_verified` AS `isVerified`, `verification_token` AS `verificationToken`, `reset_password_token` AS `resetPasswordToken`, `reset_password_expires` AS `resetPasswordExpires`, `last_login` AS `lastLogin`, `avatar`, `preferences`, `created_at` AS `createdAt`, `updated_at` AS `updatedAt` FROM `users` AS `User` WHERE `User`.`email` = 'test@example.com';"},"service":"yolnet-backend","sql":"SELECT `id`, `email`, `password`, `first_name` AS `firstName`, `last_name` AS `lastName`, `phone`, `user_type` AS `userType`, `is_active` AS `isActive`, `is_verified` AS `isVerified`, `verification_token` AS `verificationToken`, `reset_password_token` AS `resetPasswordToken`, `reset_password_expires` AS `resetPasswordExpires`, `last_login` AS `lastLogin`, `avatar`, `preferences`, `created_at` AS `createdAt`, `updated_at` AS `updatedAt` FROM `users` AS `User` WHERE `User`.`email` = 'test@example.com';","stack":"Error\n    at Database.<anonymous> (C:\\Users\\emreg\\OneDrive\\Desktop\\Yolnetgo\\backend\\node_modules\\sequelize\\lib\\dialects\\sqlite\\query.js:185:27)\n    at C:\\Users\\emreg\\OneDrive\\Desktop\\Yolnetgo\\backend\\node_modules\\sequelize\\lib\\dialects\\sqlite\\query.js:183:50\n    at new Promise (<anonymous>)\n    at Query.run (C:\\Users\\emreg\\OneDrive\\Desktop\\Yolnetgo\\backend\\node_modules\\sequelize\\lib\\dialects\\sqlite\\query.js:183:12)\n    at C:\\Users\\emreg\\OneDrive\\Desktop\\Yolnetgo\\backend\\node_modules\\sequelize\\lib\\sequelize.js:315:28\n    at process.processTicksAndRejections (node:internal/process/task_queues:105:5)\n    at async SQLiteQueryInterface.select (C:\\Users\\emreg\\OneDrive\\Desktop\\Yolnetgo\\backend\\node_modules\\sequelize\\lib\\dialects\\abstract\\query-interface.js:407:12)\n    at async User.findAll (C:\\Users\\emreg\\OneDrive\\Desktop\\Yolnetgo\\backend\\node_modules\\sequelize\\lib\\model.js:1140:21)\n    at async User.findOne (C:\\Users\\emreg\\OneDrive\\Desktop\\Yolnetgo\\backend\\node_modules\\sequelize\\lib\\model.js:1240:12)\n    at async C:\\Users\\emreg\\OneDrive\\Desktop\\Yolnetgo\\backend\\routes\\auth.js:41:26","timestamp":"2025-10-11 08:37:53"}
{"level":"error","message":"Register error: SQLITE_ERROR: no such column: first_name","name":"SequelizeDatabaseError","original":{"code":"SQLITE_ERROR","errno":1,"sql":"SELECT `id`, `email`, `password`, `first_name` AS `firstName`, `last_name` AS `lastName`, `phone`, `user_type` AS `userType`, `is_active` AS `isActive`, `is_verified` AS `isVerified`, `verification_token` AS `verificationToken`, `reset_password_token` AS `resetPasswordToken`, `reset_password_expires` AS `resetPasswordExpires`, `last_login` AS `lastLogin`, `avatar`, `preferences`, `created_at` AS `createdAt`, `updated_at` AS `updatedAt` FROM `users` AS `User` WHERE `User`.`email` = 'test@example.com';"},"parameters":{},"parent":{"code":"SQLITE_ERROR","errno":1,"sql":"SELECT `id`, `email`, `password`, `first_name` AS `firstName`, `last_name` AS `lastName`, `phone`, `user_type` AS `userType`, `is_active` AS `isActive`, `is_verified` AS `isVerified`, `verification_token` AS `verificationToken`, `reset_password_token` AS `resetPasswordToken`, `reset_password_expires` AS `resetPasswordExpires`, `last_login` AS `lastLogin`, `avatar`, `preferences`, `created_at` AS `createdAt`, `updated_at` AS `updatedAt` FROM `users` AS `User` WHERE `User`.`email` = 'test@example.com';"},"service":"yolnet-backend","sql":"SELECT `id`, `email`, `password`, `first_name` AS `firstName`, `last_name` AS `lastName`, `phone`, `user_type` AS `userType`, `is_active` AS `isActive`, `is_verified` AS `isVerified`, `verification_token` AS `verificationToken`, `reset_password_token` AS `resetPasswordToken`, `reset_password_expires` AS `resetPasswordExpires`, `last_login` AS `lastLogin`, `avatar`, `preferences`, `created_at` AS `createdAt`, `updated_at` AS `updatedAt` FROM `users` AS `User` WHERE `User`.`email` = 'test@example.com';","stack":"Error\n    at Database.<anonymous> (C:\\Users\\emreg\\OneDrive\\Desktop\\Yolnetgo\\backend\\node_modules\\sequelize\\lib\\dialects\\sqlite\\query.js:185:27)\n    at C:\\Users\\emreg\\OneDrive\\Desktop\\Yolnetgo\\backend\\node_modules\\sequelize\\lib\\dialects\\sqlite\\query.js:183:50\n    at new Promise (<anonymous>)\n    at Query.run (C:\\Users\\emreg\\OneDrive\\Desktop\\Yolnetgo\\backend\\node_modules\\sequelize\\lib\\dialects\\sqlite\\query.js:183:12)\n    at C:\\Users\\emreg\\OneDrive\\Desktop\\Yolnetgo\\backend\\node_modules\\sequelize\\lib\\sequelize.js:315:28\n    at process.processTicksAndRejections (node:internal/process/task_queues:105:5)\n    at async SQLiteQueryInterface.select (C:\\Users\\emreg\\OneDrive\\Desktop\\Yolnetgo\\backend\\node_modules\\sequelize\\lib\\dialects\\abstract\\query-interface.js:407:12)\n    at async User.findAll (C:\\Users\\emreg\\OneDrive\\Desktop\\Yolnetgo\\backend\\node_modules\\sequelize\\lib\\model.js:1140:21)\n    at async User.findOne (C:\\Users\\emreg\\OneDrive\\Desktop\\Yolnetgo\\backend\\node_modules\\sequelize\\lib\\model.js:1240:12)\n    at async C:\\Users\\emreg\\OneDrive\\Desktop\\Yolnetgo\\backend\\routes\\auth.js:41:26","timestamp":"2025-10-11 09:02:45"}
{"level":"error","message":"Not Found - /favicon.ico","service":"yolnet-backend","stack":"Error: Not Found - /favicon.ico\n    at notFound (C:\\Users\\emreg\\OneDrive\\Desktop\\Yolnetgo\\backend\\middleware\\errorHandler.js:4:17)\n    at Layer.handle [as handle_request] (C:\\Users\\emreg\\OneDrive\\Desktop\\Yolnetgo\\backend\\node_modules\\express\\lib\\router\\layer.js:95:5)\n    at trim_prefix (C:\\Users\\emreg\\OneDrive\\Desktop\\Yolnetgo\\backend\\node_modules\\express\\lib\\router\\index.js:328:13)\n    at C:\\Users\\emreg\\OneDrive\\Desktop\\Yolnetgo\\backend\\node_modules\\express\\lib\\router\\index.js:286:9\n    at Function.process_params (C:\\Users\\emreg\\OneDrive\\Desktop\\Yolnetgo\\backend\\node_modules\\express\\lib\\router\\index.js:346:12)\n    at next (C:\\Users\\emreg\\OneDrive\\Desktop\\Yolnetgo\\backend\\node_modules\\express\\lib\\router\\index.js:280:10)\n    at C:\\Users\\emreg\\OneDrive\\Desktop\\Yolnetgo\\backend\\server.js:59:3\n    at Layer.handle [as handle_request] (C:\\Users\\emreg\\OneDrive\\Desktop\\Yolnetgo\\backend\\node_modules\\express\\lib\\router\\layer.js:95:5)\n    at trim_prefix (C:\\Users\\emreg\\OneDrive\\Desktop\\Yolnetgo\\backend\\node_modules\\express\\lib\\router\\index.js:328:13)\n    at C:\\Users\\emreg\\OneDrive\\Desktop\\Yolnetgo\\backend\\node_modules\\express\\lib\\router\\index.js:286:9","status":404,"timestamp":"2025-10-11 09:06:18"}
{"level":"error","message":"Register error: SQLITE_ERROR: no such column: first_name","name":"SequelizeDatabaseError","original":{"code":"SQLITE_ERROR","errno":1,"sql":"SELECT `id`, `email`, `password`, `first_name` AS `firstName`, `last_name` AS `lastName`, `phone`, `user_type` AS `userType`, `is_active` AS `isActive`, `is_verified` AS `isVerified`, `verification_token` AS `verificationToken`, `reset_password_token` AS `resetPasswordToken`, `reset_password_expires` AS `resetPasswordExpires`, `last_login` AS `lastLogin`, `avatar`, `preferences`, `created_at` AS `createdAt`, `updated_at` AS `updatedAt` FROM `users` AS `User` WHERE `User`.`email` = 'test@example.com';"},"parameters":{},"parent":{"code":"SQLITE_ERROR","errno":1,"sql":"SELECT `id`, `email`, `password`, `first_name` AS `firstName`, `last_name` AS `lastName`, `phone`, `user_type` AS `userType`, `is_active` AS `isActive`, `is_verified` AS `isVerified`, `verification_token` AS `verificationToken`, `reset_password_token` AS `resetPasswordToken`, `reset_password_expires` AS `resetPasswordExpires`, `last_login` AS `lastLogin`, `avatar`, `preferences`, `created_at` AS `createdAt`, `updated_at` AS `updatedAt` FROM `users` AS `User` WHERE `User`.`email` = 'test@example.com';"},"service":"yolnet-backend","sql":"SELECT `id`, `email`, `password`, `first_name` AS `firstName`, `last_name` AS `lastName`, `phone`, `user_type` AS `userType`, `is_active` AS `isActive`, `is_verified` AS `isVerified`, `verification_token` AS `verificationToken`, `reset_password_token` AS `resetPasswordToken`, `reset_password_expires` AS `resetPasswordExpires`, `last_login` AS `lastLogin`, `avatar`, `preferences`, `created_at` AS `createdAt`, `updated_at` AS `updatedAt` FROM `users` AS `User` WHERE `User`.`email` = 'test@example.com';","stack":"Error\n    at Database.<anonymous> (C:\\Users\\emreg\\OneDrive\\Desktop\\Yolnetgo\\backend\\node_modules\\sequelize\\lib\\dialects\\sqlite\\query.js:185:27)\n    at C:\\Users\\emreg\\OneDrive\\Desktop\\Yolnetgo\\backend\\node_modules\\sequelize\\lib\\dialects\\sqlite\\query.js:183:50\n    at new Promise (<anonymous>)\n    at Query.run (C:\\Users\\emreg\\OneDrive\\Desktop\\Yolnetgo\\backend\\node_modules\\sequelize\\lib\\dialects\\sqlite\\query.js:183:12)\n    at C:\\Users\\emreg\\OneDrive\\Desktop\\Yolnetgo\\backend\\node_modules\\sequelize\\lib\\sequelize.js:315:28\n    at process.processTicksAndRejections (node:internal/process/task_queues:105:5)\n    at async SQLiteQueryInterface.select (C:\\Users\\emreg\\OneDrive\\Desktop\\Yolnetgo\\backend\\node_modules\\sequelize\\lib\\dialects\\abstract\\query-interface.js:407:12)\n    at async User.findAll (C:\\Users\\emreg\\OneDrive\\Desktop\\Yolnetgo\\backend\\node_modules\\sequelize\\lib\\model.js:1140:21)\n    at async User.findOne (C:\\Users\\emreg\\OneDrive\\Desktop\\Yolnetgo\\backend\\node_modules\\sequelize\\lib\\model.js:1240:12)\n    at async C:\\Users\\emreg\\OneDrive\\Desktop\\Yolnetgo\\backend\\routes\\auth.js:41:26","timestamp":"2025-10-11 09:07:26"}
{"level":"error","message":"Register error: SQLITE_ERROR: no such column: first_name","name":"SequelizeDatabaseError","original":{"code":"SQLITE_ERROR","errno":1,"sql":"SELECT `id`, `email`, `password`, `first_name` AS `firstName`, `last_name` AS `lastName`, `phone`, `user_type` AS `userType`, `is_active` AS `isActive`, `is_verified` AS `isVerified`, `verification_token` AS `verificationToken`, `reset_password_token` AS `resetPasswordToken`, `reset_password_expires` AS `resetPasswordExpires`, `last_login` AS `lastLogin`, `avatar`, `preferences`, `created_at` AS `createdAt`, `updated_at` AS `updatedAt` FROM `users` AS `User` WHERE `User`.`email` = 'test@example.com';"},"parameters":{},"parent":{"code":"SQLITE_ERROR","errno":1,"sql":"SELECT `id`, `email`, `password`, `first_name` AS `firstName`, `last_name` AS `lastName`, `phone`, `user_type` AS `userType`, `is_active` AS `isActive`, `is_verified` AS `isVerified`, `verification_token` AS `verificationToken`, `reset_password_token` AS `resetPasswordToken`, `reset_password_expires` AS `resetPasswordExpires`, `last_login` AS `lastLogin`, `avatar`, `preferences`, `created_at` AS `createdAt`, `updated_at` AS `updatedAt` FROM `users` AS `User` WHERE `User`.`email` = 'test@example.com';"},"service":"yolnet-backend","sql":"SELECT `id`, `email`, `password`, `first_name` AS `firstName`, `last_name` AS `lastName`, `phone`, `user_type` AS `userType`, `is_active` AS `isActive`, `is_verified` AS `isVerified`, `verification_token` AS `verificationToken`, `reset_password_token` AS `resetPasswordToken`, `reset_password_expires` AS `resetPasswordExpires`, `last_login` AS `lastLogin`, `avatar`, `preferences`, `created_at` AS `createdAt`, `updated_at` AS `updatedAt` FROM `users` AS `User` WHERE `User`.`email` = 'test@example.com';","stack":"Error\n    at Database.<anonymous> (C:\\Users\\emreg\\OneDrive\\Desktop\\Yolnetgo\\backend\\node_modules\\sequelize\\lib\\dialects\\sqlite\\query.js:185:27)\n    at C:\\Users\\emreg\\OneDrive\\Desktop\\Yolnetgo\\backend\\node_modules\\sequelize\\lib\\dialects\\sqlite\\query.js:183:50\n    at new Promise (<anonymous>)\n    at Query.run (C:\\Users\\emreg\\OneDrive\\Desktop\\Yolnetgo\\backend\\node_modules\\sequelize\\lib\\dialects\\sqlite\\query.js:183:12)\n    at C:\\Users\\emreg\\OneDrive\\Desktop\\Yolnetgo\\backend\\node_modules\\sequelize\\lib\\sequelize.js:315:28\n    at process.processTicksAndRejections (node:internal/process/task_queues:105:5)\n    at async SQLiteQueryInterface.select (C:\\Users\\emreg\\OneDrive\\Desktop\\Yolnetgo\\backend\\node_modules\\sequelize\\lib\\dialects\\abstract\\query-interface.js:407:12)\n    at async User.findAll (C:\\Users\\emreg\\OneDrive\\Desktop\\Yolnetgo\\backend\\node_modules\\sequelize\\lib\\model.js:1140:21)\n    at async User.findOne (C:\\Users\\emreg\\OneDrive\\Desktop\\Yolnetgo\\backend\\node_modules\\sequelize\\lib\\model.js:1240:12)\n    at async C:\\Users\\emreg\\OneDrive\\Desktop\\Yolnetgo\\backend\\routes\\auth.js:41:26","timestamp":"2025-10-11 09:07:41"}
{"level":"error","message":"Login error: SQLITE_ERROR: no such column: first_name","name":"SequelizeDatabaseError","original":{"code":"SQLITE_ERROR","errno":1,"sql":"SELECT `id`, `email`, `password`, `first_name` AS `firstName`, `last_name` AS `lastName`, `phone`, `user_type` AS `userType`, `is_active` AS `isActive`, `is_verified` AS `isVerified`, `verification_token` AS `verificationToken`, `reset_password_token` AS `resetPasswordToken`, `reset_password_expires` AS `resetPasswordExpires`, `last_login` AS `lastLogin`, `avatar`, `preferences`, `created_at` AS `createdAt`, `updated_at` AS `updatedAt` FROM `users` AS `User` WHERE `User`.`email` = 'individual@test.com';"},"parameters":{},"parent":{"code":"SQLITE_ERROR","errno":1,"sql":"SELECT `id`, `email`, `password`, `first_name` AS `firstName`, `last_name` AS `lastName`, `phone`, `user_type` AS `userType`, `is_active` AS `isActive`, `is_verified` AS `isVerified`, `verification_token` AS `verificationToken`, `reset_password_token` AS `resetPasswordToken`, `reset_password_expires` AS `resetPasswordExpires`, `last_login` AS `lastLogin`, `avatar`, `preferences`, `created_at` AS `createdAt`, `updated_at` AS `updatedAt` FROM `users` AS `User` WHERE `User`.`email` = 'individual@test.com';"},"service":"yolnet-backend","sql":"SELECT `id`, `email`, `password`, `first_name` AS `firstName`, `last_name` AS `lastName`, `phone`, `user_type` AS `userType`, `is_active` AS `isActive`, `is_verified` AS `isVerified`, `verification_token` AS `verificationToken`, `reset_password_token` AS `resetPasswordToken`, `reset_password_expires` AS `resetPasswordExpires`, `last_login` AS `lastLogin`, `avatar`, `preferences`, `created_at` AS `createdAt`, `updated_at` AS `updatedAt` FROM `users` AS `User` WHERE `User`.`email` = 'individual@test.com';","stack":"Error\n    at Database.<anonymous> (C:\\Users\\emreg\\OneDrive\\Desktop\\Yolnetgo\\backend\\node_modules\\sequelize\\lib\\dialects\\sqlite\\query.js:185:27)\n    at C:\\Users\\emreg\\OneDrive\\Desktop\\Yolnetgo\\backend\\node_modules\\sequelize\\lib\\dialects\\sqlite\\query.js:183:50\n    at new Promise (<anonymous>)\n    at Query.run (C:\\Users\\emreg\\OneDrive\\Desktop\\Yolnetgo\\backend\\node_modules\\sequelize\\lib\\dialects\\sqlite\\query.js:183:12)\n    at C:\\Users\\emreg\\OneDrive\\Desktop\\Yolnetgo\\backend\\node_modules\\sequelize\\lib\\sequelize.js:315:28\n    at process.processTicksAndRejections (node:internal/process/task_queues:105:5)\n    at async SQLiteQueryInterface.select (C:\\Users\\emreg\\OneDrive\\Desktop\\Yolnetgo\\backend\\node_modules\\sequelize\\lib\\dialects\\abstract\\query-interface.js:407:12)\n    at async User.findAll (C:\\Users\\emreg\\OneDrive\\Desktop\\Yolnetgo\\backend\\node_modules\\sequelize\\lib\\model.js:1140:21)\n    at async User.findOne (C:\\Users\\emreg\\OneDrive\\Desktop\\Yolnetgo\\backend\\node_modules\\sequelize\\lib\\model.js:1240:12)\n    at async C:\\Users\\emreg\\OneDrive\\Desktop\\Yolnetgo\\backend\\routes\\auth.js:101:18","timestamp":"2025-10-11 09:09:32"}
{"level":"error","message":"Login error: SQLITE_ERROR: no such column: first_name","name":"SequelizeDatabaseError","original":{"code":"SQLITE_ERROR","errno":1,"sql":"SELECT `id`, `email`, `password`, `first_name` AS `firstName`, `last_name` AS `lastName`, `phone`, `user_type` AS `userType`, `is_active` AS `isActive`, `is_verified` AS `isVerified`, `verification_token` AS `verificationToken`, `reset_password_token` AS `resetPasswordToken`, `reset_password_expires` AS `resetPasswordExpires`, `last_login` AS `lastLogin`, `avatar`, `preferences`, `created_at` AS `createdAt`, `updated_at` AS `updatedAt` FROM `users` AS `User` WHERE `User`.`email` = 'ahmet@test.com';"},"parameters":{},"parent":{"code":"SQLITE_ERROR","errno":1,"sql":"SELECT `id`, `email`, `password`, `first_name` AS `firstName`, `last_name` AS `lastName`, `phone`, `user_type` AS `userType`, `is_active` AS `isActive`, `is_verified` AS `isVerified`, `verification_token` AS `verificationToken`, `reset_password_token` AS `resetPasswordToken`, `reset_password_expires` AS `resetPasswordExpires`, `last_login` AS `lastLogin`, `avatar`, `preferences`, `created_at` AS `createdAt`, `updated_at` AS `updatedAt` FROM `users` AS `User` WHERE `User`.`email` = 'ahmet@test.com';"},"service":"yolnet-backend","sql":"SELECT `id`, `email`, `password`, `first_name` AS `firstName`, `last_name` AS `lastName`, `phone`, `user_type` AS `userType`, `is_active` AS `isActive`, `is_verified` AS `isVerified`, `verification_token` AS `verificationToken`, `reset_password_token` AS `resetPasswordToken`, `reset_password_expires` AS `resetPasswordExpires`, `last_login` AS `lastLogin`, `avatar`, `preferences`, `created_at` AS `createdAt`, `updated_at` AS `updatedAt` FROM `users` AS `User` WHERE `User`.`email` = 'ahmet@test.com';","stack":"Error\n    at Database.<anonymous> (C:\\Users\\emreg\\OneDrive\\Desktop\\Yolnetgo\\backend\\node_modules\\sequelize\\lib\\dialects\\sqlite\\query.js:185:27)\n    at C:\\Users\\emreg\\OneDrive\\Desktop\\Yolnetgo\\backend\\node_modules\\sequelize\\lib\\dialects\\sqlite\\query.js:183:50\n    at new Promise (<anonymous>)\n    at Query.run (C:\\Users\\emreg\\OneDrive\\Desktop\\Yolnetgo\\backend\\node_modules\\sequelize\\lib\\dialects\\sqlite\\query.js:183:12)\n    at C:\\Users\\emreg\\OneDrive\\Desktop\\Yolnetgo\\backend\\node_modules\\sequelize\\lib\\sequelize.js:315:28\n    at process.processTicksAndRejections (node:internal/process/task_queues:105:5)\n    at async SQLiteQueryInterface.select (C:\\Users\\emreg\\OneDrive\\Desktop\\Yolnetgo\\backend\\node_modules\\sequelize\\lib\\dialects\\abstract\\query-interface.js:407:12)\n    at async User.findAll (C:\\Users\\emreg\\OneDrive\\Desktop\\Yolnetgo\\backend\\node_modules\\sequelize\\lib\\model.js:1140:21)\n    at async User.findOne (C:\\Users\\emreg\\OneDrive\\Desktop\\Yolnetgo\\backend\\node_modules\\sequelize\\lib\\model.js:1240:12)\n    at async C:\\Users\\emreg\\OneDrive\\Desktop\\Yolnetgo\\backend\\routes\\auth.js:101:18","timestamp":"2025-10-11 09:25:16"}
{"level":"error","message":"Login error: SQLITE_ERROR: no such column: first_name","name":"SequelizeDatabaseError","original":{"code":"SQLITE_ERROR","errno":1,"sql":"SELECT `id`, `email`, `password`, `first_name` AS `firstName`, `last_name` AS `lastName`, `phone`, `user_type` AS `userType`, `is_active` AS `isActive`, `is_verified` AS `isVerified`, `verification_token` AS `verificationToken`, `reset_password_token` AS `resetPasswordToken`, `reset_password_expires` AS `resetPasswordExpires`, `last_login` AS `lastLogin`, `avatar`, `preferences`, `created_at` AS `createdAt`, `updated_at` AS `updatedAt` FROM `users` AS `User` WHERE `User`.`email` = 'ahmet@test.com';"},"parameters":{},"parent":{"code":"SQLITE_ERROR","errno":1,"sql":"SELECT `id`, `email`, `password`, `first_name` AS `firstName`, `last_name` AS `lastName`, `phone`, `user_type` AS `userType`, `is_active` AS `isActive`, `is_verified` AS `isVerified`, `verification_token` AS `verificationToken`, `reset_password_token` AS `resetPasswordToken`, `reset_password_expires` AS `resetPasswordExpires`, `last_login` AS `lastLogin`, `avatar`, `preferences`, `created_at` AS `createdAt`, `updated_at` AS `updatedAt` FROM `users` AS `User` WHERE `User`.`email` = 'ahmet@test.com';"},"service":"yolnet-backend","sql":"SELECT `id`, `email`, `password`, `first_name` AS `firstName`, `last_name` AS `lastName`, `phone`, `user_type` AS `userType`, `is_active` AS `isActive`, `is_verified` AS `isVerified`, `verification_token` AS `verificationToken`, `reset_password_token` AS `resetPasswordToken`, `reset_password_expires` AS `resetPasswordExpires`, `last_login` AS `lastLogin`, `avatar`, `preferences`, `created_at` AS `createdAt`, `updated_at` AS `updatedAt` FROM `users` AS `User` WHERE `User`.`email` = 'ahmet@test.com';","stack":"Error\n    at Database.<anonymous> (C:\\Users\\emreg\\OneDrive\\Desktop\\Yolnetgo\\backend\\node_modules\\sequelize\\lib\\dialects\\sqlite\\query.js:185:27)\n    at C:\\Users\\emreg\\OneDrive\\Desktop\\Yolnetgo\\backend\\node_modules\\sequelize\\lib\\dialects\\sqlite\\query.js:183:50\n    at new Promise (<anonymous>)\n    at Query.run (C:\\Users\\emreg\\OneDrive\\Desktop\\Yolnetgo\\backend\\node_modules\\sequelize\\lib\\dialects\\sqlite\\query.js:183:12)\n    at C:\\Users\\emreg\\OneDrive\\Desktop\\Yolnetgo\\backend\\node_modules\\sequelize\\lib\\sequelize.js:315:28\n    at process.processTicksAndRejections (node:internal/process/task_queues:105:5)\n    at async SQLiteQueryInterface.select (C:\\Users\\emreg\\OneDrive\\Desktop\\Yolnetgo\\backend\\node_modules\\sequelize\\lib\\dialects\\abstract\\query-interface.js:407:12)\n    at async User.findAll (C:\\Users\\emreg\\OneDrive\\Desktop\\Yolnetgo\\backend\\node_modules\\sequelize\\lib\\model.js:1140:21)\n    at async User.findOne (C:\\Users\\emreg\\OneDrive\\Desktop\\Yolnetgo\\backend\\node_modules\\sequelize\\lib\\model.js:1240:12)\n    at async C:\\Users\\emreg\\OneDrive\\Desktop\\Yolnetgo\\backend\\routes\\auth.js:101:18","timestamp":"2025-10-11 09:36:54"}
{"level":"error","message":"Register error: SQLITE_ERROR: no such column: first_name","name":"SequelizeDatabaseError","original":{"code":"SQLITE_ERROR","errno":1,"sql":"SELECT `id`, `email`, `password`, `first_name` AS `firstName`, `last_name` AS `lastName`, `phone`, `user_type` AS `userType`, `is_active` AS `isActive`, `is_verified` AS `isVerified`, `verification_token` AS `verificationToken`, `reset_password_token` AS `resetPasswordToken`, `reset_password_expires` AS `resetPasswordExpires`, `last_login` AS `lastLogin`, `avatar`, `preferences`, `created_at` AS `createdAt`, `updated_at` AS `updatedAt` FROM `users` AS `User` WHERE `User`.`email` = 'test@example.com';"},"parameters":{},"parent":{"code":"SQLITE_ERROR","errno":1,"sql":"SELECT `id`, `email`, `password`, `first_name` AS `firstName`, `last_name` AS `lastName`, `phone`, `user_type` AS `userType`, `is_active` AS `isActive`, `is_verified` AS `isVerified`, `verification_token` AS `verificationToken`, `reset_password_token` AS `resetPasswordToken`, `reset_password_expires` AS `resetPasswordExpires`, `last_login` AS `lastLogin`, `avatar`, `preferences`, `created_at` AS `createdAt`, `updated_at` AS `updatedAt` FROM `users` AS `User` WHERE `User`.`email` = 'test@example.com';"},"service":"yolnet-backend","sql":"SELECT `id`, `email`, `password`, `first_name` AS `firstName`, `last_name` AS `lastName`, `phone`, `user_type` AS `userType`, `is_active` AS `isActive`, `is_verified` AS `isVerified`, `verification_token` AS `verificationToken`, `reset_password_token` AS `resetPasswordToken`, `reset_password_expires` AS `resetPasswordExpires`, `last_login` AS `lastLogin`, `avatar`, `preferences`, `created_at` AS `createdAt`, `updated_at` AS `updatedAt` FROM `users` AS `User` WHERE `User`.`email` = 'test@example.com';","stack":"Error\n    at Database.<anonymous> (C:\\Users\\emreg\\OneDrive\\Desktop\\Yolnetgo\\backend\\node_modules\\sequelize\\lib\\dialects\\sqlite\\query.js:185:27)\n    at C:\\Users\\emreg\\OneDrive\\Desktop\\Yolnetgo\\backend\\node_modules\\sequelize\\lib\\dialects\\sqlite\\query.js:183:50\n    at new Promise (<anonymous>)\n    at Query.run (C:\\Users\\emreg\\OneDrive\\Desktop\\Yolnetgo\\backend\\node_modules\\sequelize\\lib\\dialects\\sqlite\\query.js:183:12)\n    at C:\\Users\\emreg\\OneDrive\\Desktop\\Yolnetgo\\backend\\node_modules\\sequelize\\lib\\sequelize.js:315:28\n    at process.processTicksAndRejections (node:internal/process/task_queues:105:5)\n    at async SQLiteQueryInterface.select (C:\\Users\\emreg\\OneDrive\\Desktop\\Yolnetgo\\backend\\node_modules\\sequelize\\lib\\dialects\\abstract\\query-interface.js:407:12)\n    at async User.findAll (C:\\Users\\emreg\\OneDrive\\Desktop\\Yolnetgo\\backend\\node_modules\\sequelize\\lib\\model.js:1140:21)\n    at async User.findOne (C:\\Users\\emreg\\OneDrive\\Desktop\\Yolnetgo\\backend\\node_modules\\sequelize\\lib\\model.js:1240:12)\n    at async C:\\Users\\emreg\\OneDrive\\Desktop\\Yolnetgo\\backend\\routes\\auth.js:41:26","timestamp":"2025-10-11 09:37:16"}
{"level":"error","message":"Register error: SQLITE_ERROR: no such column: first_name","name":"SequelizeDatabaseError","original":{"code":"SQLITE_ERROR","errno":1,"sql":"SELECT `id`, `email`, `password`, `first_name` AS `firstName`, `last_name` AS `lastName`, `phone`, `user_type` AS `userType`, `is_active` AS `isActive`, `is_verified` AS `isVerified`, `verification_token` AS `verificationToken`, `reset_password_token` AS `resetPasswordToken`, `reset_password_expires` AS `resetPasswordExpires`, `last_login` AS `lastLogin`, `avatar`, `preferences`, `created_at` AS `createdAt`, `updated_at` AS `updatedAt` FROM `users` AS `User` WHERE `User`.`email` = 'test@example.com';"},"parameters":{},"parent":{"code":"SQLITE_ERROR","errno":1,"sql":"SELECT `id`, `email`, `password`, `first_name` AS `firstName`, `last_name` AS `lastName`, `phone`, `user_type` AS `userType`, `is_active` AS `isActive`, `is_verified` AS `isVerified`, `verification_token` AS `verificationToken`, `reset_password_token` AS `resetPasswordToken`, `reset_password_expires` AS `resetPasswordExpires`, `last_login` AS `lastLogin`, `avatar`, `preferences`, `created_at` AS `createdAt`, `updated_at` AS `updatedAt` FROM `users` AS `User` WHERE `User`.`email` = 'test@example.com';"},"service":"yolnet-backend","sql":"SELECT `id`, `email`, `password`, `first_name` AS `firstName`, `last_name` AS `lastName`, `phone`, `user_type` AS `userType`, `is_active` AS `isActive`, `is_verified` AS `isVerified`, `verification_token` AS `verificationToken`, `reset_password_token` AS `resetPasswordToken`, `reset_password_expires` AS `resetPasswordExpires`, `last_login` AS `lastLogin`, `avatar`, `preferences`, `created_at` AS `createdAt`, `updated_at` AS `updatedAt` FROM `users` AS `User` WHERE `User`.`email` = 'test@example.com';","stack":"Error\n    at Database.<anonymous> (C:\\Users\\emreg\\OneDrive\\Desktop\\Yolnetgo\\backend\\node_modules\\sequelize\\lib\\dialects\\sqlite\\query.js:185:27)\n    at C:\\Users\\emreg\\OneDrive\\Desktop\\Yolnetgo\\backend\\node_modules\\sequelize\\lib\\dialects\\sqlite\\query.js:183:50\n    at new Promise (<anonymous>)\n    at Query.run (C:\\Users\\emreg\\OneDrive\\Desktop\\Yolnetgo\\backend\\node_modules\\sequelize\\lib\\dialects\\sqlite\\query.js:183:12)\n    at C:\\Users\\emreg\\OneDrive\\Desktop\\Yolnetgo\\backend\\node_modules\\sequelize\\lib\\sequelize.js:315:28\n    at process.processTicksAndRejections (node:internal/process/task_queues:105:5)\n    at async SQLiteQueryInterface.select (C:\\Users\\emreg\\OneDrive\\Desktop\\Yolnetgo\\backend\\node_modules\\sequelize\\lib\\dialects\\abstract\\query-interface.js:407:12)\n    at async User.findAll (C:\\Users\\emreg\\OneDrive\\Desktop\\Yolnetgo\\backend\\node_modules\\sequelize\\lib\\model.js:1140:21)\n    at async User.findOne (C:\\Users\\emreg\\OneDrive\\Desktop\\Yolnetgo\\backend\\node_modules\\sequelize\\lib\\model.js:1240:12)\n    at async C:\\Users\\emreg\\OneDrive\\Desktop\\Yolnetgo\\backend\\routes\\auth.js:41:26","timestamp":"2025-10-11 09:37:27"}
{"level":"error","message":"Register error: SQLITE_ERROR: no such column: first_name","name":"SequelizeDatabaseError","original":{"code":"SQLITE_ERROR","errno":1,"sql":"SELECT `id`, `email`, `password`, `first_name` AS `firstName`, `last_name` AS `lastName`, `phone`, `user_type` AS `userType`, `is_active` AS `isActive`, `is_verified` AS `isVerified`, `verification_token` AS `verificationToken`, `reset_password_token` AS `resetPasswordToken`, `reset_password_expires` AS `resetPasswordExpires`, `last_login` AS `lastLogin`, `avatar`, `preferences`, `created_at` AS `createdAt`, `updated_at` AS `updatedAt` FROM `users` AS `User` WHERE `User`.`email` = 'test@example.com';"},"parameters":{},"parent":{"code":"SQLITE_ERROR","errno":1,"sql":"SELECT `id`, `email`, `password`, `first_name` AS `firstName`, `last_name` AS `lastName`, `phone`, `user_type` AS `userType`, `is_active` AS `isActive`, `is_verified` AS `isVerified`, `verification_token` AS `verificationToken`, `reset_password_token` AS `resetPasswordToken`, `reset_password_expires` AS `resetPasswordExpires`, `last_login` AS `lastLogin`, `avatar`, `preferences`, `created_at` AS `createdAt`, `updated_at` AS `updatedAt` FROM `users` AS `User` WHERE `User`.`email` = 'test@example.com';"},"service":"yolnet-backend","sql":"SELECT `id`, `email`, `password`, `first_name` AS `firstName`, `last_name` AS `lastName`, `phone`, `user_type` AS `userType`, `is_active` AS `isActive`, `is_verified` AS `isVerified`, `verification_token` AS `verificationToken`, `reset_password_token` AS `resetPasswordToken`, `reset_password_expires` AS `resetPasswordExpires`, `last_login` AS `lastLogin`, `avatar`, `preferences`, `created_at` AS `createdAt`, `updated_at` AS `updatedAt` FROM `users` AS `User` WHERE `User`.`email` = 'test@example.com';","stack":"Error\n    at Database.<anonymous> (C:\\Users\\emreg\\OneDrive\\Desktop\\Yolnetgo\\backend\\node_modules\\sequelize\\lib\\dialects\\sqlite\\query.js:185:27)\n    at C:\\Users\\emreg\\OneDrive\\Desktop\\Yolnetgo\\backend\\node_modules\\sequelize\\lib\\dialects\\sqlite\\query.js:183:50\n    at new Promise (<anonymous>)\n    at Query.run (C:\\Users\\emreg\\OneDrive\\Desktop\\Yolnetgo\\backend\\node_modules\\sequelize\\lib\\dialects\\sqlite\\query.js:183:12)\n    at C:\\Users\\emreg\\OneDrive\\Desktop\\Yolnetgo\\backend\\node_modules\\sequelize\\lib\\sequelize.js:315:28\n    at process.processTicksAndRejections (node:internal/process/task_queues:105:5)\n    at async SQLiteQueryInterface.select (C:\\Users\\emreg\\OneDrive\\Desktop\\Yolnetgo\\backend\\node_modules\\sequelize\\lib\\dialects\\abstract\\query-interface.js:407:12)\n    at async User.findAll (C:\\Users\\emreg\\OneDrive\\Desktop\\Yolnetgo\\backend\\node_modules\\sequelize\\lib\\model.js:1140:21)\n    at async User.findOne (C:\\Users\\emreg\\OneDrive\\Desktop\\Yolnetgo\\backend\\node_modules\\sequelize\\lib\\model.js:1240:12)\n    at async C:\\Users\\emreg\\OneDrive\\Desktop\\Yolnetgo\\backend\\routes\\auth.js:41:26","timestamp":"2025-10-11 09:37:38"}
{"level":"error","message":"Register error: SQLITE_ERROR: no such column: first_name","name":"SequelizeDatabaseError","original":{"code":"SQLITE_ERROR","errno":1,"sql":"SELECT `id`, `email`, `password`, `first_name` AS `firstName`, `last_name` AS `lastName`, `phone`, `user_type` AS `userType`, `is_active` AS `isActive`, `is_verified` AS `isVerified`, `verification_token` AS `verificationToken`, `reset_password_token` AS `resetPasswordToken`, `reset_password_expires` AS `resetPasswordExpires`, `last_login` AS `lastLogin`, `avatar`, `preferences`, `created_at` AS `createdAt`, `updated_at` AS `updatedAt` FROM `users` AS `User` WHERE `User`.`email` = 'test@example.com';"},"parameters":{},"parent":{"code":"SQLITE_ERROR","errno":1,"sql":"SELECT `id`, `email`, `password`, `first_name` AS `firstName`, `last_name` AS `lastName`, `phone`, `user_type` AS `userType`, `is_active` AS `isActive`, `is_verified` AS `isVerified`, `verification_token` AS `verificationToken`, `reset_password_token` AS `resetPasswordToken`, `reset_password_expires` AS `resetPasswordExpires`, `last_login` AS `lastLogin`, `avatar`, `preferences`, `created_at` AS `createdAt`, `updated_at` AS `updatedAt` FROM `users` AS `User` WHERE `User`.`email` = 'test@example.com';"},"service":"yolnet-backend","sql":"SELECT `id`, `email`, `password`, `first_name` AS `firstName`, `last_name` AS `lastName`, `phone`, `user_type` AS `userType`, `is_active` AS `isActive`, `is_verified` AS `isVerified`, `verification_token` AS `verificationToken`, `reset_password_token` AS `resetPasswordToken`, `reset_password_expires` AS `resetPasswordExpires`, `last_login` AS `lastLogin`, `avatar`, `preferences`, `created_at` AS `createdAt`, `updated_at` AS `updatedAt` FROM `users` AS `User` WHERE `User`.`email` = 'test@example.com';","stack":"Error\n    at Database.<anonymous> (C:\\Users\\emreg\\OneDrive\\Desktop\\Yolnetgo\\backend\\node_modules\\sequelize\\lib\\dialects\\sqlite\\query.js:185:27)\n    at C:\\Users\\emreg\\OneDrive\\Desktop\\Yolnetgo\\backend\\node_modules\\sequelize\\lib\\dialects\\sqlite\\query.js:183:50\n    at new Promise (<anonymous>)\n    at Query.run (C:\\Users\\emreg\\OneDrive\\Desktop\\Yolnetgo\\backend\\node_modules\\sequelize\\lib\\dialects\\sqlite\\query.js:183:12)\n    at C:\\Users\\emreg\\OneDrive\\Desktop\\Yolnetgo\\backend\\node_modules\\sequelize\\lib\\sequelize.js:315:28\n    at process.processTicksAndRejections (node:internal/process/task_queues:105:5)\n    at async SQLiteQueryInterface.select (C:\\Users\\emreg\\OneDrive\\Desktop\\Yolnetgo\\backend\\node_modules\\sequelize\\lib\\dialects\\abstract\\query-interface.js:407:12)\n    at async User.findAll (C:\\Users\\emreg\\OneDrive\\Desktop\\Yolnetgo\\backend\\node_modules\\sequelize\\lib\\model.js:1140:21)\n    at async User.findOne (C:\\Users\\emreg\\OneDrive\\Desktop\\Yolnetgo\\backend\\node_modules\\sequelize\\lib\\model.js:1240:12)\n    at async C:\\Users\\emreg\\OneDrive\\Desktop\\Yolnetgo\\backend\\routes\\auth.js:41:26","timestamp":"2025-10-11 09:42:55"}
{"level":"error","message":"Register error: SQLITE_ERROR: no such column: first_name","name":"SequelizeDatabaseError","original":{"code":"SQLITE_ERROR","errno":1,"sql":"SELECT `id`, `email`, `password`, `first_name` AS `firstName`, `last_name` AS `lastName`, `phone`, `user_type` AS `userType`, `is_active` AS `isActive`, `is_verified` AS `isVerified`, `verification_token` AS `verificationToken`, `reset_password_token` AS `resetPasswordToken`, `reset_password_expires` AS `resetPasswordExpires`, `last_login` AS `lastLogin`, `avatar`, `preferences`, `created_at` AS `createdAt`, `updated_at` AS `updatedAt` FROM `users` AS `User` WHERE `User`.`email` = 'test@example.com';"},"parameters":{},"parent":{"code":"SQLITE_ERROR","errno":1,"sql":"SELECT `id`, `email`, `password`, `first_name` AS `firstName`, `last_name` AS `lastName`, `phone`, `user_type` AS `userType`, `is_active` AS `isActive`, `is_verified` AS `isVerified`, `verification_token` AS `verificationToken`, `reset_password_token` AS `resetPasswordToken`, `reset_password_expires` AS `resetPasswordExpires`, `last_login` AS `lastLogin`, `avatar`, `preferences`, `created_at` AS `createdAt`, `updated_at` AS `updatedAt` FROM `users` AS `User` WHERE `User`.`email` = 'test@example.com';"},"service":"yolnet-backend","sql":"SELECT `id`, `email`, `password`, `first_name` AS `firstName`, `last_name` AS `lastName`, `phone`, `user_type` AS `userType`, `is_active` AS `isActive`, `is_verified` AS `isVerified`, `verification_token` AS `verificationToken`, `reset_password_token` AS `resetPasswordToken`, `reset_password_expires` AS `resetPasswordExpires`, `last_login` AS `lastLogin`, `avatar`, `preferences`, `created_at` AS `createdAt`, `updated_at` AS `updatedAt` FROM `users` AS `User` WHERE `User`.`email` = 'test@example.com';","stack":"Error\n    at Database.<anonymous> (C:\\Users\\emreg\\OneDrive\\Desktop\\Yolnetgo\\backend\\node_modules\\sequelize\\lib\\dialects\\sqlite\\query.js:185:27)\n    at C:\\Users\\emreg\\OneDrive\\Desktop\\Yolnetgo\\backend\\node_modules\\sequelize\\lib\\dialects\\sqlite\\query.js:183:50\n    at new Promise (<anonymous>)\n    at Query.run (C:\\Users\\emreg\\OneDrive\\Desktop\\Yolnetgo\\backend\\node_modules\\sequelize\\lib\\dialects\\sqlite\\query.js:183:12)\n    at C:\\Users\\emreg\\OneDrive\\Desktop\\Yolnetgo\\backend\\node_modules\\sequelize\\lib\\sequelize.js:315:28\n    at process.processTicksAndRejections (node:internal/process/task_queues:105:5)\n    at async SQLiteQueryInterface.select (C:\\Users\\emreg\\OneDrive\\Desktop\\Yolnetgo\\backend\\node_modules\\sequelize\\lib\\dialects\\abstract\\query-interface.js:407:12)\n    at async User.findAll (C:\\Users\\emreg\\OneDrive\\Desktop\\Yolnetgo\\backend\\node_modules\\sequelize\\lib\\model.js:1140:21)\n    at async User.findOne (C:\\Users\\emreg\\OneDrive\\Desktop\\Yolnetgo\\backend\\node_modules\\sequelize\\lib\\model.js:1240:12)\n    at async C:\\Users\\emreg\\OneDrive\\Desktop\\Yolnetgo\\backend\\routes\\auth.js:41:26","timestamp":"2025-10-11 09:50:25"}
{"level":"error","message":"Register error: SQLITE_ERROR: no such column: first_name","name":"SequelizeDatabaseError","original":{"code":"SQLITE_ERROR","errno":1,"sql":"SELECT `id`, `email`, `password`, `first_name` AS `firstName`, `last_name` AS `lastName`, `phone`, `user_type` AS `userType`, `is_active` AS `isActive`, `is_verified` AS `isVerified`, `verification_token` AS `verificationToken`, `reset_password_token` AS `resetPasswordToken`, `reset_password_expires` AS `resetPasswordExpires`, `last_login` AS `lastLogin`, `avatar`, `preferences`, `created_at` AS `createdAt`, `updated_at` AS `updatedAt` FROM `users` AS `User` WHERE `User`.`email` = 'test@example.com';"},"parameters":{},"parent":{"code":"SQLITE_ERROR","errno":1,"sql":"SELECT `id`, `email`, `password`, `first_name` AS `firstName`, `last_name` AS `lastName`, `phone`, `user_type` AS `userType`, `is_active` AS `isActive`, `is_verified` AS `isVerified`, `verification_token` AS `verificationToken`, `reset_password_token` AS `resetPasswordToken`, `reset_password_expires` AS `resetPasswordExpires`, `last_login` AS `lastLogin`, `avatar`, `preferences`, `created_at` AS `createdAt`, `updated_at` AS `updatedAt` FROM `users` AS `User` WHERE `User`.`email` = 'test@example.com';"},"service":"yolnet-backend","sql":"SELECT `id`, `email`, `password`, `first_name` AS `firstName`, `last_name` AS `lastName`, `phone`, `user_type` AS `userType`, `is_active` AS `isActive`, `is_verified` AS `isVerified`, `verification_token` AS `verificationToken`, `reset_password_token` AS `resetPasswordToken`, `reset_password_expires` AS `resetPasswordExpires`, `last_login` AS `lastLogin`, `avatar`, `preferences`, `created_at` AS `createdAt`, `updated_at` AS `updatedAt` FROM `users` AS `User` WHERE `User`.`email` = 'test@example.com';","stack":"Error\n    at Database.<anonymous> (C:\\Users\\emreg\\OneDrive\\Desktop\\Yolnetgo\\backend\\node_modules\\sequelize\\lib\\dialects\\sqlite\\query.js:185:27)\n    at C:\\Users\\emreg\\OneDrive\\Desktop\\Yolnetgo\\backend\\node_modules\\sequelize\\lib\\dialects\\sqlite\\query.js:183:50\n    at new Promise (<anonymous>)\n    at Query.run (C:\\Users\\emreg\\OneDrive\\Desktop\\Yolnetgo\\backend\\node_modules\\sequelize\\lib\\dialects\\sqlite\\query.js:183:12)\n    at C:\\Users\\emreg\\OneDrive\\Desktop\\Yolnetgo\\backend\\node_modules\\sequelize\\lib\\sequelize.js:315:28\n    at process.processTicksAndRejections (node:internal/process/task_queues:105:5)\n    at async SQLiteQueryInterface.select (C:\\Users\\emreg\\OneDrive\\Desktop\\Yolnetgo\\backend\\node_modules\\sequelize\\lib\\dialects\\abstract\\query-interface.js:407:12)\n    at async User.findAll (C:\\Users\\emreg\\OneDrive\\Desktop\\Yolnetgo\\backend\\node_modules\\sequelize\\lib\\model.js:1140:21)\n    at async User.findOne (C:\\Users\\emreg\\OneDrive\\Desktop\\Yolnetgo\\backend\\node_modules\\sequelize\\lib\\model.js:1240:12)\n    at async C:\\Users\\emreg\\OneDrive\\Desktop\\Yolnetgo\\backend\\routes\\auth.js:41:26","timestamp":"2025-10-11 09:50:45"}
{"level":"error","message":"Register error: SQLITE_ERROR: no such column: first_name","name":"SequelizeDatabaseError","original":{"code":"SQLITE_ERROR","errno":1,"sql":"SELECT `id`, `email`, `password`, `first_name` AS `firstName`, `last_name` AS `lastName`, `phone`, `user_type` AS `userType`, `is_active` AS `isActive`, `is_verified` AS `isVerified`, `verification_token` AS `verificationToken`, `reset_password_token` AS `resetPasswordToken`, `reset_password_expires` AS `resetPasswordExpires`, `last_login` AS `lastLogin`, `avatar`, `preferences`, `created_at` AS `createdAt`, `updated_at` AS `updatedAt` FROM `users` AS `User` WHERE `User`.`email` = 'test@example.com';"},"parameters":{},"parent":{"code":"SQLITE_ERROR","errno":1,"sql":"SELECT `id`, `email`, `password`, `first_name` AS `firstName`, `last_name` AS `lastName`, `phone`, `user_type` AS `userType`, `is_active` AS `isActive`, `is_verified` AS `isVerified`, `verification_token` AS `verificationToken`, `reset_password_token` AS `resetPasswordToken`, `reset_password_expires` AS `resetPasswordExpires`, `last_login` AS `lastLogin`, `avatar`, `preferences`, `created_at` AS `createdAt`, `updated_at` AS `updatedAt` FROM `users` AS `User` WHERE `User`.`email` = 'test@example.com';"},"service":"yolnet-backend","sql":"SELECT `id`, `email`, `password`, `first_name` AS `firstName`, `last_name` AS `lastName`, `phone`, `user_type` AS `userType`, `is_active` AS `isActive`, `is_verified` AS `isVerified`, `verification_token` AS `verificationToken`, `reset_password_token` AS `resetPasswordToken`, `reset_password_expires` AS `resetPasswordExpires`, `last_login` AS `lastLogin`, `avatar`, `preferences`, `created_at` AS `createdAt`, `updated_at` AS `updatedAt` FROM `users` AS `User` WHERE `User`.`email` = 'test@example.com';","stack":"Error\n    at Database.<anonymous> (C:\\Users\\emreg\\OneDrive\\Desktop\\Yolnetgo\\backend\\node_modules\\sequelize\\lib\\dialects\\sqlite\\query.js:185:27)\n    at C:\\Users\\emreg\\OneDrive\\Desktop\\Yolnetgo\\backend\\node_modules\\sequelize\\lib\\dialects\\sqlite\\query.js:183:50\n    at new Promise (<anonymous>)\n    at Query.run (C:\\Users\\emreg\\OneDrive\\Desktop\\Yolnetgo\\backend\\node_modules\\sequelize\\lib\\dialects\\sqlite\\query.js:183:12)\n    at C:\\Users\\emreg\\OneDrive\\Desktop\\Yolnetgo\\backend\\node_modules\\sequelize\\lib\\sequelize.js:315:28\n    at process.processTicksAndRejections (node:internal/process/task_queues:105:5)\n    at async SQLiteQueryInterface.select (C:\\Users\\emreg\\OneDrive\\Desktop\\Yolnetgo\\backend\\node_modules\\sequelize\\lib\\dialects\\abstract\\query-interface.js:407:12)\n    at async User.findAll (C:\\Users\\emreg\\OneDrive\\Desktop\\Yolnetgo\\backend\\node_modules\\sequelize\\lib\\model.js:1140:21)\n    at async User.findOne (C:\\Users\\emreg\\OneDrive\\Desktop\\Yolnetgo\\backend\\node_modules\\sequelize\\lib\\model.js:1240:12)\n    at async C:\\Users\\emreg\\OneDrive\\Desktop\\Yolnetgo\\backend\\routes\\auth.js:41:26","timestamp":"2025-10-11 09:51:02"}
{"level":"error","message":"Register error: SQLITE_ERROR: no such column: first_name","name":"SequelizeDatabaseError","original":{"code":"SQLITE_ERROR","errno":1,"sql":"SELECT `id`, `email`, `password`, `first_name` AS `firstName`, `last_name` AS `lastName`, `phone`, `user_type` AS `userType`, `is_active` AS `isActive`, `is_verified` AS `isVerified`, `verification_token` AS `verificationToken`, `reset_password_token` AS `resetPasswordToken`, `reset_password_expires` AS `resetPasswordExpires`, `last_login` AS `lastLogin`, `avatar`, `preferences`, `created_at` AS `createdAt`, `updated_at` AS `updatedAt` FROM `users` AS `User` WHERE `User`.`email` = 'test@example.com';"},"parameters":{},"parent":{"code":"SQLITE_ERROR","errno":1,"sql":"SELECT `id`, `email`, `password`, `first_name` AS `firstName`, `last_name` AS `lastName`, `phone`, `user_type` AS `userType`, `is_active` AS `isActive`, `is_verified` AS `isVerified`, `verification_token` AS `verificationToken`, `reset_password_token` AS `resetPasswordToken`, `reset_password_expires` AS `resetPasswordExpires`, `last_login` AS `lastLogin`, `avatar`, `preferences`, `created_at` AS `createdAt`, `updated_at` AS `updatedAt` FROM `users` AS `User` WHERE `User`.`email` = 'test@example.com';"},"service":"yolnet-backend","sql":"SELECT `id`, `email`, `password`, `first_name` AS `firstName`, `last_name` AS `lastName`, `phone`, `user_type` AS `userType`, `is_active` AS `isActive`, `is_verified` AS `isVerified`, `verification_token` AS `verificationToken`, `reset_password_token` AS `resetPasswordToken`, `reset_password_expires` AS `resetPasswordExpires`, `last_login` AS `lastLogin`, `avatar`, `preferences`, `created_at` AS `createdAt`, `updated_at` AS `updatedAt` FROM `users` AS `User` WHERE `User`.`email` = 'test@example.com';","stack":"Error\n    at Database.<anonymous> (C:\\Users\\emreg\\OneDrive\\Desktop\\Yolnetgo\\backend\\node_modules\\sequelize\\lib\\dialects\\sqlite\\query.js:185:27)\n    at C:\\Users\\emreg\\OneDrive\\Desktop\\Yolnetgo\\backend\\node_modules\\sequelize\\lib\\dialects\\sqlite\\query.js:183:50\n    at new Promise (<anonymous>)\n    at Query.run (C:\\Users\\emreg\\OneDrive\\Desktop\\Yolnetgo\\backend\\node_modules\\sequelize\\lib\\dialects\\sqlite\\query.js:183:12)\n    at C:\\Users\\emreg\\OneDrive\\Desktop\\Yolnetgo\\backend\\node_modules\\sequelize\\lib\\sequelize.js:315:28\n    at process.processTicksAndRejections (node:internal/process/task_queues:105:5)\n    at async SQLiteQueryInterface.select (C:\\Users\\emreg\\OneDrive\\Desktop\\Yolnetgo\\backend\\node_modules\\sequelize\\lib\\dialects\\abstract\\query-interface.js:407:12)\n    at async User.findAll (C:\\Users\\emreg\\OneDrive\\Desktop\\Yolnetgo\\backend\\node_modules\\sequelize\\lib\\model.js:1140:21)\n    at async User.findOne (C:\\Users\\emreg\\OneDrive\\Desktop\\Yolnetgo\\backend\\node_modules\\sequelize\\lib\\model.js:1240:12)\n    at async C:\\Users\\emreg\\OneDrive\\Desktop\\Yolnetgo\\backend\\routes\\auth.js:41:26","timestamp":"2025-10-11 09:51:19"}
{"level":"error","message":"Register error: SQLITE_ERROR: no such column: first_name","name":"SequelizeDatabaseError","original":{"code":"SQLITE_ERROR","errno":1,"sql":"SELECT `id`, `email`, `password`, `first_name` AS `firstName`, `last_name` AS `lastName`, `phone`, `user_type` AS `userType`, `is_active` AS `isActive`, `is_verified` AS `isVerified`, `verification_token` AS `verificationToken`, `reset_password_token` AS `resetPasswordToken`, `reset_password_expires` AS `resetPasswordExpires`, `last_login` AS `lastLogin`, `avatar`, `preferences`, `created_at` AS `createdAt`, `updated_at` AS `updatedAt` FROM `users` AS `User` WHERE `User`.`email` = 'test@example.com';"},"parameters":{},"parent":{"code":"SQLITE_ERROR","errno":1,"sql":"SELECT `id`, `email`, `password`, `first_name` AS `firstName`, `last_name` AS `lastName`, `phone`, `user_type` AS `userType`, `is_active` AS `isActive`, `is_verified` AS `isVerified`, `verification_token` AS `verificationToken`, `reset_password_token` AS `resetPasswordToken`, `reset_password_expires` AS `resetPasswordExpires`, `last_login` AS `lastLogin`, `avatar`, `preferences`, `created_at` AS `createdAt`, `updated_at` AS `updatedAt` FROM `users` AS `User` WHERE `User`.`email` = 'test@example.com';"},"service":"yolnet-backend","sql":"SELECT `id`, `email`, `password`, `first_name` AS `firstName`, `last_name` AS `lastName`, `phone`, `user_type` AS `userType`, `is_active` AS `isActive`, `is_verified` AS `isVerified`, `verification_token` AS `verificationToken`, `reset_password_token` AS `resetPasswordToken`, `reset_password_expires` AS `resetPasswordExpires`, `last_login` AS `lastLogin`, `avatar`, `preferences`, `created_at` AS `createdAt`, `updated_at` AS `updatedAt` FROM `users` AS `User` WHERE `User`.`email` = 'test@example.com';","stack":"Error\n    at Database.<anonymous> (C:\\Users\\emreg\\OneDrive\\Desktop\\Yolnetgo\\backend\\node_modules\\sequelize\\lib\\dialects\\sqlite\\query.js:185:27)\n    at C:\\Users\\emreg\\OneDrive\\Desktop\\Yolnetgo\\backend\\node_modules\\sequelize\\lib\\dialects\\sqlite\\query.js:183:50\n    at new Promise (<anonymous>)\n    at Query.run (C:\\Users\\emreg\\OneDrive\\Desktop\\Yolnetgo\\backend\\node_modules\\sequelize\\lib\\dialects\\sqlite\\query.js:183:12)\n    at C:\\Users\\emreg\\OneDrive\\Desktop\\Yolnetgo\\backend\\node_modules\\sequelize\\lib\\sequelize.js:315:28\n    at process.processTicksAndRejections (node:internal/process/task_queues:105:5)\n    at async SQLiteQueryInterface.select (C:\\Users\\emreg\\OneDrive\\Desktop\\Yolnetgo\\backend\\node_modules\\sequelize\\lib\\dialects\\abstract\\query-interface.js:407:12)\n    at async User.findAll (C:\\Users\\emreg\\OneDrive\\Desktop\\Yolnetgo\\backend\\node_modules\\sequelize\\lib\\model.js:1140:21)\n    at async User.findOne (C:\\Users\\emreg\\OneDrive\\Desktop\\Yolnetgo\\backend\\node_modules\\sequelize\\lib\\model.js:1240:12)\n    at async C:\\Users\\emreg\\OneDrive\\Desktop\\Yolnetgo\\backend\\routes\\auth.js:41:26","timestamp":"2025-10-11 09:51:33"}
{"level":"error","message":"Register error: SQLITE_ERROR: no such column: first_name","name":"SequelizeDatabaseError","original":{"code":"SQLITE_ERROR","errno":1,"sql":"SELECT `id`, `email`, `password`, `first_name` AS `firstName`, `last_name` AS `lastName`, `phone`, `user_type` AS `userType`, `is_active` AS `isActive`, `is_verified` AS `isVerified`, `verification_token` AS `verificationToken`, `reset_password_token` AS `resetPasswordToken`, `reset_password_expires` AS `resetPasswordExpires`, `last_login` AS `lastLogin`, `avatar`, `preferences`, `created_at` AS `createdAt`, `updated_at` AS `updatedAt` FROM `users` AS `User` WHERE `User`.`email` = 'test@example.com';"},"parameters":{},"parent":{"code":"SQLITE_ERROR","errno":1,"sql":"SELECT `id`, `email`, `password`, `first_name` AS `firstName`, `last_name` AS `lastName`, `phone`, `user_type` AS `userType`, `is_active` AS `isActive`, `is_verified` AS `isVerified`, `verification_token` AS `verificationToken`, `reset_password_token` AS `resetPasswordToken`, `reset_password_expires` AS `resetPasswordExpires`, `last_login` AS `lastLogin`, `avatar`, `preferences`, `created_at` AS `createdAt`, `updated_at` AS `updatedAt` FROM `users` AS `User` WHERE `User`.`email` = 'test@example.com';"},"service":"yolnet-backend","sql":"SELECT `id`, `email`, `password`, `first_name` AS `firstName`, `last_name` AS `lastName`, `phone`, `user_type` AS `userType`, `is_active` AS `isActive`, `is_verified` AS `isVerified`, `verification_token` AS `verificationToken`, `reset_password_token` AS `resetPasswordToken`, `reset_password_expires` AS `resetPasswordExpires`, `last_login` AS `lastLogin`, `avatar`, `preferences`, `created_at` AS `createdAt`, `updated_at` AS `updatedAt` FROM `users` AS `User` WHERE `User`.`email` = 'test@example.com';","stack":"Error\n    at Database.<anonymous> (C:\\Users\\emreg\\OneDrive\\Desktop\\Yolnetgo\\backend\\node_modules\\sequelize\\lib\\dialects\\sqlite\\query.js:185:27)\n    at C:\\Users\\emreg\\OneDrive\\Desktop\\Yolnetgo\\backend\\node_modules\\sequelize\\lib\\dialects\\sqlite\\query.js:183:50\n    at new Promise (<anonymous>)\n    at Query.run (C:\\Users\\emreg\\OneDrive\\Desktop\\Yolnetgo\\backend\\node_modules\\sequelize\\lib\\dialects\\sqlite\\query.js:183:12)\n    at C:\\Users\\emreg\\OneDrive\\Desktop\\Yolnetgo\\backend\\node_modules\\sequelize\\lib\\sequelize.js:315:28\n    at process.processTicksAndRejections (node:internal/process/task_queues:105:5)\n    at async SQLiteQueryInterface.select (C:\\Users\\emreg\\OneDrive\\Desktop\\Yolnetgo\\backend\\node_modules\\sequelize\\lib\\dialects\\abstract\\query-interface.js:407:12)\n    at async User.findAll (C:\\Users\\emreg\\OneDrive\\Desktop\\Yolnetgo\\backend\\node_modules\\sequelize\\lib\\model.js:1140:21)\n    at async User.findOne (C:\\Users\\emreg\\OneDrive\\Desktop\\Yolnetgo\\backend\\node_modules\\sequelize\\lib\\model.js:1240:12)\n    at async C:\\Users\\emreg\\OneDrive\\Desktop\\Yolnetgo\\backend\\routes\\auth.js:41:26","timestamp":"2025-10-11 09:59:19"}
{"level":"error","message":"Not Found - /api/health","service":"yolnet-backend","stack":"Error: Not Found - /api/health\n    at notFound (C:\\Users\\emreg\\OneDrive\\Desktop\\Yolnetgo\\backend\\middleware\\errorHandler.js:4:17)\n    at Layer.handle [as handle_request] (C:\\Users\\emreg\\OneDrive\\Desktop\\Yolnetgo\\backend\\node_modules\\express\\lib\\router\\layer.js:95:5)\n    at trim_prefix (C:\\Users\\emreg\\OneDrive\\Desktop\\Yolnetgo\\backend\\node_modules\\express\\lib\\router\\index.js:328:13)\n    at C:\\Users\\emreg\\OneDrive\\Desktop\\Yolnetgo\\backend\\node_modules\\express\\lib\\router\\index.js:286:9\n    at Function.process_params (C:\\Users\\emreg\\OneDrive\\Desktop\\Yolnetgo\\backend\\node_modules\\express\\lib\\router\\index.js:346:12)\n    at next (C:\\Users\\emreg\\OneDrive\\Desktop\\Yolnetgo\\backend\\node_modules\\express\\lib\\router\\index.js:280:10)\n    at C:\\Users\\emreg\\OneDrive\\Desktop\\Yolnetgo\\backend\\server.js:60:3\n    at Layer.handle [as handle_request] (C:\\Users\\emreg\\OneDrive\\Desktop\\Yolnetgo\\backend\\node_modules\\express\\lib\\router\\layer.js:95:5)\n    at trim_prefix (C:\\Users\\emreg\\OneDrive\\Desktop\\Yolnetgo\\backend\\node_modules\\express\\lib\\router\\index.js:328:13)\n    at C:\\Users\\emreg\\OneDrive\\Desktop\\Yolnetgo\\backend\\node_modules\\express\\lib\\router\\index.js:286:9","status":404,"timestamp":"2025-10-12 21:19:26"}
{"level":"error","message":"Unhandled Promise Rejection: logger.error is not a function","service":"yolnet-backend","stack":"TypeError: logger.error is not a function\n    at C:\\Users\\emreg\\OneDrive\\Desktop\\Yolnetgo\\backend\\routes\\auth.js:77:12","timestamp":"2025-10-12 21:20:00"}
{"address":"::","code":"EADDRINUSE","errno":-4091,"level":"error","message":"Uncaught Exception: listen EADDRINUSE: address already in use :::5000","port":5000,"service":"yolnet-backend","stack":"Error: listen EADDRINUSE: address already in use :::5000\n    at Server.setupListenHandle [as _listen2] (node:net:1940:16)\n    at listenInCluster (node:net:1997:12)\n    at Server.listen (node:net:2102:7)\n    at startServer (C:\\Users\\emreg\\OneDrive\\Desktop\\Yolnetgo\\backend\\server.js:122:12)\n    at process.processTicksAndRejections (node:internal/process/task_queues:105:5)","syscall":"listen","timestamp":"2025-10-12 21:32:35"}
{"level":"error","message":"Unhandled Promise Rejection: logger.error is not a function","service":"yolnet-backend","stack":"TypeError: logger.error is not a function\n    at C:\\Users\\emreg\\OneDrive\\Desktop\\Yolnetgo\\backend\\routes\\auth.js:77:12\n    at process.processTicksAndRejections (node:internal/process/task_queues:105:5)","timestamp":"2025-10-12 21:53:06"}
{"level":"error","message":"Unhandled Promise Rejection: logger.error is not a function","service":"yolnet-backend","stack":"TypeError: logger.error is not a function\n    at C:\\Users\\emreg\\OneDrive\\Desktop\\Yolnetgo\\backend\\routes\\auth.js:77:12","timestamp":"2025-10-12 22:09:17"}
{"level":"error","message":"Unhandled Promise Rejection: logger.error is not a function","service":"yolnet-backend","stack":"TypeError: logger.error is not a function\n    at C:\\Users\\emreg\\OneDrive\\Desktop\\Yolnetgo\\backend\\routes\\auth.js:77:12","timestamp":"2025-10-12 22:18:32"}
{"level":"error","message":"Unhandled Promise Rejection: logger.error is not a function","service":"yolnet-backend","stack":"TypeError: logger.error is not a function\n    at C:\\Users\\emreg\\OneDrive\\Desktop\\Yolnetgo\\backend\\routes\\auth.js:77:12","timestamp":"2025-10-12 22:23:02"}
{"level":"error","message":"Unhandled Promise Rejection: logger.error is not a function","service":"yolnet-backend","stack":"TypeError: logger.error is not a function\n    at C:\\Users\\emreg\\OneDrive\\Desktop\\Yolnetgo\\backend\\routes\\auth.js:77:12","timestamp":"2025-10-12 22:36:30"}
{"level":"error","message":"Unhandled Promise Rejection: logger.error is not a function","service":"yolnet-backend","stack":"TypeError: logger.error is not a function\n    at C:\\Users\\emreg\\OneDrive\\Desktop\\Yolnetgo\\backend\\routes\\auth.js:77:12","timestamp":"2025-10-12 22:48:39"}
{"level":"error","message":"Unhandled Promise Rejection: logger.error is not a function","service":"yolnet-backend","stack":"TypeError: logger.error is not a function\n    at C:\\Users\\emreg\\OneDrive\\Desktop\\Yolnetgo\\backend\\routes\\auth.js:77:12","timestamp":"2025-10-12 23:21:52"}
{"level":"error","message":"Unhandled Promise Rejection: logger.error is not a function","service":"yolnet-backend","stack":"TypeError: logger.error is not a function\n    at C:\\Users\\emreg\\OneDrive\\Desktop\\Yolnetgo\\backend\\routes\\auth.js:77:12","timestamp":"2025-10-12 23:26:07"}
{"level":"error","message":"Unhandled Promise Rejection: logger.error is not a function","service":"yolnet-backend","stack":"TypeError: logger.error is not a function\n    at C:\\Users\\emreg\\OneDrive\\Desktop\\Yolnetgo\\backend\\routes\\auth.js:77:12","timestamp":"2025-10-12 23:27:01"}
{"level":"error","message":"Unhandled Promise Rejection: logger.error is not a function","service":"yolnet-backend","stack":"TypeError: logger.error is not a function\n    at C:\\Users\\emreg\\OneDrive\\Desktop\\Yolnetgo\\backend\\routes\\auth.js:77:12","timestamp":"2025-10-12 23:31:40"}
{"level":"error","message":"Unhandled Promise Rejection: logger.error is not a function","service":"yolnet-backend","stack":"TypeError: logger.error is not a function\n    at C:\\Users\\emreg\\OneDrive\\Desktop\\Yolnetgo\\backend\\routes\\auth.js:77:12","timestamp":"2025-10-12 23:41:52"}
{"body":"\"xsxsx@gmail.com\"","expose":true,"level":"error","message":"Unexpected token '\"', \"\"xsxsx@gmail.com\"\" is not valid JSON","service":"yolnet-backend","stack":"SyntaxError: Unexpected token '\"', \"\"xsxsx@gmail.com\"\" is not valid JSON\n    at JSON.parse (<anonymous>)\n    at createStrictSyntaxError (C:\\Users\\emreg\\OneDrive\\Desktop\\Yolnetgo\\backend\\node_modules\\body-parser\\lib\\types\\json.js:169:10)\n    at parse (C:\\Users\\emreg\\OneDrive\\Desktop\\Yolnetgo\\backend\\node_modules\\body-parser\\lib\\types\\json.js:86:15)\n    at C:\\Users\\emreg\\OneDrive\\Desktop\\Yolnetgo\\backend\\node_modules\\body-parser\\lib\\read.js:128:18\n    at AsyncResource.runInAsyncScope (node:async_hooks:214:14)\n    at invokeCallback (C:\\Users\\emreg\\OneDrive\\Desktop\\Yolnetgo\\backend\\node_modules\\raw-body\\index.js:238:16)\n    at done (C:\\Users\\emreg\\OneDrive\\Desktop\\Yolnetgo\\backend\\node_modules\\raw-body\\index.js:227:7)\n    at IncomingMessage.onEnd (C:\\Users\\emreg\\OneDrive\\Desktop\\Yolnetgo\\backend\\node_modules\\raw-body\\index.js:287:7)\n    at IncomingMessage.emit (node:events:519:28)\n    at endReadableNT (node:internal/streams/readable:1698:12)","status":400,"statusCode":400,"timestamp":"2025-10-13 00:40:05","type":"entity.parse.failed"}
{"body":"\"xsxsx@gmail.com\"","expose":true,"level":"error","message":"Unexpected token '\"', \"\"xsxsx@gmail.com\"\" is not valid JSON","service":"yolnet-backend","stack":"SyntaxError: Unexpected token '\"', \"\"xsxsx@gmail.com\"\" is not valid JSON\n    at JSON.parse (<anonymous>)\n    at createStrictSyntaxError (C:\\Users\\emreg\\OneDrive\\Desktop\\Yolnetgo\\backend\\node_modules\\body-parser\\lib\\types\\json.js:169:10)\n    at parse (C:\\Users\\emreg\\OneDrive\\Desktop\\Yolnetgo\\backend\\node_modules\\body-parser\\lib\\types\\json.js:86:15)\n    at C:\\Users\\emreg\\OneDrive\\Desktop\\Yolnetgo\\backend\\node_modules\\body-parser\\lib\\read.js:128:18\n    at AsyncResource.runInAsyncScope (node:async_hooks:214:14)\n    at invokeCallback (C:\\Users\\emreg\\OneDrive\\Desktop\\Yolnetgo\\backend\\node_modules\\raw-body\\index.js:238:16)\n    at done (C:\\Users\\emreg\\OneDrive\\Desktop\\Yolnetgo\\backend\\node_modules\\raw-body\\index.js:227:7)\n    at IncomingMessage.onEnd (C:\\Users\\emreg\\OneDrive\\Desktop\\Yolnetgo\\backend\\node_modules\\raw-body\\index.js:287:7)\n    at IncomingMessage.emit (node:events:519:28)\n    at endReadableNT (node:internal/streams/readable:1698:12)","status":400,"statusCode":400,"timestamp":"2025-10-13 00:40:13","type":"entity.parse.failed"}
{"body":"\"xsxsx@gmail.com\"","expose":true,"level":"error","message":"Unexpected token '\"', \"\"xsxsx@gmail.com\"\" is not valid JSON","service":"yolnet-backend","stack":"SyntaxError: Unexpected token '\"', \"\"xsxsx@gmail.com\"\" is not valid JSON\n    at JSON.parse (<anonymous>)\n    at createStrictSyntaxError (C:\\Users\\emreg\\OneDrive\\Desktop\\Yolnetgo\\backend\\node_modules\\body-parser\\lib\\types\\json.js:169:10)\n    at parse (C:\\Users\\emreg\\OneDrive\\Desktop\\Yolnetgo\\backend\\node_modules\\body-parser\\lib\\types\\json.js:86:15)\n    at C:\\Users\\emreg\\OneDrive\\Desktop\\Yolnetgo\\backend\\node_modules\\body-parser\\lib\\read.js:128:18\n    at AsyncResource.runInAsyncScope (node:async_hooks:214:14)\n    at invokeCallback (C:\\Users\\emreg\\OneDrive\\Desktop\\Yolnetgo\\backend\\node_modules\\raw-body\\index.js:238:16)\n    at done (C:\\Users\\emreg\\OneDrive\\Desktop\\Yolnetgo\\backend\\node_modules\\raw-body\\index.js:227:7)\n    at IncomingMessage.onEnd (C:\\Users\\emreg\\OneDrive\\Desktop\\Yolnetgo\\backend\\node_modules\\raw-body\\index.js:287:7)\n    at IncomingMessage.emit (node:events:519:28)\n    at endReadableNT (node:internal/streams/readable:1698:12)","status":400,"statusCode":400,"timestamp":"2025-10-13 00:40:17","type":"entity.parse.failed"}
{"body":"\"ahmet.yilmaz.1760307108764@gmail.com\"","expose":true,"level":"error","message":"Unexpected token '\"', \"\"ahmet.yil\"... is not valid JSON","service":"yolnet-backend","stack":"SyntaxError: Unexpected token '\"', \"\"ahmet.yil\"... is not valid JSON\n    at JSON.parse (<anonymous>)\n    at createStrictSyntaxError (C:\\Users\\emreg\\OneDrive\\Desktop\\Yolnetgo\\backend\\node_modules\\body-parser\\lib\\types\\json.js:169:10)\n    at parse (C:\\Users\\emreg\\OneDrive\\Desktop\\Yolnetgo\\backend\\node_modules\\body-parser\\lib\\types\\json.js:86:15)\n    at C:\\Users\\emreg\\OneDrive\\Desktop\\Yolnetgo\\backend\\node_modules\\body-parser\\lib\\read.js:128:18\n    at AsyncResource.runInAsyncScope (node:async_hooks:214:14)\n    at invokeCallback (C:\\Users\\emreg\\OneDrive\\Desktop\\Yolnetgo\\backend\\node_modules\\raw-body\\index.js:238:16)\n    at done (C:\\Users\\emreg\\OneDrive\\Desktop\\Yolnetgo\\backend\\node_modules\\raw-body\\index.js:227:7)\n    at IncomingMessage.onEnd (C:\\Users\\emreg\\OneDrive\\Desktop\\Yolnetgo\\backend\\node_modules\\raw-body\\index.js:287:7)\n    at IncomingMessage.emit (node:events:519:28)\n    at endReadableNT (node:internal/streams/readable:1698:12)","status":400,"statusCode":400,"timestamp":"2025-10-13 01:11:58","type":"entity.parse.failed"}
{"body":"\"mehmet.ozkan.1760307157981@company.com\"","expose":true,"level":"error","message":"Unexpected token '\"', \"\"mehmet.oz\"... is not valid JSON","service":"yolnet-backend","stack":"SyntaxError: Unexpected token '\"', \"\"mehmet.oz\"... is not valid JSON\n    at JSON.parse (<anonymous>)\n    at createStrictSyntaxError (C:\\Users\\emreg\\OneDrive\\Desktop\\Yolnetgo\\backend\\node_modules\\body-parser\\lib\\types\\json.js:169:10)\n    at parse (C:\\Users\\emreg\\OneDrive\\Desktop\\Yolnetgo\\backend\\node_modules\\body-parser\\lib\\types\\json.js:86:15)\n    at C:\\Users\\emreg\\OneDrive\\Desktop\\Yolnetgo\\backend\\node_modules\\body-parser\\lib\\read.js:128:18\n    at AsyncResource.runInAsyncScope (node:async_hooks:214:14)\n    at invokeCallback (C:\\Users\\emreg\\OneDrive\\Desktop\\Yolnetgo\\backend\\node_modules\\raw-body\\index.js:238:16)\n    at done (C:\\Users\\emreg\\OneDrive\\Desktop\\Yolnetgo\\backend\\node_modules\\raw-body\\index.js:227:7)\n    at IncomingMessage.onEnd (C:\\Users\\emreg\\OneDrive\\Desktop\\Yolnetgo\\backend\\node_modules\\raw-body\\index.js:287:7)\n    at IncomingMessage.emit (node:events:519:28)\n    at endReadableNT (node:internal/streams/readable:1698:12)","status":400,"statusCode":400,"timestamp":"2025-10-13 01:12:47","type":"entity.parse.failed"}
{"body":"\"ali.demir.1760307206858@nakliye.com\"","expose":true,"level":"error","message":"Unexpected token '\"', \"\"ali.demir\"... is not valid JSON","service":"yolnet-backend","stack":"SyntaxError: Unexpected token '\"', \"\"ali.demir\"... is not valid JSON\n    at JSON.parse (<anonymous>)\n    at createStrictSyntaxError (C:\\Users\\emreg\\OneDrive\\Desktop\\Yolnetgo\\backend\\node_modules\\body-parser\\lib\\types\\json.js:169:10)\n    at parse (C:\\Users\\emreg\\OneDrive\\Desktop\\Yolnetgo\\backend\\node_modules\\body-parser\\lib\\types\\json.js:86:15)\n    at C:\\Users\\emreg\\OneDrive\\Desktop\\Yolnetgo\\backend\\node_modules\\body-parser\\lib\\read.js:128:18\n    at AsyncResource.runInAsyncScope (node:async_hooks:214:14)\n    at invokeCallback (C:\\Users\\emreg\\OneDrive\\Desktop\\Yolnetgo\\backend\\node_modules\\raw-body\\index.js:238:16)\n    at done (C:\\Users\\emreg\\OneDrive\\Desktop\\Yolnetgo\\backend\\node_modules\\raw-body\\index.js:227:7)\n    at IncomingMessage.onEnd (C:\\Users\\emreg\\OneDrive\\Desktop\\Yolnetgo\\backend\\node_modules\\raw-body\\index.js:287:7)\n    at IncomingMessage.emit (node:events:519:28)\n    at endReadableNT (node:internal/streams/readable:1698:12)","status":400,"statusCode":400,"timestamp":"2025-10-13 01:13:36","type":"entity.parse.failed"}
{"body":"\"veli.kaya.1760307255725@driver.com\"","expose":true,"level":"error","message":"Unexpected token '\"', \"\"veli.kaya\"... is not valid JSON","service":"yolnet-backend","stack":"SyntaxError: Unexpected token '\"', \"\"veli.kaya\"... is not valid JSON\n    at JSON.parse (<anonymous>)\n    at createStrictSyntaxError (C:\\Users\\emreg\\OneDrive\\Desktop\\Yolnetgo\\backend\\node_modules\\body-parser\\lib\\types\\json.js:169:10)\n    at parse (C:\\Users\\emreg\\OneDrive\\Desktop\\Yolnetgo\\backend\\node_modules\\body-parser\\lib\\types\\json.js:86:15)\n    at C:\\Users\\emreg\\OneDrive\\Desktop\\Yolnetgo\\backend\\node_modules\\body-parser\\lib\\read.js:128:18\n    at AsyncResource.runInAsyncScope (node:async_hooks:214:14)\n    at invokeCallback (C:\\Users\\emreg\\OneDrive\\Desktop\\Yolnetgo\\backend\\node_modules\\raw-body\\index.js:238:16)\n    at done (C:\\Users\\emreg\\OneDrive\\Desktop\\Yolnetgo\\backend\\node_modules\\raw-body\\index.js:227:7)\n    at IncomingMessage.onEnd (C:\\Users\\emreg\\OneDrive\\Desktop\\Yolnetgo\\backend\\node_modules\\raw-body\\index.js:287:7)\n    at IncomingMessage.emit (node:events:519:28)\n    at endReadableNT (node:internal/streams/readable:1698:12)","status":400,"statusCode":400,"timestamp":"2025-10-13 01:14:25","type":"entity.parse.failed"}
{"body":"\"ahmet.yilmaz.1760307641565@gmail.com\"","expose":true,"level":"error","message":"Unexpected token '\"', \"\"ahmet.yil\"... is not valid JSON","service":"yolnet-backend","stack":"SyntaxError: Unexpected token '\"', \"\"ahmet.yil\"... is not valid JSON\n    at JSON.parse (<anonymous>)\n    at createStrictSyntaxError (C:\\Users\\emreg\\OneDrive\\Desktop\\Yolnetgo\\backend\\node_modules\\body-parser\\lib\\types\\json.js:169:10)\n    at parse (C:\\Users\\emreg\\OneDrive\\Desktop\\Yolnetgo\\backend\\node_modules\\body-parser\\lib\\types\\json.js:86:15)\n    at C:\\Users\\emreg\\OneDrive\\Desktop\\Yolnetgo\\backend\\node_modules\\body-parser\\lib\\read.js:128:18\n    at AsyncResource.runInAsyncScope (node:async_hooks:214:14)\n    at invokeCallback (C:\\Users\\emreg\\OneDrive\\Desktop\\Yolnetgo\\backend\\node_modules\\raw-body\\index.js:238:16)\n    at done (C:\\Users\\emreg\\OneDrive\\Desktop\\Yolnetgo\\backend\\node_modules\\raw-body\\index.js:227:7)\n    at IncomingMessage.onEnd (C:\\Users\\emreg\\OneDrive\\Desktop\\Yolnetgo\\backend\\node_modules\\raw-body\\index.js:287:7)\n    at IncomingMessage.emit (node:events:519:28)\n    at endReadableNT (node:internal/streams/readable:1698:12)","status":400,"statusCode":400,"timestamp":"2025-10-13 01:20:50","type":"entity.parse.failed"}
{"body":"\"ahmet.yilmaz.1760307641565@gmail.com\"","expose":true,"level":"error","message":"Unexpected token '\"', \"\"ahmet.yil\"... is not valid JSON","service":"yolnet-backend","stack":"SyntaxError: Unexpected token '\"', \"\"ahmet.yil\"... is not valid JSON\n    at JSON.parse (<anonymous>)\n    at createStrictSyntaxError (C:\\Users\\emreg\\OneDrive\\Desktop\\Yolnetgo\\backend\\node_modules\\body-parser\\lib\\types\\json.js:169:10)\n    at parse (C:\\Users\\emreg\\OneDrive\\Desktop\\Yolnetgo\\backend\\node_modules\\body-parser\\lib\\types\\json.js:86:15)\n    at C:\\Users\\emreg\\OneDrive\\Desktop\\Yolnetgo\\backend\\node_modules\\body-parser\\lib\\read.js:128:18\n    at AsyncResource.runInAsyncScope (node:async_hooks:214:14)\n    at invokeCallback (C:\\Users\\emreg\\OneDrive\\Desktop\\Yolnetgo\\backend\\node_modules\\raw-body\\index.js:238:16)\n    at done (C:\\Users\\emreg\\OneDrive\\Desktop\\Yolnetgo\\backend\\node_modules\\raw-body\\index.js:227:7)\n    at IncomingMessage.onEnd (C:\\Users\\emreg\\OneDrive\\Desktop\\Yolnetgo\\backend\\node_modules\\raw-body\\index.js:287:7)\n    at IncomingMessage.emit (node:events:519:28)\n    at endReadableNT (node:internal/streams/readable:1698:12)","status":400,"statusCode":400,"timestamp":"2025-10-13 01:20:57","type":"entity.parse.failed"}
{"body":"\"mehmet.ozkan.1760307668619@company.com\"","expose":true,"level":"error","message":"Unexpected token '\"', \"\"mehmet.oz\"... is not valid JSON","service":"yolnet-backend","stack":"SyntaxError: Unexpected token '\"', \"\"mehmet.oz\"... is not valid JSON\n    at JSON.parse (<anonymous>)\n    at createStrictSyntaxError (C:\\Users\\emreg\\OneDrive\\Desktop\\Yolnetgo\\backend\\node_modules\\body-parser\\lib\\types\\json.js:169:10)\n    at parse (C:\\Users\\emreg\\OneDrive\\Desktop\\Yolnetgo\\backend\\node_modules\\body-parser\\lib\\types\\json.js:86:15)\n    at C:\\Users\\emreg\\OneDrive\\Desktop\\Yolnetgo\\backend\\node_modules\\body-parser\\lib\\read.js:128:18\n    at AsyncResource.runInAsyncScope (node:async_hooks:214:14)\n    at invokeCallback (C:\\Users\\emreg\\OneDrive\\Desktop\\Yolnetgo\\backend\\node_modules\\raw-body\\index.js:238:16)\n    at done (C:\\Users\\emreg\\OneDrive\\Desktop\\Yolnetgo\\backend\\node_modules\\raw-body\\index.js:227:7)\n    at IncomingMessage.onEnd (C:\\Users\\emreg\\OneDrive\\Desktop\\Yolnetgo\\backend\\node_modules\\raw-body\\index.js:287:7)\n    at IncomingMessage.emit (node:events:519:28)\n    at endReadableNT (node:internal/streams/readable:1698:12)","status":400,"statusCode":400,"timestamp":"2025-10-13 01:21:17","type":"entity.parse.failed"}
{"body":"\"mehmet.ozkan.1760307668619@company.com\"","expose":true,"level":"error","message":"Unexpected token '\"', \"\"mehmet.oz\"... is not valid JSON","service":"yolnet-backend","stack":"SyntaxError: Unexpected token '\"', \"\"mehmet.oz\"... is not valid JSON\n    at JSON.parse (<anonymous>)\n    at createStrictSyntaxError (C:\\Users\\emreg\\OneDrive\\Desktop\\Yolnetgo\\backend\\node_modules\\body-parser\\lib\\types\\json.js:169:10)\n    at parse (C:\\Users\\emreg\\OneDrive\\Desktop\\Yolnetgo\\backend\\node_modules\\body-parser\\lib\\types\\json.js:86:15)\n    at C:\\Users\\emreg\\OneDrive\\Desktop\\Yolnetgo\\backend\\node_modules\\body-parser\\lib\\read.js:128:18\n    at AsyncResource.runInAsyncScope (node:async_hooks:214:14)\n    at invokeCallback (C:\\Users\\emreg\\OneDrive\\Desktop\\Yolnetgo\\backend\\node_modules\\raw-body\\index.js:238:16)\n    at done (C:\\Users\\emreg\\OneDrive\\Desktop\\Yolnetgo\\backend\\node_modules\\raw-body\\index.js:227:7)\n    at IncomingMessage.onEnd (C:\\Users\\emreg\\OneDrive\\Desktop\\Yolnetgo\\backend\\node_modules\\raw-body\\index.js:287:7)\n    at IncomingMessage.emit (node:events:519:28)\n    at endReadableNT (node:internal/streams/readable:1698:12)","status":400,"statusCode":400,"timestamp":"2025-10-13 01:21:25","type":"entity.parse.failed"}
{"body":"\"ali.demir.1760307696315@nakliye.com\"","expose":true,"level":"error","message":"Unexpected token '\"', \"\"ali.demir\"... is not valid JSON","service":"yolnet-backend","stack":"SyntaxError: Unexpected token '\"', \"\"ali.demir\"... is not valid JSON\n    at JSON.parse (<anonymous>)\n    at createStrictSyntaxError (C:\\Users\\emreg\\OneDrive\\Desktop\\Yolnetgo\\backend\\node_modules\\body-parser\\lib\\types\\json.js:169:10)\n    at parse (C:\\Users\\emreg\\OneDrive\\Desktop\\Yolnetgo\\backend\\node_modules\\body-parser\\lib\\types\\json.js:86:15)\n    at C:\\Users\\emreg\\OneDrive\\Desktop\\Yolnetgo\\backend\\node_modules\\body-parser\\lib\\read.js:128:18\n    at AsyncResource.runInAsyncScope (node:async_hooks:214:14)\n    at invokeCallback (C:\\Users\\emreg\\OneDrive\\Desktop\\Yolnetgo\\backend\\node_modules\\raw-body\\index.js:238:16)\n    at done (C:\\Users\\emreg\\OneDrive\\Desktop\\Yolnetgo\\backend\\node_modules\\raw-body\\index.js:227:7)\n    at IncomingMessage.onEnd (C:\\Users\\emreg\\OneDrive\\Desktop\\Yolnetgo\\backend\\node_modules\\raw-body\\index.js:287:7)\n    at IncomingMessage.emit (node:events:519:28)\n    at endReadableNT (node:internal/streams/readable:1698:12)","status":400,"statusCode":400,"timestamp":"2025-10-13 01:21:45","type":"entity.parse.failed"}
{"body":"\"veli.kaya.1760307747556@driver.com\"","expose":true,"level":"error","message":"Unexpected token '\"', \"\"veli.kaya\"... is not valid JSON","service":"yolnet-backend","stack":"SyntaxError: Unexpected token '\"', \"\"veli.kaya\"... is not valid JSON\n    at JSON.parse (<anonymous>)\n    at createStrictSyntaxError (C:\\Users\\emreg\\OneDrive\\Desktop\\Yolnetgo\\backend\\node_modules\\body-parser\\lib\\types\\json.js:169:10)\n    at parse (C:\\Users\\emreg\\OneDrive\\Desktop\\Yolnetgo\\backend\\node_modules\\body-parser\\lib\\types\\json.js:86:15)\n    at C:\\Users\\emreg\\OneDrive\\Desktop\\Yolnetgo\\backend\\node_modules\\body-parser\\lib\\read.js:128:18\n    at AsyncResource.runInAsyncScope (node:async_hooks:214:14)\n    at invokeCallback (C:\\Users\\emreg\\OneDrive\\Desktop\\Yolnetgo\\backend\\node_modules\\raw-body\\index.js:238:16)\n    at done (C:\\Users\\emreg\\OneDrive\\Desktop\\Yolnetgo\\backend\\node_modules\\raw-body\\index.js:227:7)\n    at IncomingMessage.onEnd (C:\\Users\\emreg\\OneDrive\\Desktop\\Yolnetgo\\backend\\node_modules\\raw-body\\index.js:287:7)\n    at IncomingMessage.emit (node:events:519:28)\n    at endReadableNT (node:internal/streams/readable:1698:12)","status":400,"statusCode":400,"timestamp":"2025-10-13 01:22:36","type":"entity.parse.failed"}
{"body":"\"veli.kaya.1760307747556@driver.com\"","expose":true,"level":"error","message":"Unexpected token '\"', \"\"veli.kaya\"... is not valid JSON","service":"yolnet-backend","stack":"SyntaxError: Unexpected token '\"', \"\"veli.kaya\"... is not valid JSON\n    at JSON.parse (<anonymous>)\n    at createStrictSyntaxError (C:\\Users\\emreg\\OneDrive\\Desktop\\Yolnetgo\\backend\\node_modules\\body-parser\\lib\\types\\json.js:169:10)\n    at parse (C:\\Users\\emreg\\OneDrive\\Desktop\\Yolnetgo\\backend\\node_modules\\body-parser\\lib\\types\\json.js:86:15)\n    at C:\\Users\\emreg\\OneDrive\\Desktop\\Yolnetgo\\backend\\node_modules\\body-parser\\lib\\read.js:128:18\n    at AsyncResource.runInAsyncScope (node:async_hooks:214:14)\n    at invokeCallback (C:\\Users\\emreg\\OneDrive\\Desktop\\Yolnetgo\\backend\\node_modules\\raw-body\\index.js:238:16)\n    at done (C:\\Users\\emreg\\OneDrive\\Desktop\\Yolnetgo\\backend\\node_modules\\raw-body\\index.js:227:7)\n    at IncomingMessage.onEnd (C:\\Users\\emreg\\OneDrive\\Desktop\\Yolnetgo\\backend\\node_modules\\raw-body\\index.js:287:7)\n    at IncomingMessage.emit (node:events:519:28)\n    at endReadableNT (node:internal/streams/readable:1698:12)","status":400,"statusCode":400,"timestamp":"2025-10-13 01:22:41","type":"entity.parse.failed"}
{"body":"\"ahmet.yilmaz.1760308002665@gmail.com\"","expose":true,"level":"error","message":"Unexpected token '\"', \"\"ahmet.yil\"... is not valid JSON","service":"yolnet-backend","stack":"SyntaxError: Unexpected token '\"', \"\"ahmet.yil\"... is not valid JSON\n    at JSON.parse (<anonymous>)\n    at createStrictSyntaxError (C:\\Users\\emreg\\OneDrive\\Desktop\\Yolnetgo\\backend\\node_modules\\body-parser\\lib\\types\\json.js:169:10)\n    at parse (C:\\Users\\emreg\\OneDrive\\Desktop\\Yolnetgo\\backend\\node_modules\\body-parser\\lib\\types\\json.js:86:15)\n    at C:\\Users\\emreg\\OneDrive\\Desktop\\Yolnetgo\\backend\\node_modules\\body-parser\\lib\\read.js:128:18\n    at AsyncResource.runInAsyncScope (node:async_hooks:214:14)\n    at invokeCallback (C:\\Users\\emreg\\OneDrive\\Desktop\\Yolnetgo\\backend\\node_modules\\raw-body\\index.js:238:16)\n    at done (C:\\Users\\emreg\\OneDrive\\Desktop\\Yolnetgo\\backend\\node_modules\\raw-body\\index.js:227:7)\n    at IncomingMessage.onEnd (C:\\Users\\emreg\\OneDrive\\Desktop\\Yolnetgo\\backend\\node_modules\\raw-body\\index.js:287:7)\n    at IncomingMessage.emit (node:events:519:28)\n    at endReadableNT (node:internal/streams/readable:1698:12)","status":400,"statusCode":400,"timestamp":"2025-10-13 01:26:52","type":"entity.parse.failed"}
{"body":"\"ahmet.yilmaz.1760308002665@gmail.com\"","expose":true,"level":"error","message":"Unexpected token '\"', \"\"ahmet.yil\"... is not valid JSON","service":"yolnet-backend","stack":"SyntaxError: Unexpected token '\"', \"\"ahmet.yil\"... is not valid JSON\n    at JSON.parse (<anonymous>)\n    at createStrictSyntaxError (C:\\Users\\emreg\\OneDrive\\Desktop\\Yolnetgo\\backend\\node_modules\\body-parser\\lib\\types\\json.js:169:10)\n    at parse (C:\\Users\\emreg\\OneDrive\\Desktop\\Yolnetgo\\backend\\node_modules\\body-parser\\lib\\types\\json.js:86:15)\n    at C:\\Users\\emreg\\OneDrive\\Desktop\\Yolnetgo\\backend\\node_modules\\body-parser\\lib\\read.js:128:18\n    at AsyncResource.runInAsyncScope (node:async_hooks:214:14)\n    at invokeCallback (C:\\Users\\emreg\\OneDrive\\Desktop\\Yolnetgo\\backend\\node_modules\\raw-body\\index.js:238:16)\n    at done (C:\\Users\\emreg\\OneDrive\\Desktop\\Yolnetgo\\backend\\node_modules\\raw-body\\index.js:227:7)\n    at IncomingMessage.onEnd (C:\\Users\\emreg\\OneDrive\\Desktop\\Yolnetgo\\backend\\node_modules\\raw-body\\index.js:287:7)\n    at IncomingMessage.emit (node:events:519:28)\n    at endReadableNT (node:internal/streams/readable:1698:12)","status":400,"statusCode":400,"timestamp":"2025-10-13 01:26:58","type":"entity.parse.failed"}
{"body":"\"mehmet.ozkan.1760308029671@company.com\"","expose":true,"level":"error","message":"Unexpected token '\"', \"\"mehmet.oz\"... is not valid JSON","service":"yolnet-backend","stack":"SyntaxError: Unexpected token '\"', \"\"mehmet.oz\"... is not valid JSON\n    at JSON.parse (<anonymous>)\n    at createStrictSyntaxError (C:\\Users\\emreg\\OneDrive\\Desktop\\Yolnetgo\\backend\\node_modules\\body-parser\\lib\\types\\json.js:169:10)\n    at parse (C:\\Users\\emreg\\OneDrive\\Desktop\\Yolnetgo\\backend\\node_modules\\body-parser\\lib\\types\\json.js:86:15)\n    at C:\\Users\\emreg\\OneDrive\\Desktop\\Yolnetgo\\backend\\node_modules\\body-parser\\lib\\read.js:128:18\n    at AsyncResource.runInAsyncScope (node:async_hooks:214:14)\n    at invokeCallback (C:\\Users\\emreg\\OneDrive\\Desktop\\Yolnetgo\\backend\\node_modules\\raw-body\\index.js:238:16)\n    at done (C:\\Users\\emreg\\OneDrive\\Desktop\\Yolnetgo\\backend\\node_modules\\raw-body\\index.js:227:7)\n    at IncomingMessage.onEnd (C:\\Users\\emreg\\OneDrive\\Desktop\\Yolnetgo\\backend\\node_modules\\raw-body\\index.js:287:7)\n    at IncomingMessage.emit (node:events:519:28)\n    at endReadableNT (node:internal/streams/readable:1698:12)","status":400,"statusCode":400,"timestamp":"2025-10-13 01:27:18","type":"entity.parse.failed"}
{"body":"\"mehmet.ozkan.1760308029671@company.com\"","expose":true,"level":"error","message":"Unexpected token '\"', \"\"mehmet.oz\"... is not valid JSON","service":"yolnet-backend","stack":"SyntaxError: Unexpected token '\"', \"\"mehmet.oz\"... is not valid JSON\n    at JSON.parse (<anonymous>)\n    at createStrictSyntaxError (C:\\Users\\emreg\\OneDrive\\Desktop\\Yolnetgo\\backend\\node_modules\\body-parser\\lib\\types\\json.js:169:10)\n    at parse (C:\\Users\\emreg\\OneDrive\\Desktop\\Yolnetgo\\backend\\node_modules\\body-parser\\lib\\types\\json.js:86:15)\n    at C:\\Users\\emreg\\OneDrive\\Desktop\\Yolnetgo\\backend\\node_modules\\body-parser\\lib\\read.js:128:18\n    at AsyncResource.runInAsyncScope (node:async_hooks:214:14)\n    at invokeCallback (C:\\Users\\emreg\\OneDrive\\Desktop\\Yolnetgo\\backend\\node_modules\\raw-body\\index.js:238:16)\n    at done (C:\\Users\\emreg\\OneDrive\\Desktop\\Yolnetgo\\backend\\node_modules\\raw-body\\index.js:227:7)\n    at IncomingMessage.onEnd (C:\\Users\\emreg\\OneDrive\\Desktop\\Yolnetgo\\backend\\node_modules\\raw-body\\index.js:287:7)\n    at IncomingMessage.emit (node:events:519:28)\n    at endReadableNT (node:internal/streams/readable:1698:12)","status":400,"statusCode":400,"timestamp":"2025-10-13 01:27:26","type":"entity.parse.failed"}
{"body":"\"ali.demir.1760308056941@nakliye.com\"","expose":true,"level":"error","message":"Unexpected token '\"', \"\"ali.demir\"... is not valid JSON","service":"yolnet-backend","stack":"SyntaxError: Unexpected token '\"', \"\"ali.demir\"... is not valid JSON\n    at JSON.parse (<anonymous>)\n    at createStrictSyntaxError (C:\\Users\\emreg\\OneDrive\\Desktop\\Yolnetgo\\backend\\node_modules\\body-parser\\lib\\types\\json.js:169:10)\n    at parse (C:\\Users\\emreg\\OneDrive\\Desktop\\Yolnetgo\\backend\\node_modules\\body-parser\\lib\\types\\json.js:86:15)\n    at C:\\Users\\emreg\\OneDrive\\Desktop\\Yolnetgo\\backend\\node_modules\\body-parser\\lib\\read.js:128:18\n    at AsyncResource.runInAsyncScope (node:async_hooks:214:14)\n    at invokeCallback (C:\\Users\\emreg\\OneDrive\\Desktop\\Yolnetgo\\backend\\node_modules\\raw-body\\index.js:238:16)\n    at done (C:\\Users\\emreg\\OneDrive\\Desktop\\Yolnetgo\\backend\\node_modules\\raw-body\\index.js:227:7)\n    at IncomingMessage.onEnd (C:\\Users\\emreg\\OneDrive\\Desktop\\Yolnetgo\\backend\\node_modules\\raw-body\\index.js:287:7)\n    at IncomingMessage.emit (node:events:519:28)\n    at endReadableNT (node:internal/streams/readable:1698:12)","status":400,"statusCode":400,"timestamp":"2025-10-13 01:27:50","type":"entity.parse.failed"}
{"body":"\"ali.demir.1760308056941@nakliye.com\"","expose":true,"level":"error","message":"Unexpected token '\"', \"\"ali.demir\"... is not valid JSON","service":"yolnet-backend","stack":"SyntaxError: Unexpected token '\"', \"\"ali.demir\"... is not valid JSON\n    at JSON.parse (<anonymous>)\n    at createStrictSyntaxError (C:\\Users\\emreg\\OneDrive\\Desktop\\Yolnetgo\\backend\\node_modules\\body-parser\\lib\\types\\json.js:169:10)\n    at parse (C:\\Users\\emreg\\OneDrive\\Desktop\\Yolnetgo\\backend\\node_modules\\body-parser\\lib\\types\\json.js:86:15)\n    at C:\\Users\\emreg\\OneDrive\\Desktop\\Yolnetgo\\backend\\node_modules\\body-parser\\lib\\read.js:128:18\n    at AsyncResource.runInAsyncScope (node:async_hooks:214:14)\n    at invokeCallback (C:\\Users\\emreg\\OneDrive\\Desktop\\Yolnetgo\\backend\\node_modules\\raw-body\\index.js:238:16)\n    at done (C:\\Users\\emreg\\OneDrive\\Desktop\\Yolnetgo\\backend\\node_modules\\raw-body\\index.js:227:7)\n    at IncomingMessage.onEnd (C:\\Users\\emreg\\OneDrive\\Desktop\\Yolnetgo\\backend\\node_modules\\raw-body\\index.js:287:7)\n    at IncomingMessage.emit (node:events:519:28)\n    at endReadableNT (node:internal/streams/readable:1698:12)","status":400,"statusCode":400,"timestamp":"2025-10-13 01:27:59","type":"entity.parse.failed"}
{"body":"\"veli.kaya.1760308095768@driver.com\"","expose":true,"level":"error","message":"Unexpected token '\"', \"\"veli.kaya\"... is not valid JSON","service":"yolnet-backend","stack":"SyntaxError: Unexpected token '\"', \"\"veli.kaya\"... is not valid JSON\n    at JSON.parse (<anonymous>)\n    at createStrictSyntaxError (C:\\Users\\emreg\\OneDrive\\Desktop\\Yolnetgo\\backend\\node_modules\\body-parser\\lib\\types\\json.js:169:10)\n    at parse (C:\\Users\\emreg\\OneDrive\\Desktop\\Yolnetgo\\backend\\node_modules\\body-parser\\lib\\types\\json.js:86:15)\n    at C:\\Users\\emreg\\OneDrive\\Desktop\\Yolnetgo\\backend\\node_modules\\body-parser\\lib\\read.js:128:18\n    at AsyncResource.runInAsyncScope (node:async_hooks:214:14)\n    at invokeCallback (C:\\Users\\emreg\\OneDrive\\Desktop\\Yolnetgo\\backend\\node_modules\\raw-body\\index.js:238:16)\n    at done (C:\\Users\\emreg\\OneDrive\\Desktop\\Yolnetgo\\backend\\node_modules\\raw-body\\index.js:227:7)\n    at IncomingMessage.onEnd (C:\\Users\\emreg\\OneDrive\\Desktop\\Yolnetgo\\backend\\node_modules\\raw-body\\index.js:287:7)\n    at IncomingMessage.emit (node:events:519:28)\n    at endReadableNT (node:internal/streams/readable:1698:12)","status":400,"statusCode":400,"timestamp":"2025-10-13 01:28:28","type":"entity.parse.failed"}
{"body":"\"veli.kaya.1760308095768@driver.com\"","expose":true,"level":"error","message":"Unexpected token '\"', \"\"veli.kaya\"... is not valid JSON","service":"yolnet-backend","stack":"SyntaxError: Unexpected token '\"', \"\"veli.kaya\"... is not valid JSON\n    at JSON.parse (<anonymous>)\n    at createStrictSyntaxError (C:\\Users\\emreg\\OneDrive\\Desktop\\Yolnetgo\\backend\\node_modules\\body-parser\\lib\\types\\json.js:169:10)\n    at parse (C:\\Users\\emreg\\OneDrive\\Desktop\\Yolnetgo\\backend\\node_modules\\body-parser\\lib\\types\\json.js:86:15)\n    at C:\\Users\\emreg\\OneDrive\\Desktop\\Yolnetgo\\backend\\node_modules\\body-parser\\lib\\read.js:128:18\n    at AsyncResource.runInAsyncScope (node:async_hooks:214:14)\n    at invokeCallback (C:\\Users\\emreg\\OneDrive\\Desktop\\Yolnetgo\\backend\\node_modules\\raw-body\\index.js:238:16)\n    at done (C:\\Users\\emreg\\OneDrive\\Desktop\\Yolnetgo\\backend\\node_modules\\raw-body\\index.js:227:7)\n    at IncomingMessage.onEnd (C:\\Users\\emreg\\OneDrive\\Desktop\\Yolnetgo\\backend\\node_modules\\raw-body\\index.js:287:7)\n    at IncomingMessage.emit (node:events:519:28)\n    at endReadableNT (node:internal/streams/readable:1698:12)","status":400,"statusCode":400,"timestamp":"2025-10-13 01:28:38","type":"entity.parse.failed"}
{"level":"error","message":"Unhandled Promise Rejection: logger.error is not a function","service":"yolnet-backend","stack":"TypeError: logger.error is not a function\n    at C:\\Users\\emreg\\OneDrive\\Desktop\\Yolnetgo\\backend\\routes\\auth.js:77:12","timestamp":"2025-10-13 01:35:53"}
{"level":"error","message":"Auth middleware error: jwt malformed","name":"JsonWebTokenError","service":"yolnet-backend","stack":"JsonWebTokenError: jwt malformed\n    at module.exports [as verify] (C:\\Users\\emreg\\OneDrive\\Desktop\\Yolnetgo\\backend\\node_modules\\jsonwebtoken\\verify.js:70:17)\n    at auth (C:\\Users\\emreg\\OneDrive\\Desktop\\Yolnetgo\\backend\\middleware\\auth.js:16:25)\n    at Layer.handle [as handle_request] (C:\\Users\\emreg\\OneDrive\\Desktop\\Yolnetgo\\backend\\node_modules\\express\\lib\\router\\layer.js:95:5)\n    at next (C:\\Users\\emreg\\OneDrive\\Desktop\\Yolnetgo\\backend\\node_modules\\express\\lib\\router\\route.js:149:13)\n    at Route.dispatch (C:\\Users\\emreg\\OneDrive\\Desktop\\Yolnetgo\\backend\\node_modules\\express\\lib\\router\\route.js:119:3)\n    at Layer.handle [as handle_request] (C:\\Users\\emreg\\OneDrive\\Desktop\\Yolnetgo\\backend\\node_modules\\express\\lib\\router\\layer.js:95:5)\n    at C:\\Users\\emreg\\OneDrive\\Desktop\\Yolnetgo\\backend\\node_modules\\express\\lib\\router\\index.js:284:15\n    at Function.process_params (C:\\Users\\emreg\\OneDrive\\Desktop\\Yolnetgo\\backend\\node_modules\\express\\lib\\router\\index.js:346:12)\n    at next (C:\\Users\\emreg\\OneDrive\\Desktop\\Yolnetgo\\backend\\node_modules\\express\\lib\\router\\index.js:280:10)\n    at Function.handle (C:\\Users\\emreg\\OneDrive\\Desktop\\Yolnetgo\\backend\\node_modules\\express\\lib\\router\\index.js:175:3)","timestamp":"2025-10-13 11:56:20"}
{"level":"error","message":"Auth middleware error: jwt malformed","name":"JsonWebTokenError","service":"yolnet-backend","stack":"JsonWebTokenError: jwt malformed\n    at module.exports [as verify] (C:\\Users\\emreg\\OneDrive\\Desktop\\Yolnetgo\\backend\\node_modules\\jsonwebtoken\\verify.js:70:17)\n    at auth (C:\\Users\\emreg\\OneDrive\\Desktop\\Yolnetgo\\backend\\middleware\\auth.js:16:25)\n    at Layer.handle [as handle_request] (C:\\Users\\emreg\\OneDrive\\Desktop\\Yolnetgo\\backend\\node_modules\\express\\lib\\router\\layer.js:95:5)\n    at next (C:\\Users\\emreg\\OneDrive\\Desktop\\Yolnetgo\\backend\\node_modules\\express\\lib\\router\\route.js:149:13)\n    at Route.dispatch (C:\\Users\\emreg\\OneDrive\\Desktop\\Yolnetgo\\backend\\node_modules\\express\\lib\\router\\route.js:119:3)\n    at Layer.handle [as handle_request] (C:\\Users\\emreg\\OneDrive\\Desktop\\Yolnetgo\\backend\\node_modules\\express\\lib\\router\\layer.js:95:5)\n    at C:\\Users\\emreg\\OneDrive\\Desktop\\Yolnetgo\\backend\\node_modules\\express\\lib\\router\\index.js:284:15\n    at Function.process_params (C:\\Users\\emreg\\OneDrive\\Desktop\\Yolnetgo\\backend\\node_modules\\express\\lib\\router\\index.js:346:12)\n    at next (C:\\Users\\emreg\\OneDrive\\Desktop\\Yolnetgo\\backend\\node_modules\\express\\lib\\router\\index.js:280:10)\n    at Function.handle (C:\\Users\\emreg\\OneDrive\\Desktop\\Yolnetgo\\backend\\node_modules\\express\\lib\\router\\index.js:175:3)","timestamp":"2025-10-13 11:56:20"}
{"level":"error","message":"Auth middleware error: jwt malformed","name":"JsonWebTokenError","service":"yolnet-backend","stack":"JsonWebTokenError: jwt malformed\n    at module.exports [as verify] (C:\\Users\\emreg\\OneDrive\\Desktop\\Yolnetgo\\backend\\node_modules\\jsonwebtoken\\verify.js:70:17)\n    at auth (C:\\Users\\emreg\\OneDrive\\Desktop\\Yolnetgo\\backend\\middleware\\auth.js:16:25)\n    at Layer.handle [as handle_request] (C:\\Users\\emreg\\OneDrive\\Desktop\\Yolnetgo\\backend\\node_modules\\express\\lib\\router\\layer.js:95:5)\n    at next (C:\\Users\\emreg\\OneDrive\\Desktop\\Yolnetgo\\backend\\node_modules\\express\\lib\\router\\route.js:149:13)\n    at Route.dispatch (C:\\Users\\emreg\\OneDrive\\Desktop\\Yolnetgo\\backend\\node_modules\\express\\lib\\router\\route.js:119:3)\n    at Layer.handle [as handle_request] (C:\\Users\\emreg\\OneDrive\\Desktop\\Yolnetgo\\backend\\node_modules\\express\\lib\\router\\layer.js:95:5)\n    at C:\\Users\\emreg\\OneDrive\\Desktop\\Yolnetgo\\backend\\node_modules\\express\\lib\\router\\index.js:284:15\n    at Function.process_params (C:\\Users\\emreg\\OneDrive\\Desktop\\Yolnetgo\\backend\\node_modules\\express\\lib\\router\\index.js:346:12)\n    at next (C:\\Users\\emreg\\OneDrive\\Desktop\\Yolnetgo\\backend\\node_modules\\express\\lib\\router\\index.js:280:10)\n    at Function.handle (C:\\Users\\emreg\\OneDrive\\Desktop\\Yolnetgo\\backend\\node_modules\\express\\lib\\router\\index.js:175:3)","timestamp":"2025-10-13 12:30:52"}
{"level":"error","message":"Auth middleware error: jwt malformed","name":"JsonWebTokenError","service":"yolnet-backend","stack":"JsonWebTokenError: jwt malformed\n    at module.exports [as verify] (C:\\Users\\emreg\\OneDrive\\Desktop\\Yolnetgo\\backend\\node_modules\\jsonwebtoken\\verify.js:70:17)\n    at auth (C:\\Users\\emreg\\OneDrive\\Desktop\\Yolnetgo\\backend\\middleware\\auth.js:16:25)\n    at Layer.handle [as handle_request] (C:\\Users\\emreg\\OneDrive\\Desktop\\Yolnetgo\\backend\\node_modules\\express\\lib\\router\\layer.js:95:5)\n    at next (C:\\Users\\emreg\\OneDrive\\Desktop\\Yolnetgo\\backend\\node_modules\\express\\lib\\router\\route.js:149:13)\n    at Route.dispatch (C:\\Users\\emreg\\OneDrive\\Desktop\\Yolnetgo\\backend\\node_modules\\express\\lib\\router\\route.js:119:3)\n    at Layer.handle [as handle_request] (C:\\Users\\emreg\\OneDrive\\Desktop\\Yolnetgo\\backend\\node_modules\\express\\lib\\router\\layer.js:95:5)\n    at C:\\Users\\emreg\\OneDrive\\Desktop\\Yolnetgo\\backend\\node_modules\\express\\lib\\router\\index.js:284:15\n    at Function.process_params (C:\\Users\\emreg\\OneDrive\\Desktop\\Yolnetgo\\backend\\node_modules\\express\\lib\\router\\index.js:346:12)\n    at next (C:\\Users\\emreg\\OneDrive\\Desktop\\Yolnetgo\\backend\\node_modules\\express\\lib\\router\\index.js:280:10)\n    at Function.handle (C:\\Users\\emreg\\OneDrive\\Desktop\\Yolnetgo\\backend\\node_modules\\express\\lib\\router\\index.js:175:3)","timestamp":"2025-10-13 12:30:52"}
{"level":"error","message":"Auth middleware error: jwt malformed","name":"JsonWebTokenError","service":"yolnet-backend","stack":"JsonWebTokenError: jwt malformed\n    at module.exports [as verify] (C:\\Users\\emreg\\OneDrive\\Desktop\\Yolnetgo\\backend\\node_modules\\jsonwebtoken\\verify.js:70:17)\n    at auth (C:\\Users\\emreg\\OneDrive\\Desktop\\Yolnetgo\\backend\\middleware\\auth.js:16:25)\n    at Layer.handle [as handle_request] (C:\\Users\\emreg\\OneDrive\\Desktop\\Yolnetgo\\backend\\node_modules\\express\\lib\\router\\layer.js:95:5)\n    at next (C:\\Users\\emreg\\OneDrive\\Desktop\\Yolnetgo\\backend\\node_modules\\express\\lib\\router\\route.js:149:13)\n    at Route.dispatch (C:\\Users\\emreg\\OneDrive\\Desktop\\Yolnetgo\\backend\\node_modules\\express\\lib\\router\\route.js:119:3)\n    at Layer.handle [as handle_request] (C:\\Users\\emreg\\OneDrive\\Desktop\\Yolnetgo\\backend\\node_modules\\express\\lib\\router\\layer.js:95:5)\n    at C:\\Users\\emreg\\OneDrive\\Desktop\\Yolnetgo\\backend\\node_modules\\express\\lib\\router\\index.js:284:15\n    at Function.process_params (C:\\Users\\emreg\\OneDrive\\Desktop\\Yolnetgo\\backend\\node_modules\\express\\lib\\router\\index.js:346:12)\n    at next (C:\\Users\\emreg\\OneDrive\\Desktop\\Yolnetgo\\backend\\node_modules\\express\\lib\\router\\index.js:280:10)\n    at Function.handle (C:\\Users\\emreg\\OneDrive\\Desktop\\Yolnetgo\\backend\\node_modules\\express\\lib\\router\\index.js:175:3)","timestamp":"2025-10-13 12:30:52"}
{"level":"error","message":"Auth middleware error: jwt malformed","name":"JsonWebTokenError","service":"yolnet-backend","stack":"JsonWebTokenError: jwt malformed\n    at module.exports [as verify] (C:\\Users\\emreg\\OneDrive\\Desktop\\Yolnetgo\\backend\\node_modules\\jsonwebtoken\\verify.js:70:17)\n    at auth (C:\\Users\\emreg\\OneDrive\\Desktop\\Yolnetgo\\backend\\middleware\\auth.js:16:25)\n    at Layer.handle [as handle_request] (C:\\Users\\emreg\\OneDrive\\Desktop\\Yolnetgo\\backend\\node_modules\\express\\lib\\router\\layer.js:95:5)\n    at next (C:\\Users\\emreg\\OneDrive\\Desktop\\Yolnetgo\\backend\\node_modules\\express\\lib\\router\\route.js:149:13)\n    at Route.dispatch (C:\\Users\\emreg\\OneDrive\\Desktop\\Yolnetgo\\backend\\node_modules\\express\\lib\\router\\route.js:119:3)\n    at Layer.handle [as handle_request] (C:\\Users\\emreg\\OneDrive\\Desktop\\Yolnetgo\\backend\\node_modules\\express\\lib\\router\\layer.js:95:5)\n    at C:\\Users\\emreg\\OneDrive\\Desktop\\Yolnetgo\\backend\\node_modules\\express\\lib\\router\\index.js:284:15\n    at Function.process_params (C:\\Users\\emreg\\OneDrive\\Desktop\\Yolnetgo\\backend\\node_modules\\express\\lib\\router\\index.js:346:12)\n    at next (C:\\Users\\emreg\\OneDrive\\Desktop\\Yolnetgo\\backend\\node_modules\\express\\lib\\router\\index.js:280:10)\n    at Function.handle (C:\\Users\\emreg\\OneDrive\\Desktop\\Yolnetgo\\backend\\node_modules\\express\\lib\\router\\index.js:175:3)","timestamp":"2025-10-13 12:30:52"}
{"level":"error","message":"Auth middleware error: jwt malformed","name":"JsonWebTokenError","service":"yolnet-backend","stack":"JsonWebTokenError: jwt malformed\n    at module.exports [as verify] (C:\\Users\\emreg\\OneDrive\\Desktop\\Yolnetgo\\backend\\node_modules\\jsonwebtoken\\verify.js:70:17)\n    at auth (C:\\Users\\emreg\\OneDrive\\Desktop\\Yolnetgo\\backend\\middleware\\auth.js:16:25)\n    at Layer.handle [as handle_request] (C:\\Users\\emreg\\OneDrive\\Desktop\\Yolnetgo\\backend\\node_modules\\express\\lib\\router\\layer.js:95:5)\n    at next (C:\\Users\\emreg\\OneDrive\\Desktop\\Yolnetgo\\backend\\node_modules\\express\\lib\\router\\route.js:149:13)\n    at Route.dispatch (C:\\Users\\emreg\\OneDrive\\Desktop\\Yolnetgo\\backend\\node_modules\\express\\lib\\router\\route.js:119:3)\n    at Layer.handle [as handle_request] (C:\\Users\\emreg\\OneDrive\\Desktop\\Yolnetgo\\backend\\node_modules\\express\\lib\\router\\layer.js:95:5)\n    at C:\\Users\\emreg\\OneDrive\\Desktop\\Yolnetgo\\backend\\node_modules\\express\\lib\\router\\index.js:284:15\n    at Function.process_params (C:\\Users\\emreg\\OneDrive\\Desktop\\Yolnetgo\\backend\\node_modules\\express\\lib\\router\\index.js:346:12)\n    at next (C:\\Users\\emreg\\OneDrive\\Desktop\\Yolnetgo\\backend\\node_modules\\express\\lib\\router\\index.js:280:10)\n    at Function.handle (C:\\Users\\emreg\\OneDrive\\Desktop\\Yolnetgo\\backend\\node_modules\\express\\lib\\router\\index.js:175:3)","timestamp":"2025-10-13 12:30:52"}
{"level":"error","message":"Auth middleware error: jwt malformed","name":"JsonWebTokenError","service":"yolnet-backend","stack":"JsonWebTokenError: jwt malformed\n    at module.exports [as verify] (C:\\Users\\emreg\\OneDrive\\Desktop\\Yolnetgo\\backend\\node_modules\\jsonwebtoken\\verify.js:70:17)\n    at auth (C:\\Users\\emreg\\OneDrive\\Desktop\\Yolnetgo\\backend\\middleware\\auth.js:16:25)\n    at Layer.handle [as handle_request] (C:\\Users\\emreg\\OneDrive\\Desktop\\Yolnetgo\\backend\\node_modules\\express\\lib\\router\\layer.js:95:5)\n    at next (C:\\Users\\emreg\\OneDrive\\Desktop\\Yolnetgo\\backend\\node_modules\\express\\lib\\router\\route.js:149:13)\n    at Route.dispatch (C:\\Users\\emreg\\OneDrive\\Desktop\\Yolnetgo\\backend\\node_modules\\express\\lib\\router\\route.js:119:3)\n    at Layer.handle [as handle_request] (C:\\Users\\emreg\\OneDrive\\Desktop\\Yolnetgo\\backend\\node_modules\\express\\lib\\router\\layer.js:95:5)\n    at C:\\Users\\emreg\\OneDrive\\Desktop\\Yolnetgo\\backend\\node_modules\\express\\lib\\router\\index.js:284:15\n    at Function.process_params (C:\\Users\\emreg\\OneDrive\\Desktop\\Yolnetgo\\backend\\node_modules\\express\\lib\\router\\index.js:346:12)\n    at next (C:\\Users\\emreg\\OneDrive\\Desktop\\Yolnetgo\\backend\\node_modules\\express\\lib\\router\\index.js:280:10)\n    at Function.handle (C:\\Users\\emreg\\OneDrive\\Desktop\\Yolnetgo\\backend\\node_modules\\express\\lib\\router\\index.js:175:3)","timestamp":"2025-10-13 12:30:52"}
{"level":"error","message":"Auth middleware error: jwt malformed","name":"JsonWebTokenError","service":"yolnet-backend","stack":"JsonWebTokenError: jwt malformed\n    at module.exports [as verify] (C:\\Users\\emreg\\OneDrive\\Desktop\\Yolnetgo\\backend\\node_modules\\jsonwebtoken\\verify.js:70:17)\n    at auth (C:\\Users\\emreg\\OneDrive\\Desktop\\Yolnetgo\\backend\\middleware\\auth.js:16:25)\n    at Layer.handle [as handle_request] (C:\\Users\\emreg\\OneDrive\\Desktop\\Yolnetgo\\backend\\node_modules\\express\\lib\\router\\layer.js:95:5)\n    at next (C:\\Users\\emreg\\OneDrive\\Desktop\\Yolnetgo\\backend\\node_modules\\express\\lib\\router\\route.js:149:13)\n    at Route.dispatch (C:\\Users\\emreg\\OneDrive\\Desktop\\Yolnetgo\\backend\\node_modules\\express\\lib\\router\\route.js:119:3)\n    at Layer.handle [as handle_request] (C:\\Users\\emreg\\OneDrive\\Desktop\\Yolnetgo\\backend\\node_modules\\express\\lib\\router\\layer.js:95:5)\n    at C:\\Users\\emreg\\OneDrive\\Desktop\\Yolnetgo\\backend\\node_modules\\express\\lib\\router\\index.js:284:15\n    at Function.process_params (C:\\Users\\emreg\\OneDrive\\Desktop\\Yolnetgo\\backend\\node_modules\\express\\lib\\router\\index.js:346:12)\n    at next (C:\\Users\\emreg\\OneDrive\\Desktop\\Yolnetgo\\backend\\node_modules\\express\\lib\\router\\index.js:280:10)\n    at Function.handle (C:\\Users\\emreg\\OneDrive\\Desktop\\Yolnetgo\\backend\\node_modules\\express\\lib\\router\\index.js:175:3)","timestamp":"2025-10-13 12:30:52"}
{"level":"error","message":"Auth middleware error: jwt malformed","name":"JsonWebTokenError","service":"yolnet-backend","stack":"JsonWebTokenError: jwt malformed\n    at module.exports [as verify] (C:\\Users\\emreg\\OneDrive\\Desktop\\Yolnetgo\\backend\\node_modules\\jsonwebtoken\\verify.js:70:17)\n    at auth (C:\\Users\\emreg\\OneDrive\\Desktop\\Yolnetgo\\backend\\middleware\\auth.js:16:25)\n    at Layer.handle [as handle_request] (C:\\Users\\emreg\\OneDrive\\Desktop\\Yolnetgo\\backend\\node_modules\\express\\lib\\router\\layer.js:95:5)\n    at next (C:\\Users\\emreg\\OneDrive\\Desktop\\Yolnetgo\\backend\\node_modules\\express\\lib\\router\\route.js:149:13)\n    at Route.dispatch (C:\\Users\\emreg\\OneDrive\\Desktop\\Yolnetgo\\backend\\node_modules\\express\\lib\\router\\route.js:119:3)\n    at Layer.handle [as handle_request] (C:\\Users\\emreg\\OneDrive\\Desktop\\Yolnetgo\\backend\\node_modules\\express\\lib\\router\\layer.js:95:5)\n    at C:\\Users\\emreg\\OneDrive\\Desktop\\Yolnetgo\\backend\\node_modules\\express\\lib\\router\\index.js:284:15\n    at Function.process_params (C:\\Users\\emreg\\OneDrive\\Desktop\\Yolnetgo\\backend\\node_modules\\express\\lib\\router\\index.js:346:12)\n    at next (C:\\Users\\emreg\\OneDrive\\Desktop\\Yolnetgo\\backend\\node_modules\\express\\lib\\router\\index.js:280:10)\n    at Function.handle (C:\\Users\\emreg\\OneDrive\\Desktop\\Yolnetgo\\backend\\node_modules\\express\\lib\\router\\index.js:175:3)","timestamp":"2025-10-13 12:30:52"}
{"level":"error","message":"Auth middleware error: jwt malformed","name":"JsonWebTokenError","service":"yolnet-backend","stack":"JsonWebTokenError: jwt malformed\n    at module.exports [as verify] (C:\\Users\\emreg\\OneDrive\\Desktop\\Yolnetgo\\backend\\node_modules\\jsonwebtoken\\verify.js:70:17)\n    at auth (C:\\Users\\emreg\\OneDrive\\Desktop\\Yolnetgo\\backend\\middleware\\auth.js:16:25)\n    at Layer.handle [as handle_request] (C:\\Users\\emreg\\OneDrive\\Desktop\\Yolnetgo\\backend\\node_modules\\express\\lib\\router\\layer.js:95:5)\n    at next (C:\\Users\\emreg\\OneDrive\\Desktop\\Yolnetgo\\backend\\node_modules\\express\\lib\\router\\route.js:149:13)\n    at Route.dispatch (C:\\Users\\emreg\\OneDrive\\Desktop\\Yolnetgo\\backend\\node_modules\\express\\lib\\router\\route.js:119:3)\n    at Layer.handle [as handle_request] (C:\\Users\\emreg\\OneDrive\\Desktop\\Yolnetgo\\backend\\node_modules\\express\\lib\\router\\layer.js:95:5)\n    at C:\\Users\\emreg\\OneDrive\\Desktop\\Yolnetgo\\backend\\node_modules\\express\\lib\\router\\index.js:284:15\n    at Function.process_params (C:\\Users\\emreg\\OneDrive\\Desktop\\Yolnetgo\\backend\\node_modules\\express\\lib\\router\\index.js:346:12)\n    at next (C:\\Users\\emreg\\OneDrive\\Desktop\\Yolnetgo\\backend\\node_modules\\express\\lib\\router\\index.js:280:10)\n    at Function.handle (C:\\Users\\emreg\\OneDrive\\Desktop\\Yolnetgo\\backend\\node_modules\\express\\lib\\router\\index.js:175:3)","timestamp":"2025-10-13 12:30:52"}
{"level":"error","message":"Auth middleware error: jwt malformed","name":"JsonWebTokenError","service":"yolnet-backend","stack":"JsonWebTokenError: jwt malformed\n    at module.exports [as verify] (C:\\Users\\emreg\\OneDrive\\Desktop\\Yolnetgo\\backend\\node_modules\\jsonwebtoken\\verify.js:70:17)\n    at auth (C:\\Users\\emreg\\OneDrive\\Desktop\\Yolnetgo\\backend\\middleware\\auth.js:16:25)\n    at Layer.handle [as handle_request] (C:\\Users\\emreg\\OneDrive\\Desktop\\Yolnetgo\\backend\\node_modules\\express\\lib\\router\\layer.js:95:5)\n    at next (C:\\Users\\emreg\\OneDrive\\Desktop\\Yolnetgo\\backend\\node_modules\\express\\lib\\router\\route.js:149:13)\n    at Route.dispatch (C:\\Users\\emreg\\OneDrive\\Desktop\\Yolnetgo\\backend\\node_modules\\express\\lib\\router\\route.js:119:3)\n    at Layer.handle [as handle_request] (C:\\Users\\emreg\\OneDrive\\Desktop\\Yolnetgo\\backend\\node_modules\\express\\lib\\router\\layer.js:95:5)\n    at C:\\Users\\emreg\\OneDrive\\Desktop\\Yolnetgo\\backend\\node_modules\\express\\lib\\router\\index.js:284:15\n    at Function.process_params (C:\\Users\\emreg\\OneDrive\\Desktop\\Yolnetgo\\backend\\node_modules\\express\\lib\\router\\index.js:346:12)\n    at next (C:\\Users\\emreg\\OneDrive\\Desktop\\Yolnetgo\\backend\\node_modules\\express\\lib\\router\\index.js:280:10)\n    at Function.handle (C:\\Users\\emreg\\OneDrive\\Desktop\\Yolnetgo\\backend\\node_modules\\express\\lib\\router\\index.js:175:3)","timestamp":"2025-10-13 12:30:52"}
{"level":"error","message":"Auth middleware error: jwt malformed","name":"JsonWebTokenError","service":"yolnet-backend","stack":"JsonWebTokenError: jwt malformed\n    at module.exports [as verify] (C:\\Users\\emreg\\OneDrive\\Desktop\\Yolnetgo\\backend\\node_modules\\jsonwebtoken\\verify.js:70:17)\n    at auth (C:\\Users\\emreg\\OneDrive\\Desktop\\Yolnetgo\\backend\\middleware\\auth.js:16:25)\n    at Layer.handle [as handle_request] (C:\\Users\\emreg\\OneDrive\\Desktop\\Yolnetgo\\backend\\node_modules\\express\\lib\\router\\layer.js:95:5)\n    at next (C:\\Users\\emreg\\OneDrive\\Desktop\\Yolnetgo\\backend\\node_modules\\express\\lib\\router\\route.js:149:13)\n    at Route.dispatch (C:\\Users\\emreg\\OneDrive\\Desktop\\Yolnetgo\\backend\\node_modules\\express\\lib\\router\\route.js:119:3)\n    at Layer.handle [as handle_request] (C:\\Users\\emreg\\OneDrive\\Desktop\\Yolnetgo\\backend\\node_modules\\express\\lib\\router\\layer.js:95:5)\n    at C:\\Users\\emreg\\OneDrive\\Desktop\\Yolnetgo\\backend\\node_modules\\express\\lib\\router\\index.js:284:15\n    at Function.process_params (C:\\Users\\emreg\\OneDrive\\Desktop\\Yolnetgo\\backend\\node_modules\\express\\lib\\router\\index.js:346:12)\n    at next (C:\\Users\\emreg\\OneDrive\\Desktop\\Yolnetgo\\backend\\node_modules\\express\\lib\\router\\index.js:280:10)\n    at Function.handle (C:\\Users\\emreg\\OneDrive\\Desktop\\Yolnetgo\\backend\\node_modules\\express\\lib\\router\\index.js:175:3)","timestamp":"2025-10-13 12:30:58"}
{"level":"error","message":"Auth middleware error: jwt malformed","name":"JsonWebTokenError","service":"yolnet-backend","stack":"JsonWebTokenError: jwt malformed\n    at module.exports [as verify] (C:\\Users\\emreg\\OneDrive\\Desktop\\Yolnetgo\\backend\\node_modules\\jsonwebtoken\\verify.js:70:17)\n    at auth (C:\\Users\\emreg\\OneDrive\\Desktop\\Yolnetgo\\backend\\middleware\\auth.js:16:25)\n    at Layer.handle [as handle_request] (C:\\Users\\emreg\\OneDrive\\Desktop\\Yolnetgo\\backend\\node_modules\\express\\lib\\router\\layer.js:95:5)\n    at next (C:\\Users\\emreg\\OneDrive\\Desktop\\Yolnetgo\\backend\\node_modules\\express\\lib\\router\\route.js:149:13)\n    at Route.dispatch (C:\\Users\\emreg\\OneDrive\\Desktop\\Yolnetgo\\backend\\node_modules\\express\\lib\\router\\route.js:119:3)\n    at Layer.handle [as handle_request] (C:\\Users\\emreg\\OneDrive\\Desktop\\Yolnetgo\\backend\\node_modules\\express\\lib\\router\\layer.js:95:5)\n    at C:\\Users\\emreg\\OneDrive\\Desktop\\Yolnetgo\\backend\\node_modules\\express\\lib\\router\\index.js:284:15\n    at Function.process_params (C:\\Users\\emreg\\OneDrive\\Desktop\\Yolnetgo\\backend\\node_modules\\express\\lib\\router\\index.js:346:12)\n    at next (C:\\Users\\emreg\\OneDrive\\Desktop\\Yolnetgo\\backend\\node_modules\\express\\lib\\router\\index.js:280:10)\n    at Function.handle (C:\\Users\\emreg\\OneDrive\\Desktop\\Yolnetgo\\backend\\node_modules\\express\\lib\\router\\index.js:175:3)","timestamp":"2025-10-13 12:44:07"}
{"level":"error","message":"Auth middleware error: jwt malformed","name":"JsonWebTokenError","service":"yolnet-backend","stack":"JsonWebTokenError: jwt malformed\n    at module.exports [as verify] (C:\\Users\\emreg\\OneDrive\\Desktop\\Yolnetgo\\backend\\node_modules\\jsonwebtoken\\verify.js:70:17)\n    at auth (C:\\Users\\emreg\\OneDrive\\Desktop\\Yolnetgo\\backend\\middleware\\auth.js:16:25)\n    at Layer.handle [as handle_request] (C:\\Users\\emreg\\OneDrive\\Desktop\\Yolnetgo\\backend\\node_modules\\express\\lib\\router\\layer.js:95:5)\n    at next (C:\\Users\\emreg\\OneDrive\\Desktop\\Yolnetgo\\backend\\node_modules\\express\\lib\\router\\route.js:149:13)\n    at Route.dispatch (C:\\Users\\emreg\\OneDrive\\Desktop\\Yolnetgo\\backend\\node_modules\\express\\lib\\router\\route.js:119:3)\n    at Layer.handle [as handle_request] (C:\\Users\\emreg\\OneDrive\\Desktop\\Yolnetgo\\backend\\node_modules\\express\\lib\\router\\layer.js:95:5)\n    at C:\\Users\\emreg\\OneDrive\\Desktop\\Yolnetgo\\backend\\node_modules\\express\\lib\\router\\index.js:284:15\n    at Function.process_params (C:\\Users\\emreg\\OneDrive\\Desktop\\Yolnetgo\\backend\\node_modules\\express\\lib\\router\\index.js:346:12)\n    at next (C:\\Users\\emreg\\OneDrive\\Desktop\\Yolnetgo\\backend\\node_modules\\express\\lib\\router\\index.js:280:10)\n    at Function.handle (C:\\Users\\emreg\\OneDrive\\Desktop\\Yolnetgo\\backend\\node_modules\\express\\lib\\router\\index.js:175:3)","timestamp":"2025-10-13 12:44:07"}
{"level":"error","message":"Auth middleware error: jwt malformed","name":"JsonWebTokenError","service":"yolnet-backend","stack":"JsonWebTokenError: jwt malformed\n    at module.exports [as verify] (C:\\Users\\emreg\\OneDrive\\Desktop\\Yolnetgo\\backend\\node_modules\\jsonwebtoken\\verify.js:70:17)\n    at auth (C:\\Users\\emreg\\OneDrive\\Desktop\\Yolnetgo\\backend\\middleware\\auth.js:16:25)\n    at Layer.handle [as handle_request] (C:\\Users\\emreg\\OneDrive\\Desktop\\Yolnetgo\\backend\\node_modules\\express\\lib\\router\\layer.js:95:5)\n    at next (C:\\Users\\emreg\\OneDrive\\Desktop\\Yolnetgo\\backend\\node_modules\\express\\lib\\router\\route.js:149:13)\n    at Route.dispatch (C:\\Users\\emreg\\OneDrive\\Desktop\\Yolnetgo\\backend\\node_modules\\express\\lib\\router\\route.js:119:3)\n    at Layer.handle [as handle_request] (C:\\Users\\emreg\\OneDrive\\Desktop\\Yolnetgo\\backend\\node_modules\\express\\lib\\router\\layer.js:95:5)\n    at C:\\Users\\emreg\\OneDrive\\Desktop\\Yolnetgo\\backend\\node_modules\\express\\lib\\router\\index.js:284:15\n    at Function.process_params (C:\\Users\\emreg\\OneDrive\\Desktop\\Yolnetgo\\backend\\node_modules\\express\\lib\\router\\index.js:346:12)\n    at next (C:\\Users\\emreg\\OneDrive\\Desktop\\Yolnetgo\\backend\\node_modules\\express\\lib\\router\\index.js:280:10)\n    at Function.handle (C:\\Users\\emreg\\OneDrive\\Desktop\\Yolnetgo\\backend\\node_modules\\express\\lib\\router\\index.js:175:3)","timestamp":"2025-10-13 13:02:59"}
{"level":"error","message":"Auth middleware error: jwt malformed","name":"JsonWebTokenError","service":"yolnet-backend","stack":"JsonWebTokenError: jwt malformed\n    at module.exports [as verify] (C:\\Users\\emreg\\OneDrive\\Desktop\\Yolnetgo\\backend\\node_modules\\jsonwebtoken\\verify.js:70:17)\n    at auth (C:\\Users\\emreg\\OneDrive\\Desktop\\Yolnetgo\\backend\\middleware\\auth.js:16:25)\n    at Layer.handle [as handle_request] (C:\\Users\\emreg\\OneDrive\\Desktop\\Yolnetgo\\backend\\node_modules\\express\\lib\\router\\layer.js:95:5)\n    at next (C:\\Users\\emreg\\OneDrive\\Desktop\\Yolnetgo\\backend\\node_modules\\express\\lib\\router\\route.js:149:13)\n    at Route.dispatch (C:\\Users\\emreg\\OneDrive\\Desktop\\Yolnetgo\\backend\\node_modules\\express\\lib\\router\\route.js:119:3)\n    at Layer.handle [as handle_request] (C:\\Users\\emreg\\OneDrive\\Desktop\\Yolnetgo\\backend\\node_modules\\express\\lib\\router\\layer.js:95:5)\n    at C:\\Users\\emreg\\OneDrive\\Desktop\\Yolnetgo\\backend\\node_modules\\express\\lib\\router\\index.js:284:15\n    at Function.process_params (C:\\Users\\emreg\\OneDrive\\Desktop\\Yolnetgo\\backend\\node_modules\\express\\lib\\router\\index.js:346:12)\n    at next (C:\\Users\\emreg\\OneDrive\\Desktop\\Yolnetgo\\backend\\node_modules\\express\\lib\\router\\index.js:280:10)\n    at Function.handle (C:\\Users\\emreg\\OneDrive\\Desktop\\Yolnetgo\\backend\\node_modules\\express\\lib\\router\\index.js:175:3)","timestamp":"2025-10-13 13:02:59"}
{"level":"error","message":"Not Found - /api/users","service":"yolnet-backend","stack":"Error: Not Found - /api/users\n    at notFound (C:\\Users\\emreg\\OneDrive\\Desktop\\Yolnetgo\\backend\\middleware\\errorHandler.js:4:17)\n    at Layer.handle [as handle_request] (C:\\Users\\emreg\\OneDrive\\Desktop\\Yolnetgo\\backend\\node_modules\\express\\lib\\router\\layer.js:95:5)\n    at trim_prefix (C:\\Users\\emreg\\OneDrive\\Desktop\\Yolnetgo\\backend\\node_modules\\express\\lib\\router\\index.js:328:13)\n    at C:\\Users\\emreg\\OneDrive\\Desktop\\Yolnetgo\\backend\\node_modules\\express\\lib\\router\\index.js:286:9\n    at Function.process_params (C:\\Users\\emreg\\OneDrive\\Desktop\\Yolnetgo\\backend\\node_modules\\express\\lib\\router\\index.js:346:12)\n    at next (C:\\Users\\emreg\\OneDrive\\Desktop\\Yolnetgo\\backend\\node_modules\\express\\lib\\router\\index.js:280:10)\n    at C:\\Users\\emreg\\OneDrive\\Desktop\\Yolnetgo\\backend\\node_modules\\express\\lib\\router\\index.js:646:15\n    at next (C:\\Users\\emreg\\OneDrive\\Desktop\\Yolnetgo\\backend\\node_modules\\express\\lib\\router\\index.js:265:14)\n    at Function.handle (C:\\Users\\emreg\\OneDrive\\Desktop\\Yolnetgo\\backend\\node_modules\\express\\lib\\router\\index.js:175:3)\n    at router (C:\\Users\\emreg\\OneDrive\\Desktop\\Yolnetgo\\backend\\node_modules\\express\\lib\\router\\index.js:47:12)","status":404,"timestamp":"2025-10-13 13:02:59"}
{"level":"error","message":"Auth middleware error: jwt malformed","name":"JsonWebTokenError","service":"yolnet-backend","stack":"JsonWebTokenError: jwt malformed\n    at module.exports [as verify] (C:\\Users\\emreg\\OneDrive\\Desktop\\Yolnetgo\\backend\\node_modules\\jsonwebtoken\\verify.js:70:17)\n    at auth (C:\\Users\\emreg\\OneDrive\\Desktop\\Yolnetgo\\backend\\middleware\\auth.js:16:25)\n    at Layer.handle [as handle_request] (C:\\Users\\emreg\\OneDrive\\Desktop\\Yolnetgo\\backend\\node_modules\\express\\lib\\router\\layer.js:95:5)\n    at next (C:\\Users\\emreg\\OneDrive\\Desktop\\Yolnetgo\\backend\\node_modules\\express\\lib\\router\\route.js:149:13)\n    at Route.dispatch (C:\\Users\\emreg\\OneDrive\\Desktop\\Yolnetgo\\backend\\node_modules\\express\\lib\\router\\route.js:119:3)\n    at Layer.handle [as handle_request] (C:\\Users\\emreg\\OneDrive\\Desktop\\Yolnetgo\\backend\\node_modules\\express\\lib\\router\\layer.js:95:5)\n    at C:\\Users\\emreg\\OneDrive\\Desktop\\Yolnetgo\\backend\\node_modules\\express\\lib\\router\\index.js:284:15\n    at Function.process_params (C:\\Users\\emreg\\OneDrive\\Desktop\\Yolnetgo\\backend\\node_modules\\express\\lib\\router\\index.js:346:12)\n    at next (C:\\Users\\emreg\\OneDrive\\Desktop\\Yolnetgo\\backend\\node_modules\\express\\lib\\router\\index.js:280:10)\n    at Function.handle (C:\\Users\\emreg\\OneDrive\\Desktop\\Yolnetgo\\backend\\node_modules\\express\\lib\\router\\index.js:175:3)","timestamp":"2025-10-13 13:17:32"}
{"level":"error","message":"Auth middleware error: jwt malformed","name":"JsonWebTokenError","service":"yolnet-backend","stack":"JsonWebTokenError: jwt malformed\n    at module.exports [as verify] (C:\\Users\\emreg\\OneDrive\\Desktop\\Yolnetgo\\backend\\node_modules\\jsonwebtoken\\verify.js:70:17)\n    at auth (C:\\Users\\emreg\\OneDrive\\Desktop\\Yolnetgo\\backend\\middleware\\auth.js:16:25)\n    at Layer.handle [as handle_request] (C:\\Users\\emreg\\OneDrive\\Desktop\\Yolnetgo\\backend\\node_modules\\express\\lib\\router\\layer.js:95:5)\n    at next (C:\\Users\\emreg\\OneDrive\\Desktop\\Yolnetgo\\backend\\node_modules\\express\\lib\\router\\route.js:149:13)\n    at Route.dispatch (C:\\Users\\emreg\\OneDrive\\Desktop\\Yolnetgo\\backend\\node_modules\\express\\lib\\router\\route.js:119:3)\n    at Layer.handle [as handle_request] (C:\\Users\\emreg\\OneDrive\\Desktop\\Yolnetgo\\backend\\node_modules\\express\\lib\\router\\layer.js:95:5)\n    at C:\\Users\\emreg\\OneDrive\\Desktop\\Yolnetgo\\backend\\node_modules\\express\\lib\\router\\index.js:284:15\n    at Function.process_params (C:\\Users\\emreg\\OneDrive\\Desktop\\Yolnetgo\\backend\\node_modules\\express\\lib\\router\\index.js:346:12)\n    at next (C:\\Users\\emreg\\OneDrive\\Desktop\\Yolnetgo\\backend\\node_modules\\express\\lib\\router\\index.js:280:10)\n    at Function.handle (C:\\Users\\emreg\\OneDrive\\Desktop\\Yolnetgo\\backend\\node_modules\\express\\lib\\router\\index.js:175:3)","timestamp":"2025-10-13 13:17:32"}
{"level":"error","message":"Not Found - /api/users","service":"yolnet-backend","stack":"Error: Not Found - /api/users\n    at notFound (C:\\Users\\emreg\\OneDrive\\Desktop\\Yolnetgo\\backend\\middleware\\errorHandler.js:4:17)\n    at Layer.handle [as handle_request] (C:\\Users\\emreg\\OneDrive\\Desktop\\Yolnetgo\\backend\\node_modules\\express\\lib\\router\\layer.js:95:5)\n    at trim_prefix (C:\\Users\\emreg\\OneDrive\\Desktop\\Yolnetgo\\backend\\node_modules\\express\\lib\\router\\index.js:328:13)\n    at C:\\Users\\emreg\\OneDrive\\Desktop\\Yolnetgo\\backend\\node_modules\\express\\lib\\router\\index.js:286:9\n    at Function.process_params (C:\\Users\\emreg\\OneDrive\\Desktop\\Yolnetgo\\backend\\node_modules\\express\\lib\\router\\index.js:346:12)\n    at next (C:\\Users\\emreg\\OneDrive\\Desktop\\Yolnetgo\\backend\\node_modules\\express\\lib\\router\\index.js:280:10)\n    at C:\\Users\\emreg\\OneDrive\\Desktop\\Yolnetgo\\backend\\node_modules\\express\\lib\\router\\index.js:646:15\n    at next (C:\\Users\\emreg\\OneDrive\\Desktop\\Yolnetgo\\backend\\node_modules\\express\\lib\\router\\index.js:265:14)\n    at Function.handle (C:\\Users\\emreg\\OneDrive\\Desktop\\Yolnetgo\\backend\\node_modules\\express\\lib\\router\\index.js:175:3)\n    at router (C:\\Users\\emreg\\OneDrive\\Desktop\\Yolnetgo\\backend\\node_modules\\express\\lib\\router\\index.js:47:12)","status":404,"timestamp":"2025-10-13 13:17:32"}
